txn[1001], 00:26:30.965, select t0.id as c0, t0.name as c1, t0.folder as c2  from project t0 
txn[1001], 00:26:30.996, FindMany type[Project] origin[GZ9o4.BWY1YJ.Cf3TUa] exeMicros[30673] rows[9] name[] predicates[] bind[] 
txn[1002], 00:26:31.050, select t0.id as c0, t0.title as c1, t0.done as c2, t0.due_date as c3, t0.folder as c4, t0.project_id as c5  from task t0 
txn[1002], 00:26:31.056, FindMany type[Task] origin[B0B5of.BGCeS7.BNRK26] exeMicros[6216] rows[13] name[] predicates[] bind[] 
txn[1003], 00:26:31.063, select t0.id as c0, t0.name as c1, t0.folder as c2  from project t0  where t0.id = ?   
txn[1003], 00:26:31.066, FindMany mode[+lazy] type[Project] origin[B0B5of.BGCeS7.BNRK26] lazyLoadProp[name] load[path:project batch:1 actual:1] exeMicros[2826] rows[1] name[] predicates[t0.id = ?  ] bind[1] 
txn[1004], 00:26:31.090, select t0.id as c0, t0.name as c1, t0.folder as c2  from project t0  where t0.id = ?   
txn[1004], 00:26:31.091, FindMany mode[+lazy] type[Project] origin[B0B5of.BGCeS7.BNRK26] lazyLoadProp[name] load[path:project batch:1 actual:1] exeMicros[1835] rows[1] name[] predicates[t0.id = ?  ] bind[2] 
txn[1005], 00:26:31.116, select t0.id as c0, t0.name as c1, t0.folder as c2  from project t0  where t0.id = ?   
txn[1005], 00:26:31.117, FindMany mode[+lazy] type[Project] origin[B0B5of.BGCeS7.BNRK26] lazyLoadProp[name] load[path:project batch:1 actual:1] exeMicros[1551] rows[1] name[] predicates[t0.id = ?  ] bind[4] 
txn[1006], 00:26:31.147, select t0.id as c0, t0.name as c1, t0.folder as c2  from project t0  where t0.id = ?   
txn[1006], 00:26:31.149, FindMany mode[+lazy] type[Project] origin[B0B5of.BGCeS7.BNRK26] lazyLoadProp[name] load[path:project batch:1 actual:1] exeMicros[2400] rows[1] name[] predicates[t0.id = ?  ] bind[7] 
txn[1007], 00:26:31.181, select t0.id as c0, t0.name as c1, t0.folder as c2  from project t0  where t0.id = ?   
txn[1007], 00:26:31.184, FindMany mode[+lazy] type[Project] origin[B0B5of.BGCeS7.BNRK26] lazyLoadProp[name] load[path:project batch:1 actual:1] exeMicros[2633] rows[1] name[] predicates[t0.id = ?  ] bind[9] 
txn[1008], 00:26:36.574, select t0.id as c0, t0.title as c1, t0.done as c2, t0.due_date as c3, t0.folder as c4, t0.project_id as c5  from task t0  where t0.project_id = ?  
txn[1008], 00:26:36.576, FindMany type[Task] origin[Bm7UHS.BGCeS7.B7IdYF] exeMicros[1557] rows[1] name[] predicates[t0.project_id = ? ] bind[4] 
txn[1009], 00:26:38.641, select t0.id as c0, t0.title as c1, t0.done as c2, t0.due_date as c3, t0.folder as c4, t0.project_id as c5  from task t0  where t0.project_id = ?  
txn[1009], 00:26:38.642, FindMany type[Task] origin[Bm7UHS.BGCeS7.B7IdYF] exeMicros[989] rows[0] name[] predicates[t0.project_id = ? ] bind[5] 
txn[1010], 00:26:41.509, select t0.id as c0, t0.title as c1, t0.done as c2, t0.due_date as c3, t0.folder as c4, t0.project_id as c5  from task t0  where t0.project_id = ?  
txn[1010], 00:26:41.510, FindMany type[Task] origin[Bm7UHS.BGCeS7.B7IdYF] exeMicros[1399] rows[1] name[] predicates[t0.project_id = ? ] bind[7] 
txn[1011], 00:26:43.903, select t0.id as c0, t0.title as c1, t0.done as c2, t0.due_date as c3, t0.folder as c4, t0.project_id as c5  from task t0  where t0.project_id = ?  
txn[1011], 00:26:43.904, FindMany type[Task] origin[Bm7UHS.BGCeS7.B7IdYF] exeMicros[1533] rows[1] name[] predicates[t0.project_id = ? ] bind[4] 
txn[1012], 00:26:47.051, select t0.id as c0, t0.title as c1, t0.done as c2, t0.due_date as c3, t0.folder as c4, t0.project_id as c5  from task t0  where t0.project_id = ?  
txn[1012], 00:26:47.053, FindMany type[Task] origin[Bm7UHS.BGCeS7.B7IdYF] exeMicros[1966] rows[9] name[] predicates[t0.project_id = ? ] bind[1] 
txn[1013], 00:26:49.200, select t0.id as c0, t0.title as c1, t0.done as c2, t0.due_date as c3, t0.folder as c4, t0.project_id as c5  from task t0  where t0.project_id = ?  
txn[1013], 00:26:49.201, FindMany type[Task] origin[Bm7UHS.BGCeS7.B7IdYF] exeMicros[809] rows[1] name[] predicates[t0.project_id = ? ] bind[2] 
txn[1014], 00:26:50.815, select t0.id as c0, t0.title as c1, t0.done as c2, t0.due_date as c3, t0.folder as c4, t0.project_id as c5  from task t0  where t0.project_id = ?  
txn[1014], 00:26:50.816, FindMany type[Task] origin[Bm7UHS.BGCeS7.B7IdYF] exeMicros[437] rows[0] name[] predicates[t0.project_id = ? ] bind[3] 
txn[1015], 00:26:51.974, select t0.id as c0, t0.title as c1, t0.done as c2, t0.due_date as c3, t0.folder as c4, t0.project_id as c5  from task t0  where t0.project_id = ?  
txn[1015], 00:26:51.976, FindMany type[Task] origin[Bm7UHS.BGCeS7.B7IdYF] exeMicros[1371] rows[9] name[] predicates[t0.project_id = ? ] bind[1] 
txn[1016], 00:26:54.647, select t0.id as c0, t0.title as c1, t0.done as c2, t0.due_date as c3, t0.folder as c4, t0.project_id as c5  from task t0  where t0.project_id = ?  
txn[1016], 00:26:54.648, FindMany type[Task] origin[Bm7UHS.BGCeS7.B7IdYF] exeMicros[916] rows[1] name[] predicates[t0.project_id = ? ] bind[2] 
txn[1017], 00:26:55.879, select t0.id as c0, t0.title as c1, t0.done as c2, t0.due_date as c3, t0.folder as c4, t0.project_id as c5  from task t0  where t0.project_id = ?  
txn[1017], 00:26:55.880, FindMany type[Task] origin[Bm7UHS.BGCeS7.B7IdYF] exeMicros[1645] rows[9] name[] predicates[t0.project_id = ? ] bind[1] 
txn[1018], 00:26:57.677, select t0.id as c0, t0.title as c1, t0.done as c2, t0.due_date as c3, t0.folder as c4, t0.project_id as c5  from task t0  where t0.project_id = ?  
txn[1018], 00:26:57.678, FindMany type[Task] origin[Bm7UHS.BGCeS7.B7IdYF] exeMicros[846] rows[1] name[] predicates[t0.project_id = ? ] bind[2] 
txn[1019], 00:26:58.886, select t0.id as c0, t0.title as c1, t0.done as c2, t0.due_date as c3, t0.folder as c4, t0.project_id as c5  from task t0  where t0.project_id = ?  
txn[1019], 00:26:58.888, FindMany type[Task] origin[Bm7UHS.BGCeS7.B7IdYF] exeMicros[1736] rows[9] name[] predicates[t0.project_id = ? ] bind[1] 
txn[1020], 00:27:00.561, select t0.id as c0, t0.title as c1, t0.done as c2, t0.due_date as c3, t0.folder as c4, t0.project_id as c5  from task t0  where t0.project_id = ?  
txn[1020], 00:27:00.562, FindMany type[Task] origin[Bm7UHS.BGCeS7.B7IdYF] exeMicros[855] rows[1] name[] predicates[t0.project_id = ? ] bind[2] 
txn[1021], 00:27:02.301, select t0.id as c0, t0.title as c1, t0.done as c2, t0.due_date as c3, t0.folder as c4, t0.project_id as c5  from task t0  where t0.project_id = ?  
txn[1021], 00:27:02.301, FindMany type[Task] origin[Bm7UHS.BGCeS7.B7IdYF] exeMicros[549] rows[0] name[] predicates[t0.project_id = ? ] bind[3] 
txn[1022], 00:27:03.637, select t0.id as c0, t0.title as c1, t0.done as c2, t0.due_date as c3, t0.folder as c4, t0.project_id as c5  from task t0  where t0.project_id = ?  
txn[1022], 00:27:03.638, FindMany type[Task] origin[Bm7UHS.BGCeS7.B7IdYF] exeMicros[1566] rows[9] name[] predicates[t0.project_id = ? ] bind[1] 
txn[1023], 00:27:09.224, delete from task where id=? and title=? and done=? and due_date is null and folder=? and project_id=? 
txn[1023], 00:27:09.225, Binding Delete [task] where[id=1120, title=aaaaaa, done=true, dueDate=null, folder=Todo, project_id=1, ] 
txn[1023], 00:27:09.229, Deleted [Task] [1120] 
txn[1024], 00:27:10.020, delete from task where id=? and title=? and done=? and due_date is null and folder=? and project_id=? 
txn[1024], 00:27:10.020, Binding Delete [task] where[id=1122, title=fwemkflrgre, done=true, dueDate=null, folder=Todo, project_id=1, ] 
txn[1024], 00:27:10.021, Deleted [Task] [1122] 
txn[1025], 00:27:10.534, delete from task where id=? and title=? and done=? and due_date is null and folder=? and project_id=? 
txn[1025], 00:27:10.534, Binding Delete [task] where[id=1006, title=hhhllll, done=true, dueDate=null, folder=Todo, project_id=1, ] 
txn[1025], 00:27:10.535, Deleted [Task] [1006] 
txn[1026], 00:27:10.903, delete from task where id=? and title=? and done=? and due_date is null and folder=? and project_id=? 
txn[1026], 00:27:10.903, Binding Delete [task] where[id=1124, title=aaaaa, done=true, dueDate=null, folder=Todo, project_id=1, ] 
txn[1026], 00:27:10.904, Deleted [Task] [1124] 
txn[1027], 00:27:18.407, select t0.id as c0, t0.title as c1, t0.done as c2, t0.due_date as c3, t0.folder as c4, t0.project_id as c5  from task t0  where t0.project_id = ?  
txn[1027], 00:27:18.407, FindMany type[Task] origin[Bm7UHS.BGCeS7.B7IdYF] exeMicros[583] rows[0] name[] predicates[t0.project_id = ? ] bind[5] 
txn[1028], 00:27:20.548, select t0.id as c0, t0.title as c1, t0.done as c2, t0.due_date as c3, t0.folder as c4, t0.project_id as c5  from task t0  where t0.project_id = ?  
txn[1028], 00:27:20.549, FindMany type[Task] origin[Bm7UHS.BGCeS7.B7IdYF] exeMicros[971] rows[1] name[] predicates[t0.project_id = ? ] bind[4] 
txn[1029], 00:27:21.604, select t0.id as c0, t0.title as c1, t0.done as c2, t0.due_date as c3, t0.folder as c4, t0.project_id as c5  from task t0  where t0.project_id = ?  
txn[1029], 00:27:21.605, FindMany type[Task] origin[Bm7UHS.BGCeS7.B7IdYF] exeMicros[435] rows[0] name[] predicates[t0.project_id = ? ] bind[5] 
txn[1030], 00:27:25.419, select t0.id as c0, t0.title as c1, t0.done as c2, t0.due_date as c3, t0.folder as c4, t0.project_id as c5  from task t0  where t0.project_id = ?  
txn[1030], 00:27:25.420, FindMany type[Task] origin[Bm7UHS.BGCeS7.B7IdYF] exeMicros[770] rows[1] name[] predicates[t0.project_id = ? ] bind[4] 
txn[1031], 00:27:27.696, select t0.id as c0, t0.title as c1, t0.done as c2, t0.due_date as c3, t0.folder as c4, t0.project_id as c5  from task t0  where t0.project_id = ?  
txn[1031], 00:27:27.697, FindMany type[Task] origin[Bm7UHS.BGCeS7.B7IdYF] exeMicros[842] rows[1] name[] predicates[t0.project_id = ? ] bind[7] 
txn[1032], 00:27:31.226, select t0.id as c0, t0.title as c1, t0.done as c2, t0.due_date as c3, t0.folder as c4, t0.project_id as c5  from task t0  where t0.project_id = ?  
txn[1032], 00:27:31.226, FindMany type[Task] origin[Bm7UHS.BGCeS7.B7IdYF] exeMicros[468] rows[0] name[] predicates[t0.project_id = ? ] bind[5] 
txn[1033], 00:27:32.606, select t0.id as c0, t0.title as c1, t0.done as c2, t0.due_date as c3, t0.folder as c4, t0.project_id as c5  from task t0  where t0.project_id = ?  
txn[1033], 00:27:32.607, FindMany type[Task] origin[Bm7UHS.BGCeS7.B7IdYF] exeMicros[835] rows[1] name[] predicates[t0.project_id = ? ] bind[7] 
txn[1034], 00:27:35.434, select t0.id as c0, t0.title as c1, t0.done as c2, t0.due_date as c3, t0.folder as c4, t0.project_id as c5  from task t0  where t0.project_id = ?  
txn[1034], 00:27:35.434, FindMany type[Task] origin[Bm7UHS.BGCeS7.B7IdYF] exeMicros[488] rows[0] name[] predicates[t0.project_id = ? ] bind[5] 
txn[1035], 00:27:37.430, select t0.id as c0, t0.title as c1, t0.done as c2, t0.due_date as c3, t0.folder as c4, t0.project_id as c5  from task t0  where t0.project_id = ?  
txn[1035], 00:27:37.431, FindMany type[Task] origin[Bm7UHS.BGCeS7.B7IdYF] exeMicros[845] rows[1] name[] predicates[t0.project_id = ? ] bind[7] 
txn[1036], 00:27:42.100, select t0.id as c0, t0.title as c1, t0.done as c2, t0.due_date as c3, t0.folder as c4, t0.project_id as c5  from task t0  where t0.project_id = ?  
txn[1036], 00:27:42.100, FindMany type[Task] origin[Bm7UHS.BGCeS7.B7IdYF] exeMicros[795] rows[1] name[] predicates[t0.project_id = ? ] bind[4] 
txn[1037], 00:27:42.988, select t0.id as c0, t0.title as c1, t0.done as c2, t0.due_date as c3, t0.folder as c4, t0.project_id as c5  from task t0  where t0.project_id = ?  
txn[1037], 00:27:42.989, FindMany type[Task] origin[Bm7UHS.BGCeS7.B7IdYF] exeMicros[554] rows[0] name[] predicates[t0.project_id = ? ] bind[5] 
txn[1038], 00:27:51.251, select t0.id as c0, t0.name as c1, t0.folder as c2  from project t0 
txn[1038], 00:27:51.252, FindMany type[Project] origin[GZ9o4.BWY1YJ.tei1e] exeMicros[1368] rows[9] name[] predicates[] bind[] 
txn[1039], 00:27:51.286, select t0.id as c0, t0.title as c1, t0.done as c2, t0.due_date as c3, t0.folder as c4, t0.project_id as c5  from task t0 
txn[1039], 00:27:51.288, FindMany type[Task] origin[B0B5of.BGCeS7.BNRK26] exeMicros[2607] rows[9] name[] predicates[] bind[] 
txn[1040], 00:27:51.289, select t0.id as c0, t0.name as c1, t0.folder as c2  from project t0  where t0.id = ?   
txn[1040], 00:27:51.290, FindMany mode[+lazy] type[Project] origin[B0B5of.BGCeS7.BNRK26] lazyLoadProp[name] load[path:project batch:1 actual:1] exeMicros[538] rows[1] name[] predicates[t0.id = ?  ] bind[1] 
txn[1041], 00:27:51.301, select t0.id as c0, t0.name as c1, t0.folder as c2  from project t0  where t0.id = ?   
txn[1041], 00:27:51.301, FindMany mode[+lazy] type[Project] origin[B0B5of.BGCeS7.BNRK26] lazyLoadProp[name] load[path:project batch:1 actual:1] exeMicros[619] rows[1] name[] predicates[t0.id = ?  ] bind[2] 
txn[1042], 00:27:51.312, select t0.id as c0, t0.name as c1, t0.folder as c2  from project t0  where t0.id = ?   
txn[1042], 00:27:51.312, FindMany mode[+lazy] type[Project] origin[B0B5of.BGCeS7.BNRK26] lazyLoadProp[name] load[path:project batch:1 actual:1] exeMicros[620] rows[1] name[] predicates[t0.id = ?  ] bind[4] 
txn[1043], 00:27:51.337, select t0.id as c0, t0.name as c1, t0.folder as c2  from project t0  where t0.id = ?   
txn[1043], 00:27:51.337, FindMany mode[+lazy] type[Project] origin[B0B5of.BGCeS7.BNRK26] lazyLoadProp[name] load[path:project batch:1 actual:1] exeMicros[712] rows[1] name[] predicates[t0.id = ?  ] bind[7] 
txn[1044], 00:27:51.347, select t0.id as c0, t0.name as c1, t0.folder as c2  from project t0  where t0.id = ?   
txn[1044], 00:27:51.347, FindMany mode[+lazy] type[Project] origin[B0B5of.BGCeS7.BNRK26] lazyLoadProp[name] load[path:project batch:1 actual:1] exeMicros[673] rows[1] name[] predicates[t0.id = ?  ] bind[9] 
txn[1045], 00:27:55.471, select t0.id as c0, t0.title as c1, t0.done as c2, t0.due_date as c3, t0.folder as c4, t0.project_id as c5  from task t0  where t0.project_id = ?  
txn[1045], 00:27:55.472, FindMany type[Task] origin[Bm7UHS.BGCeS7.B7IdYF] exeMicros[1148] rows[5] name[] predicates[t0.project_id = ? ] bind[1] 
txn[1046], 00:27:56.780, select t0.id as c0, t0.title as c1, t0.done as c2, t0.due_date as c3, t0.folder as c4, t0.project_id as c5  from task t0  where t0.project_id = ?  
txn[1046], 00:27:56.781, FindMany type[Task] origin[Bm7UHS.BGCeS7.B7IdYF] exeMicros[856] rows[1] name[] predicates[t0.project_id = ? ] bind[2] 
txn[1047], 00:27:58.160, select t0.id as c0, t0.title as c1, t0.done as c2, t0.due_date as c3, t0.folder as c4, t0.project_id as c5  from task t0  where t0.project_id = ?  
txn[1047], 00:27:58.160, FindMany type[Task] origin[Bm7UHS.BGCeS7.B7IdYF] exeMicros[529] rows[0] name[] predicates[t0.project_id = ? ] bind[3] 
txn[1048], 00:27:59.205, select t0.id as c0, t0.title as c1, t0.done as c2, t0.due_date as c3, t0.folder as c4, t0.project_id as c5  from task t0  where t0.project_id = ?  
txn[1048], 00:27:59.206, FindMany type[Task] origin[Bm7UHS.BGCeS7.B7IdYF] exeMicros[991] rows[1] name[] predicates[t0.project_id = ? ] bind[2] 
txn[1049], 00:28:00.420, select t0.id as c0, t0.title as c1, t0.done as c2, t0.due_date as c3, t0.folder as c4, t0.project_id as c5  from task t0  where t0.project_id = ?  
txn[1049], 00:28:00.421, FindMany type[Task] origin[Bm7UHS.BGCeS7.B7IdYF] exeMicros[1129] rows[5] name[] predicates[t0.project_id = ? ] bind[1] 
txn[1001], 19:52:11.397, select t0.id as c0, t0.name as c1, t0.folder as c2  from project t0 
txn[1001], 19:52:11.427, FindMany type[Project] origin[GZ9o4.BWY1YJ.Cf3TUa] exeMicros[29639] rows[9] name[] predicates[] bind[] 
txn[1002], 19:52:11.480, select t0.id as c0, t0.title as c1, t0.done as c2, t0.due_date as c3, t0.folder as c4, t0.project_id as c5  from task t0 
txn[1002], 19:52:11.484, FindMany type[Task] origin[B0B5of.BGCeS7.BNRK26] exeMicros[4251] rows[11] name[] predicates[] bind[] 
txn[1003], 19:52:11.492, select t0.id as c0, t0.name as c1, t0.folder as c2  from project t0  where t0.id = ?   
txn[1003], 19:52:11.494, FindMany mode[+lazy] type[Project] origin[B0B5of.BGCeS7.BNRK26] lazyLoadProp[name] load[path:project batch:1 actual:1] exeMicros[2711] rows[1] name[] predicates[t0.id = ?  ] bind[1] 
txn[1004], 19:52:11.517, select t0.id as c0, t0.name as c1, t0.folder as c2  from project t0  where t0.id = ?   
txn[1004], 19:52:11.518, FindMany mode[+lazy] type[Project] origin[B0B5of.BGCeS7.BNRK26] lazyLoadProp[name] load[path:project batch:1 actual:1] exeMicros[1489] rows[1] name[] predicates[t0.id = ?  ] bind[2] 
txn[1005], 19:52:11.541, select t0.id as c0, t0.name as c1, t0.folder as c2  from project t0  where t0.id = ?   
txn[1005], 19:52:11.542, FindMany mode[+lazy] type[Project] origin[B0B5of.BGCeS7.BNRK26] lazyLoadProp[name] load[path:project batch:1 actual:1] exeMicros[1324] rows[1] name[] predicates[t0.id = ?  ] bind[4] 
txn[1006], 19:52:11.570, select t0.id as c0, t0.name as c1, t0.folder as c2  from project t0  where t0.id = ?   
txn[1006], 19:52:11.572, FindMany mode[+lazy] type[Project] origin[B0B5of.BGCeS7.BNRK26] lazyLoadProp[name] load[path:project batch:1 actual:1] exeMicros[1827] rows[1] name[] predicates[t0.id = ?  ] bind[7] 
txn[1007], 19:52:11.618, select t0.id as c0, t0.name as c1, t0.folder as c2  from project t0  where t0.id = ?   
txn[1007], 19:52:11.620, FindMany mode[+lazy] type[Project] origin[B0B5of.BGCeS7.BNRK26] lazyLoadProp[name] load[path:project batch:1 actual:1] exeMicros[1500] rows[1] name[] predicates[t0.id = ?  ] bind[9] 
txn[1008], 19:52:15.728, select t0.id as c0, t0.title as c1, t0.done as c2, t0.due_date as c3, t0.folder as c4, t0.project_id as c5  from task t0  where t0.project_id = ?  
txn[1008], 19:52:15.730, FindMany type[Task] origin[Bm7UHS.BGCeS7.B7IdYF] exeMicros[1836] rows[7] name[] predicates[t0.project_id = ? ] bind[1] 
txn[1009], 19:52:16.480, select t0.id as c0, t0.title as c1, t0.done as c2, t0.due_date as c3, t0.folder as c4, t0.project_id as c5  from task t0  where t0.project_id = ?  
txn[1009], 19:52:16.482, FindMany type[Task] origin[Bm7UHS.BGCeS7.B7IdYF] exeMicros[2131] rows[7] name[] predicates[t0.project_id = ? ] bind[1] 
txn[1010], 19:52:37.766, select t0.id as c0, t0.title as c1, t0.done as c2, t0.due_date as c3, t0.folder as c4, t0.project_id as c5  from task t0  where t0.project_id = ?  
txn[1010], 19:52:37.768, FindMany type[Task] origin[Bm7UHS.BGCeS7.B7IdYF] exeMicros[1425] rows[1] name[] predicates[t0.project_id = ? ] bind[2] 
txn[1011], 19:52:39.111, select t0.id as c0, t0.title as c1, t0.done as c2, t0.due_date as c3, t0.folder as c4, t0.project_id as c5  from task t0  where t0.project_id = ?  
txn[1011], 19:52:39.113, FindMany type[Task] origin[Bm7UHS.BGCeS7.B7IdYF] exeMicros[1834] rows[7] name[] predicates[t0.project_id = ? ] bind[1] 
txn[1012], 19:52:41.354, select t0.id as c0, t0.title as c1, t0.done as c2, t0.due_date as c3, t0.folder as c4, t0.project_id as c5  from task t0  where t0.project_id = ?  
txn[1012], 19:52:41.356, FindMany type[Task] origin[Bm7UHS.BGCeS7.B7IdYF] exeMicros[1454] rows[1] name[] predicates[t0.project_id = ? ] bind[2] 
txn[1013], 19:52:42.475, select t0.id as c0, t0.title as c1, t0.done as c2, t0.due_date as c3, t0.folder as c4, t0.project_id as c5  from task t0  where t0.project_id = ?  
txn[1013], 19:52:42.476, FindMany type[Task] origin[Bm7UHS.BGCeS7.B7IdYF] exeMicros[1178] rows[7] name[] predicates[t0.project_id = ? ] bind[1] 
txn[1014], 19:52:45.592, select t0.id as c0, t0.title as c1, t0.done as c2, t0.due_date as c3, t0.folder as c4, t0.project_id as c5  from task t0  where t0.project_id = ?  
txn[1014], 19:52:45.593, FindMany type[Task] origin[Bm7UHS.BGCeS7.B7IdYF] exeMicros[908] rows[1] name[] predicates[t0.project_id = ? ] bind[4] 
txn[1015], 19:52:46.961, select t0.id as c0, t0.title as c1, t0.done as c2, t0.due_date as c3, t0.folder as c4, t0.project_id as c5  from task t0  where t0.project_id = ?  
txn[1015], 19:52:46.963, FindMany type[Task] origin[Bm7UHS.BGCeS7.B7IdYF] exeMicros[1631] rows[7] name[] predicates[t0.project_id = ? ] bind[1] 
txn[1016], 19:52:56.117, update task set done=? where id=? and title=? and done=? and due_date is null and folder=? and project_id=? 
txn[1016], 19:52:56.118, Binding Update [task]  set[done=true, ] where[id=1121, title=fewfewfew, done=false, dueDate=null, folder=Todo, project_id=1, ] 
txn[1016], 19:52:56.124, Updated [Task] [1121] 
txn[1017], 19:52:56.128, update task set done=? where id=? and title=? and done=? and due_date is null and folder=? and project_id=? 
txn[1017], 19:52:56.129, Binding Update [task]  set[done=true, ] where[id=1140, title=ああああああ, done=false, dueDate=null, folder=Todo, project_id=1, ] 
txn[1017], 19:52:56.130, Updated [Task] [1140] 
txn[1018], 19:52:56.131, update task set done=? where id=? and title=? and done=? and due_date is null and folder=? and project_id=? 
txn[1018], 19:52:56.131, Binding Update [task]  set[done=true, ] where[id=1123, title=fewfew, done=false, dueDate=null, folder=Todo, project_id=1, ] 
txn[1018], 19:52:56.133, Updated [Task] [1123] 
txn[1019], 19:52:56.599, update task set done=? where id=? and title=? and done=? and due_date is null and folder=? and project_id=? 
txn[1019], 19:52:56.599, Binding Update [task]  set[done=false, ] where[id=1126, title=adwadsada, done=true, dueDate=null, folder=Todo, project_id=1, ] 
txn[1019], 19:52:56.600, Updated [Task] [1126] 
txn[1020], 19:52:56.601, update task set done=? where id=? and title=? and done=? and due_date is null and folder=? and project_id=? 
txn[1020], 19:52:56.601, Binding Update [task]  set[done=false, ] where[id=1121, title=fewfewfew, done=true, dueDate=null, folder=Todo, project_id=1, ] 
txn[1020], 19:52:56.602, Updated [Task] [1121] 
txn[1021], 19:52:56.603, update task set done=? where id=? and title=? and done=? and due_date is null and folder=? and project_id=? 
txn[1021], 19:52:56.603, Binding Update [task]  set[done=false, ] where[id=1125, title=fewfewfew, done=true, dueDate=null, folder=Todo, project_id=1, ] 
txn[1021], 19:52:56.603, Updated [Task] [1125] 
txn[1022], 19:52:56.604, update task set done=? where id=? and title=? and done=? and due_date is null and folder=? and project_id=? 
txn[1022], 19:52:56.604, Binding Update [task]  set[done=false, ] where[id=1140, title=ああああああ, done=true, dueDate=null, folder=Todo, project_id=1, ] 
txn[1022], 19:52:56.604, Updated [Task] [1140] 
txn[1023], 19:52:56.605, update task set done=? where id=? and title=? and done=? and due_date is null and folder=? and project_id=? 
txn[1023], 19:52:56.606, Binding Update [task]  set[done=false, ] where[id=1123, title=fewfew, done=true, dueDate=null, folder=Todo, project_id=1, ] 
txn[1023], 19:52:56.607, Updated [Task] [1123] 
txn[1024], 19:52:58.100, update task set done=? where id=? and title=? and done=? and due_date is null and folder=? and project_id=? 
txn[1024], 19:52:58.100, Binding Update [task]  set[done=true, ] where[id=1126, title=adwadsada, done=false, dueDate=null, folder=Todo, project_id=1, ] 
txn[1024], 19:52:58.101, Updated [Task] [1126] 
txn[1025], 19:52:58.902, update task set done=? where id=? and title=? and done=? and due_date is null and folder=? and project_id=? 
txn[1025], 19:52:58.902, Binding Update [task]  set[done=true, ] where[id=1121, title=fewfewfew, done=false, dueDate=null, folder=Todo, project_id=1, ] 
txn[1025], 19:52:58.903, Updated [Task] [1121] 
txn[1026], 19:52:59.884, update task set done=? where id=? and title=? and done=? and due_date is null and folder=? and project_id=? 
txn[1026], 19:52:59.884, Binding Update [task]  set[done=true, ] where[id=1125, title=fewfewfew, done=false, dueDate=null, folder=Todo, project_id=1, ] 
txn[1026], 19:52:59.885, Updated [Task] [1125] 
txn[1027], 19:53:03.051, update task set done=? where id=? and title=? and done=? and due_date is null and folder=? and project_id=? 
txn[1027], 19:53:03.051, Binding Update [task]  set[done=true, ] where[id=1140, title=ああああああ, done=false, dueDate=null, folder=Todo, project_id=1, ] 
txn[1027], 19:53:03.052, Updated [Task] [1140] 
txn[1028], 19:53:04.806, update task set done=? where id=? and title=? and done=? and due_date is null and folder=? and project_id=? 
txn[1028], 19:53:04.806, Binding Update [task]  set[done=false, ] where[id=1125, title=fewfewfew, done=true, dueDate=null, folder=Todo, project_id=1, ] 
txn[1028], 19:53:04.807, Updated [Task] [1125] 
txn[1029], 19:53:17.050, select t0.id as c0, t0.title as c1, t0.done as c2, t0.due_date as c3, t0.folder as c4, t0.project_id as c5  from task t0  where t0.project_id = ?  
txn[1029], 19:53:17.051, FindMany type[Task] origin[Bm7UHS.BGCeS7.B7IdYF] exeMicros[525] rows[0] name[] predicates[t0.project_id = ? ] bind[3] 
txn[1030], 19:53:18.041, select t0.id as c0, t0.title as c1, t0.done as c2, t0.due_date as c3, t0.folder as c4, t0.project_id as c5  from task t0  where t0.project_id = ?  
txn[1030], 19:53:18.042, FindMany type[Task] origin[Bm7UHS.BGCeS7.B7IdYF] exeMicros[834] rows[1] name[] predicates[t0.project_id = ? ] bind[2] 
txn[1031], 19:53:19.560, select t0.id as c0, t0.title as c1, t0.done as c2, t0.due_date as c3, t0.folder as c4, t0.project_id as c5  from task t0  where t0.project_id = ?  
txn[1031], 19:53:19.560, FindMany type[Task] origin[Bm7UHS.BGCeS7.B7IdYF] exeMicros[779] rows[1] name[] predicates[t0.project_id = ? ] bind[4] 
txn[1032], 19:53:20.982, select t0.id as c0, t0.title as c1, t0.done as c2, t0.due_date as c3, t0.folder as c4, t0.project_id as c5  from task t0  where t0.project_id = ?  
txn[1032], 19:53:20.983, FindMany type[Task] origin[Bm7UHS.BGCeS7.B7IdYF] exeMicros[519] rows[0] name[] predicates[t0.project_id = ? ] bind[5] 
txn[1033], 19:53:22.047, select t0.id as c0, t0.title as c1, t0.done as c2, t0.due_date as c3, t0.folder as c4, t0.project_id as c5  from task t0  where t0.project_id = ?  
txn[1033], 19:53:22.049, FindMany type[Task] origin[Bm7UHS.BGCeS7.B7IdYF] exeMicros[1609] rows[7] name[] predicates[t0.project_id = ? ] bind[1] 
txn[1034], 19:53:32.677, update task set done=? where id=? and title=? and done=? and due_date is null and folder=? and project_id=? 
txn[1034], 19:53:32.677, Binding Update [task]  set[done=true, ] where[id=1123, title=fewfew, done=false, dueDate=null, folder=Todo, project_id=1, ] 
txn[1034], 19:53:32.677, Updated [Task] [1123] 
