txn[1001], 22:14:37.210, select t0.id as c0, t0.name as c1, t0.folder as c2  from project t0 
txn[1001], 22:14:37.241, FindMany type[Project] origin[GZ9o4.BWY1YJ.Cf3TUa] exeMicros[30927] rows[8] name[] predicates[] bind[] 
txn[1002], 22:14:37.288, select t0.id as c0, t0.title as c1, t0.done as c2, t0.due_date as c3, t0.folder as c4, t0.project_id as c5  from task t0 
txn[1002], 22:14:37.293, FindMany type[Task] origin[B0B5of.BGCeS7.BNRK26] exeMicros[5085] rows[10] name[] predicates[] bind[] 
txn[1003], 22:14:37.306, select t0.id as c0, t0.name as c1, t0.folder as c2  from project t0  where t0.id = ?   
txn[1003], 22:14:37.309, FindMany mode[+lazy] type[Project] origin[B0B5of.BGCeS7.BNRK26] lazyLoadProp[name] load[path:project batch:1 actual:1] exeMicros[3152] rows[1] name[] predicates[t0.id = ?  ] bind[1] 
txn[1004], 22:14:37.334, select t0.id as c0, t0.name as c1, t0.folder as c2  from project t0  where t0.id = ?   
txn[1004], 22:14:37.337, FindMany mode[+lazy] type[Project] origin[B0B5of.BGCeS7.BNRK26] lazyLoadProp[name] load[path:project batch:1 actual:1] exeMicros[3067] rows[1] name[] predicates[t0.id = ?  ] bind[2] 
txn[1005], 22:14:37.373, select t0.id as c0, t0.name as c1, t0.folder as c2  from project t0  where t0.id = ?   
txn[1005], 22:14:37.416, FindMany mode[+lazy] type[Project] origin[B0B5of.BGCeS7.BNRK26] lazyLoadProp[name] load[path:project batch:1 actual:1] exeMicros[42726] rows[1] name[] predicates[t0.id = ?  ] bind[7] 
txn[1006], 22:14:37.474, select t0.id as c0, t0.name as c1, t0.folder as c2  from project t0  where t0.id = ?   
txn[1006], 22:14:37.485, FindMany mode[+lazy] type[Project] origin[B0B5of.BGCeS7.BNRK26] lazyLoadProp[name] load[path:project batch:1 actual:1] exeMicros[10754] rows[1] name[] predicates[t0.id = ?  ] bind[9] 
txn[1007], 22:14:41.120, select t0.id as c0, t0.title as c1, t0.done as c2, t0.due_date as c3, t0.folder as c4, t0.project_id as c5  from task t0  where t0.project_id = ?  
txn[1007], 22:14:41.122, FindMany type[Task] origin[Bm7UHS.BGCeS7.B7IdYF] exeMicros[2421] rows[7] name[] predicates[t0.project_id = ? ] bind[1] 
txn[1008], 22:14:49.301, delete from task where id=? and title=? and done=? and due_date is null and folder=? and project_id=? 
txn[1008], 22:14:49.301, Binding Delete [task] where[id=1126, title=adwadsada, done=true, dueDate=null, folder=Todo, project_id=1, ] 
txn[1008], 22:14:49.307, Deleted [Task] [1126] 
txn[1009], 22:15:45.441, select t0.id as c0, t0.title as c1, t0.done as c2, t0.due_date as c3, t0.folder as c4, t0.project_id as c5  from task t0  where t0.project_id = ?  
txn[1009], 22:15:45.443, FindMany type[Task] origin[Bm7UHS.BGCeS7.B7IdYF] exeMicros[1911] rows[1] name[] predicates[t0.project_id = ? ] bind[2] 
txn[1010], 22:15:46.911, select t0.id as c0, t0.title as c1, t0.done as c2, t0.due_date as c3, t0.folder as c4, t0.project_id as c5  from task t0  where t0.project_id = ?  
txn[1010], 22:15:46.913, FindMany type[Task] origin[Bm7UHS.BGCeS7.B7IdYF] exeMicros[1846] rows[6] name[] predicates[t0.project_id = ? ] bind[1] 
txn[1011], 22:15:48.221, select t0.id as c0, t0.title as c1, t0.done as c2, t0.due_date as c3, t0.folder as c4, t0.project_id as c5  from task t0  where t0.project_id = ?  
txn[1011], 22:15:48.222, FindMany type[Task] origin[Bm7UHS.BGCeS7.B7IdYF] exeMicros[1248] rows[0] name[] predicates[t0.project_id = ? ] bind[3] 
txn[1012], 22:15:49.315, select t0.id as c0, t0.title as c1, t0.done as c2, t0.due_date as c3, t0.folder as c4, t0.project_id as c5  from task t0  where t0.project_id = ?  
txn[1012], 22:15:49.317, FindMany type[Task] origin[Bm7UHS.BGCeS7.B7IdYF] exeMicros[1846] rows[6] name[] predicates[t0.project_id = ? ] bind[1] 
txn[1013], 22:15:50.739, select t0.id as c0, t0.title as c1, t0.done as c2, t0.due_date as c3, t0.folder as c4, t0.project_id as c5  from task t0  where t0.project_id = ?  
txn[1013], 22:15:50.739, FindMany type[Task] origin[Bm7UHS.BGCeS7.B7IdYF] exeMicros[682] rows[0] name[] predicates[t0.project_id = ? ] bind[3] 
txn[1014], 22:15:53.175, select t0.id as c0, t0.title as c1, t0.done as c2, t0.due_date as c3, t0.folder as c4, t0.project_id as c5  from task t0  where t0.project_id = ?  
txn[1014], 22:15:53.177, FindMany type[Task] origin[Bm7UHS.BGCeS7.B7IdYF] exeMicros[1260] rows[6] name[] predicates[t0.project_id = ? ] bind[1] 
txn[1015], 22:16:13.492, select t0.id as c0, t0.title as c1, t0.done as c2, t0.due_date as c3, t0.folder as c4, t0.project_id as c5  from task t0  where t0.project_id = ?  
txn[1015], 22:16:13.493, FindMany type[Task] origin[Bm7UHS.BGCeS7.B7IdYF] exeMicros[777] rows[1] name[] predicates[t0.project_id = ? ] bind[9] 
txn[1016], 22:16:14.965, select t0.id as c0, t0.title as c1, t0.done as c2, t0.due_date as c3, t0.folder as c4, t0.project_id as c5  from task t0  where t0.project_id = ?  
txn[1016], 22:16:14.965, FindMany type[Task] origin[Bm7UHS.BGCeS7.B7IdYF] exeMicros[501] rows[0] name[] predicates[t0.project_id = ? ] bind[10] 
txn[1017], 22:16:16.252, select t0.id as c0, t0.title as c1, t0.done as c2, t0.due_date as c3, t0.folder as c4, t0.project_id as c5  from task t0  where t0.project_id = ?  
txn[1017], 22:16:16.252, FindMany type[Task] origin[Bm7UHS.BGCeS7.B7IdYF] exeMicros[488] rows[0] name[] predicates[t0.project_id = ? ] bind[11] 
txn[1018], 22:16:17.291, select t0.id as c0, t0.title as c1, t0.done as c2, t0.due_date as c3, t0.folder as c4, t0.project_id as c5  from task t0  where t0.project_id = ?  
txn[1018], 22:16:17.292, FindMany type[Task] origin[Bm7UHS.BGCeS7.B7IdYF] exeMicros[554] rows[0] name[] predicates[t0.project_id = ? ] bind[10] 
txn[1019], 22:16:18.178, select t0.id as c0, t0.title as c1, t0.done as c2, t0.due_date as c3, t0.folder as c4, t0.project_id as c5  from task t0  where t0.project_id = ?  
txn[1019], 22:16:18.179, FindMany type[Task] origin[Bm7UHS.BGCeS7.B7IdYF] exeMicros[756] rows[1] name[] predicates[t0.project_id = ? ] bind[9] 
txn[1020], 22:16:25.787, select t0.id as c0, t0.title as c1, t0.done as c2, t0.due_date as c3, t0.folder as c4, t0.project_id as c5  from task t0  where t0.project_id = ?  
txn[1020], 22:16:25.788, FindMany type[Task] origin[Bm7UHS.BGCeS7.B7IdYF] exeMicros[1258] rows[6] name[] predicates[t0.project_id = ? ] bind[1] 
txn[1001], 22:16:55.526, select t0.id as c0, t0.name as c1, t0.folder as c2  from project t0 
txn[1001], 22:16:55.555, FindMany type[Project] origin[GZ9o4.BWY1YJ.Cf3TUa] exeMicros[29065] rows[8] name[] predicates[] bind[] 
txn[1002], 22:16:55.601, select t0.id as c0, t0.title as c1, t0.done as c2, t0.due_date as c3, t0.folder as c4, t0.project_id as c5  from task t0 
txn[1002], 22:16:55.608, FindMany type[Task] origin[B0B5of.BGCeS7.BNRK26] exeMicros[6646] rows[9] name[] predicates[] bind[] 
txn[1003], 22:16:55.615, select t0.id as c0, t0.name as c1, t0.folder as c2  from project t0  where t0.id = ?   
txn[1003], 22:16:55.618, FindMany mode[+lazy] type[Project] origin[B0B5of.BGCeS7.BNRK26] lazyLoadProp[name] load[path:project batch:1 actual:1] exeMicros[2681] rows[1] name[] predicates[t0.id = ?  ] bind[1] 
txn[1004], 22:16:55.643, select t0.id as c0, t0.name as c1, t0.folder as c2  from project t0  where t0.id = ?   
txn[1004], 22:16:55.649, FindMany mode[+lazy] type[Project] origin[B0B5of.BGCeS7.BNRK26] lazyLoadProp[name] load[path:project batch:1 actual:1] exeMicros[6588] rows[1] name[] predicates[t0.id = ?  ] bind[2] 
txn[1005], 22:16:55.677, select t0.id as c0, t0.name as c1, t0.folder as c2  from project t0  where t0.id = ?   
txn[1005], 22:16:55.681, FindMany mode[+lazy] type[Project] origin[B0B5of.BGCeS7.BNRK26] lazyLoadProp[name] load[path:project batch:1 actual:1] exeMicros[3720] rows[1] name[] predicates[t0.id = ?  ] bind[7] 
txn[1006], 22:16:55.714, select t0.id as c0, t0.name as c1, t0.folder as c2  from project t0  where t0.id = ?   
txn[1006], 22:16:55.715, FindMany mode[+lazy] type[Project] origin[B0B5of.BGCeS7.BNRK26] lazyLoadProp[name] load[path:project batch:1 actual:1] exeMicros[1558] rows[1] name[] predicates[t0.id = ?  ] bind[9] 
txn[1007], 22:16:59.287, select t0.id as c0, t0.title as c1, t0.done as c2, t0.due_date as c3, t0.folder as c4, t0.project_id as c5  from task t0  where t0.project_id = ?  
txn[1007], 22:16:59.289, FindMany type[Task] origin[Bm7UHS.BGCeS7.B7IdYF] exeMicros[1773] rows[6] name[] predicates[t0.project_id = ? ] bind[1] 
txn[1008], 22:17:02.490, select t0.id as c0, t0.title as c1, t0.done as c2, t0.due_date as c3, t0.folder as c4, t0.project_id as c5  from task t0  where t0.project_id = ?  
txn[1008], 22:17:02.492, FindMany type[Task] origin[Bm7UHS.BGCeS7.B7IdYF] exeMicros[1624] rows[1] name[] predicates[t0.project_id = ? ] bind[2] 
txn[1009], 22:17:03.699, select t0.id as c0, t0.title as c1, t0.done as c2, t0.due_date as c3, t0.folder as c4, t0.project_id as c5  from task t0  where t0.project_id = ?  
txn[1009], 22:17:03.700, FindMany type[Task] origin[Bm7UHS.BGCeS7.B7IdYF] exeMicros[1200] rows[0] name[] predicates[t0.project_id = ? ] bind[3] 
txn[1010], 22:17:04.864, select t0.id as c0, t0.title as c1, t0.done as c2, t0.due_date as c3, t0.folder as c4, t0.project_id as c5  from task t0  where t0.project_id = ?  
txn[1010], 22:17:04.865, FindMany type[Task] origin[Bm7UHS.BGCeS7.B7IdYF] exeMicros[1673] rows[6] name[] predicates[t0.project_id = ? ] bind[1] 
txn[1011], 22:17:10.539, update task set done=? where id=? and title=? and done=? and due_date is null and folder=? and project_id=? 
txn[1011], 22:17:10.540, Binding Update [task]  set[done=true, ] where[id=1141, title=ああああいい, done=false, dueDate=null, folder=Next, project_id=1, ] 
txn[1011], 22:17:10.545, Updated [Task] [1141] 
txn[1012], 22:17:13.751, update task set done=? where id=? and title=? and done=? and due_date is null and folder=? and project_id=? 
txn[1012], 22:17:13.751, Binding Update [task]  set[done=false, ] where[id=1141, title=ああああいい, done=true, dueDate=null, folder=Next, project_id=1, ] 
txn[1012], 22:17:13.753, Updated [Task] [1141] 
txn[1013], 22:17:14.279, update task set done=? where id=? and title=? and done=? and due_date is null and folder=? and project_id=? 
txn[1013], 22:17:14.279, Binding Update [task]  set[done=true, ] where[id=1141, title=ああああいい, done=false, dueDate=null, folder=Next, project_id=1, ] 
txn[1013], 22:17:14.281, Updated [Task] [1141] 
txn[1014], 22:17:19.551, delete from task where id=? and title=? and done=? and due_date is null and folder=? and project_id=? 
txn[1014], 22:17:19.551, Binding Delete [task] where[id=1121, title=fewfewfew, done=true, dueDate=null, folder=Todo, project_id=1, ] 
txn[1014], 22:17:19.552, Deleted [Task] [1121] 
txn[1015], 22:17:32.676, select t0.id as c0, t0.title as c1, t0.done as c2, t0.due_date as c3, t0.folder as c4, t0.project_id as c5  from task t0  where t0.project_id = ?  
txn[1015], 22:17:32.677, FindMany type[Task] origin[Bm7UHS.BGCeS7.B7IdYF] exeMicros[1308] rows[0] name[] predicates[t0.project_id = ? ] bind[5] 
txn[1016], 22:17:34.102, select t0.id as c0, t0.title as c1, t0.done as c2, t0.due_date as c3, t0.folder as c4, t0.project_id as c5  from task t0  where t0.project_id = ?  
txn[1016], 22:17:34.103, FindMany type[Task] origin[Bm7UHS.BGCeS7.B7IdYF] exeMicros[900] rows[1] name[] predicates[t0.project_id = ? ] bind[2] 
txn[1017], 22:17:35.195, select t0.id as c0, t0.title as c1, t0.done as c2, t0.due_date as c3, t0.folder as c4, t0.project_id as c5  from task t0  where t0.project_id = ?  
txn[1017], 22:17:35.196, FindMany type[Task] origin[Bm7UHS.BGCeS7.B7IdYF] exeMicros[1297] rows[5] name[] predicates[t0.project_id = ? ] bind[1] 
txn[1018], 22:17:40.995, select t0.id as c0, t0.title as c1, t0.done as c2, t0.due_date as c3, t0.folder as c4, t0.project_id as c5  from task t0  where t0.project_id = ?  
txn[1018], 22:17:40.996, FindMany type[Task] origin[Bm7UHS.BGCeS7.B7IdYF] exeMicros[925] rows[1] name[] predicates[t0.project_id = ? ] bind[2] 
txn[1019], 22:17:42.048, select t0.id as c0, t0.title as c1, t0.done as c2, t0.due_date as c3, t0.folder as c4, t0.project_id as c5  from task t0  where t0.project_id = ?  
txn[1019], 22:17:42.049, FindMany type[Task] origin[Bm7UHS.BGCeS7.B7IdYF] exeMicros[1231] rows[5] name[] predicates[t0.project_id = ? ] bind[1] 
txn[1020], 22:17:52.315, select t0.id as c0, t0.title as c1, t0.done as c2, t0.due_date as c3, t0.folder as c4, t0.project_id as c5  from task t0  where t0.project_id = ?  
txn[1020], 22:17:52.316, FindMany type[Task] origin[Bm7UHS.BGCeS7.B7IdYF] exeMicros[824] rows[1] name[] predicates[t0.project_id = ? ] bind[2] 
txn[1021], 22:17:53.394, select t0.id as c0, t0.title as c1, t0.done as c2, t0.due_date as c3, t0.folder as c4, t0.project_id as c5  from task t0  where t0.project_id = ?  
txn[1021], 22:17:53.395, FindMany type[Task] origin[Bm7UHS.BGCeS7.B7IdYF] exeMicros[1187] rows[5] name[] predicates[t0.project_id = ? ] bind[1] 
txn[1022], 22:18:31.008, select t0.id as c0, t0.title as c1, t0.done as c2, t0.due_date as c3, t0.folder as c4, t0.project_id as c5  from task t0  where t0.project_id = ?  
txn[1022], 22:18:31.009, FindMany type[Task] origin[Bm7UHS.BGCeS7.B7IdYF] exeMicros[1155] rows[1] name[] predicates[t0.project_id = ? ] bind[2] 
txn[1023], 22:18:32.356, select t0.id as c0, t0.title as c1, t0.done as c2, t0.due_date as c3, t0.folder as c4, t0.project_id as c5  from task t0  where t0.project_id = ?  
txn[1023], 22:18:32.357, FindMany type[Task] origin[Bm7UHS.BGCeS7.B7IdYF] exeMicros[1199] rows[5] name[] predicates[t0.project_id = ? ] bind[1] 
txn[1024], 22:18:52.336, select t0.id as c0, t0.title as c1, t0.done as c2, t0.due_date as c3, t0.folder as c4, t0.project_id as c5  from task t0  where t0.project_id = ?  
txn[1024], 22:18:52.338, FindMany type[Task] origin[Bm7UHS.BGCeS7.B7IdYF] exeMicros[1213] rows[5] name[] predicates[t0.project_id = ? ] bind[1] 
txn[1025], 22:18:53.582, select t0.id as c0, t0.title as c1, t0.done as c2, t0.due_date as c3, t0.folder as c4, t0.project_id as c5  from task t0  where t0.project_id = ?  
txn[1025], 22:18:53.583, FindMany type[Task] origin[Bm7UHS.BGCeS7.B7IdYF] exeMicros[796] rows[1] name[] predicates[t0.project_id = ? ] bind[2] 
txn[1026], 22:18:54.768, select t0.id as c0, t0.title as c1, t0.done as c2, t0.due_date as c3, t0.folder as c4, t0.project_id as c5  from task t0  where t0.project_id = ?  
txn[1026], 22:18:54.769, FindMany type[Task] origin[Bm7UHS.BGCeS7.B7IdYF] exeMicros[1197] rows[5] name[] predicates[t0.project_id = ? ] bind[1] 
txn[1027], 22:18:57.718, select t0.id as c0, t0.title as c1, t0.done as c2, t0.due_date as c3, t0.folder as c4, t0.project_id as c5  from task t0  where t0.project_id = ?  
txn[1027], 22:18:57.719, FindMany type[Task] origin[Bm7UHS.BGCeS7.B7IdYF] exeMicros[800] rows[1] name[] predicates[t0.project_id = ? ] bind[2] 
txn[1028], 22:18:58.636, select t0.id as c0, t0.title as c1, t0.done as c2, t0.due_date as c3, t0.folder as c4, t0.project_id as c5  from task t0  where t0.project_id = ?  
txn[1028], 22:18:58.637, FindMany type[Task] origin[Bm7UHS.BGCeS7.B7IdYF] exeMicros[1140] rows[5] name[] predicates[t0.project_id = ? ] bind[1] 
txn[1029], 22:19:06.934, select t0.id as c0, t0.title as c1, t0.done as c2, t0.due_date as c3, t0.folder as c4, t0.project_id as c5  from task t0  where t0.project_id = ?  
txn[1029], 22:19:06.935, FindMany type[Task] origin[Bm7UHS.BGCeS7.B7IdYF] exeMicros[1938] rows[1] name[] predicates[t0.project_id = ? ] bind[2] 
txn[1030], 22:19:07.925, select t0.id as c0, t0.title as c1, t0.done as c2, t0.due_date as c3, t0.folder as c4, t0.project_id as c5  from task t0  where t0.project_id = ?  
txn[1030], 22:19:07.926, FindMany type[Task] origin[Bm7UHS.BGCeS7.B7IdYF] exeMicros[1180] rows[5] name[] predicates[t0.project_id = ? ] bind[1] 
txn[1031], 22:19:18.156, update task set done=? where id=? and title=? and done=? and due_date is null and folder=? and project_id=? 
txn[1031], 22:19:18.156, Binding Update [task]  set[done=true, ] where[id=1142, title=うううう, done=false, dueDate=null, folder=Next, project_id=1, ] 
txn[1031], 22:19:18.158, Updated [Task] [1142] 
txn[1032], 22:19:18.798, update task set done=? where id=? and title=? and done=? and due_date is null and folder=? and project_id=? 
txn[1032], 22:19:18.799, Binding Update [task]  set[done=false, ] where[id=1142, title=うううう, done=true, dueDate=null, folder=Next, project_id=1, ] 
txn[1032], 22:19:18.800, Updated [Task] [1142] 
txn[1033], 22:19:18.802, update task set done=? where id=? and title=? and done=? and due_date is null and folder=? and project_id=? 
txn[1033], 22:19:18.803, Binding Update [task]  set[done=false, ] where[id=1141, title=ああああいい, done=true, dueDate=null, folder=Next, project_id=1, ] 
txn[1033], 22:19:18.803, Updated [Task] [1141] 
txn[1034], 22:19:19.465, update task set done=? where id=? and title=? and done=? and due_date is null and folder=? and project_id=? 
txn[1034], 22:19:19.465, Binding Update [task]  set[done=true, ] where[id=1142, title=うううう, done=false, dueDate=null, folder=Next, project_id=1, ] 
txn[1034], 22:19:19.465, Updated [Task] [1142] 
txn[1035], 22:19:19.467, update task set done=? where id=? and title=? and done=? and due_date is null and folder=? and project_id=? 
txn[1035], 22:19:19.469, Binding Update [task]  set[done=true, ] where[id=1141, title=ああああいい, done=false, dueDate=null, folder=Next, project_id=1, ] 
txn[1035], 22:19:19.469, Updated [Task] [1141] 
txn[1036], 22:19:20.890, update task set done=? where id=? and title=? and done=? and due_date is null and folder=? and project_id=? 
txn[1036], 22:19:20.890, Binding Update [task]  set[done=false, ] where[id=1142, title=うううう, done=true, dueDate=null, folder=Next, project_id=1, ] 
txn[1036], 22:19:20.891, Updated [Task] [1142] 
txn[1037], 22:35:46.597, insert into task (id, title, done, due_date, folder, project_id) values (?,?,?,?,?,?) 
txn[1037], 22:35:46.598, Binding Insert [task]  set[id=1160, title=aaaa, done=false, dueDate=null, folder=Next, project_id=1, ] 
txn[1037], 22:35:46.602, Inserted [Task] [1160] 
txn[1001], 22:39:52.120, select t0.id as c0, t0.name as c1, t0.folder as c2  from project t0 
txn[1001], 22:39:52.148, FindMany type[Project] origin[GZ9o4.BWY1YJ.Cf4qmO] exeMicros[27425] rows[8] name[] predicates[] bind[] 
txn[1002], 22:39:52.185, select t0.id as c0, t0.title as c1, t0.done as c2, t0.due_date as c3, t0.folder as c4, t0.project_id as c5  from task t0 
txn[1002], 22:39:52.189, FindMany type[Task] origin[B0B5of.BGCeS7.BNRK26] exeMicros[3960] rows[9] name[] predicates[] bind[] 
txn[1003], 22:39:52.195, select t0.id as c0, t0.name as c1, t0.folder as c2  from project t0  where t0.id = ?   
txn[1003], 22:39:52.198, FindMany mode[+lazy] type[Project] origin[B0B5of.BGCeS7.BNRK26] lazyLoadProp[name] load[path:project batch:1 actual:1] exeMicros[2604] rows[1] name[] predicates[t0.id = ?  ] bind[1] 
txn[1004], 22:39:52.221, select t0.id as c0, t0.name as c1, t0.folder as c2  from project t0  where t0.id = ?   
txn[1004], 22:39:52.222, FindMany mode[+lazy] type[Project] origin[B0B5of.BGCeS7.BNRK26] lazyLoadProp[name] load[path:project batch:1 actual:1] exeMicros[1359] rows[1] name[] predicates[t0.id = ?  ] bind[2] 
txn[1005], 22:39:52.242, select t0.id as c0, t0.name as c1, t0.folder as c2  from project t0  where t0.id = ?   
txn[1005], 22:39:52.243, FindMany mode[+lazy] type[Project] origin[B0B5of.BGCeS7.BNRK26] lazyLoadProp[name] load[path:project batch:1 actual:1] exeMicros[1362] rows[1] name[] predicates[t0.id = ?  ] bind[7] 
txn[1006], 22:39:52.266, select t0.id as c0, t0.name as c1, t0.folder as c2  from project t0  where t0.id = ?   
txn[1006], 22:39:52.268, FindMany mode[+lazy] type[Project] origin[B0B5of.BGCeS7.BNRK26] lazyLoadProp[name] load[path:project batch:1 actual:1] exeMicros[1349] rows[1] name[] predicates[t0.id = ?  ] bind[9] 
txn[1007], 22:39:56.295, select t0.id as c0, t0.title as c1, t0.done as c2, t0.due_date as c3, t0.folder as c4, t0.project_id as c5  from task t0  where t0.project_id = ?  
txn[1007], 22:39:56.297, FindMany type[Task] origin[Bm7UHS.BGCeS7.B7IzMu] exeMicros[2087] rows[6] name[] predicates[t0.project_id = ? ] bind[1] 
txn[1008], 22:40:12.676, insert into task (id, title, done, due_date, folder, project_id) values (?,?,?,?,?,?) 
txn[1008], 22:40:12.676, Binding Insert [task]  set[id=1180, title=ewfewfmekwfew, done=false, dueDate=null, folder=New Folder, project_id=1, ] 
txn[1008], 22:40:12.679, Inserted [Task] [1180] 
txn[1009], 22:40:15.450, insert into task (id, title, done, due_date, folder, project_id) values (?,?,?,?,?,?) 
txn[1009], 22:40:15.450, Binding Insert [task]  set[id=1181, title=def,;ewfew, done=false, dueDate=null, folder=New Folder, project_id=1, ] 
txn[1009], 22:40:15.451, Inserted [Task] [1181] 
txn[1010], 22:40:20.452, update task set title=?, done=?, folder=?, project_id=? where id=? 
txn[1010], 22:40:20.453, Binding Update [task]  set[title=ewfewfmekwfew, done=true, folder=New Folder, project_id=1, ] where[id=1180, ] 
txn[1010], 22:40:20.454, Updated [Task] [1180] 
txn[1011], 22:40:20.456, update task set title=?, done=?, folder=?, project_id=? where id=? 
txn[1011], 22:40:20.456, Binding Update [task]  set[title=def,;ewfew, done=true, folder=New Folder, project_id=1, ] where[id=1181, ] 
txn[1011], 22:40:20.457, Updated [Task] [1181] 
txn[1012], 22:40:25.053, delete from task where id=? 
txn[1012], 22:40:25.053, Binding Delete [task] where[id=1180, ] 
txn[1012], 22:40:25.054, Deleted [Task] [1180] 
txn[1013], 22:40:25.056, delete from task where id=? 
txn[1013], 22:40:25.056, Binding Delete [task] where[id=1181, ] 
txn[1013], 22:40:25.056, Deleted [Task] [1181] 
txn[1014], 22:40:27.550, select t0.id as c0, t0.title as c1, t0.done as c2, t0.due_date as c3, t0.folder as c4, t0.project_id as c5  from task t0  where t0.project_id = ?  
txn[1014], 22:40:27.552, FindMany type[Task] origin[Bm7UHS.BGCeS7.B7IzMu] exeMicros[1823] rows[6] name[] predicates[t0.project_id = ? ] bind[1] 
txn[1015], 22:40:29.689, select t0.id as c0, t0.title as c1, t0.done as c2, t0.due_date as c3, t0.folder as c4, t0.project_id as c5  from task t0  where t0.project_id = ?  
txn[1015], 22:40:29.690, FindMany type[Task] origin[Bm7UHS.BGCeS7.B7IzMu] exeMicros[1709] rows[6] name[] predicates[t0.project_id = ? ] bind[1] 
txn[1001], 22:42:14.734, select t0.id as c0, t0.name as c1, t0.folder as c2  from project t0 
txn[1001], 22:42:14.760, FindMany type[Project] origin[GZ9o4.BWY1YJ.Cf4qmO] exeMicros[25752] rows[8] name[] predicates[] bind[] 
txn[1002], 22:42:14.796, select t0.id as c0, t0.title as c1, t0.done as c2, t0.due_date as c3, t0.folder as c4, t0.project_id as c5  from task t0 
txn[1002], 22:42:14.800, FindMany type[Task] origin[B0B5of.BGCeS7.BNRK26] exeMicros[4076] rows[9] name[] predicates[] bind[] 
txn[1003], 22:42:14.808, select t0.id as c0, t0.name as c1, t0.folder as c2  from project t0  where t0.id = ?   
txn[1003], 22:42:14.810, FindMany mode[+lazy] type[Project] origin[B0B5of.BGCeS7.BNRK26] lazyLoadProp[name] load[path:project batch:1 actual:1] exeMicros[2371] rows[1] name[] predicates[t0.id = ?  ] bind[1] 
txn[1004], 22:42:14.832, select t0.id as c0, t0.name as c1, t0.folder as c2  from project t0  where t0.id = ?   
txn[1004], 22:42:14.834, FindMany mode[+lazy] type[Project] origin[B0B5of.BGCeS7.BNRK26] lazyLoadProp[name] load[path:project batch:1 actual:1] exeMicros[1416] rows[1] name[] predicates[t0.id = ?  ] bind[2] 
txn[1005], 22:42:14.858, select t0.id as c0, t0.name as c1, t0.folder as c2  from project t0  where t0.id = ?   
txn[1005], 22:42:14.859, FindMany mode[+lazy] type[Project] origin[B0B5of.BGCeS7.BNRK26] lazyLoadProp[name] load[path:project batch:1 actual:1] exeMicros[1518] rows[1] name[] predicates[t0.id = ?  ] bind[7] 
txn[1006], 22:42:14.885, select t0.id as c0, t0.name as c1, t0.folder as c2  from project t0  where t0.id = ?   
txn[1006], 22:42:14.887, FindMany mode[+lazy] type[Project] origin[B0B5of.BGCeS7.BNRK26] lazyLoadProp[name] load[path:project batch:1 actual:1] exeMicros[1380] rows[1] name[] predicates[t0.id = ?  ] bind[9] 
txn[1007], 22:42:18.193, select t0.id as c0, t0.title as c1, t0.done as c2, t0.due_date as c3, t0.folder as c4, t0.project_id as c5  from task t0  where t0.project_id = ?  
txn[1007], 22:42:18.195, FindMany type[Task] origin[Bm7UHS.BGCeS7.B7IzMu] exeMicros[2217] rows[6] name[] predicates[t0.project_id = ? ] bind[1] 
txn[1008], 22:42:23.361, insert into task (id, title, done, due_date, folder, project_id) values (?,?,?,?,?,?) 
txn[1008], 22:42:23.361, Binding Insert [task]  set[id=1200, title=ewfewfew, done=false, dueDate=null, folder=New Folder, project_id=1, ] 
txn[1008], 22:42:23.366, Inserted [Task] [1200] 
txn[1009], 22:42:26.174, delete from task where id=? 
txn[1009], 22:42:26.175, Binding Delete [task] where[id=1200, ] 
txn[1009], 22:42:26.175, Deleted [Task] [1200] 
txn[1010], 22:42:29.639, insert into task (id, title, done, due_date, folder, project_id) values (?,?,?,?,?,?) 
txn[1010], 22:42:29.639, Binding Insert [task]  set[id=1201, title=dewdwqdwq, done=false, dueDate=null, folder=New Folder, project_id=1, ] 
txn[1010], 22:42:29.640, Inserted [Task] [1201] 
txn[1011], 22:42:31.411, select t0.id as c0, t0.title as c1, t0.done as c2, t0.due_date as c3, t0.folder as c4, t0.project_id as c5  from task t0  where t0.project_id = ?  
txn[1011], 22:42:31.413, FindMany type[Task] origin[Bm7UHS.BGCeS7.B7IzMu] exeMicros[1078] rows[0] name[] predicates[t0.project_id = ? ] bind[3] 
txn[1012], 22:42:32.344, select t0.id as c0, t0.title as c1, t0.done as c2, t0.due_date as c3, t0.folder as c4, t0.project_id as c5  from task t0  where t0.project_id = ?  
txn[1012], 22:42:32.346, FindMany type[Task] origin[Bm7UHS.BGCeS7.B7IzMu] exeMicros[2033] rows[7] name[] predicates[t0.project_id = ? ] bind[1] 
txn[1013], 22:42:48.264, delete from task where id=? and title=? and done=? and due_date is null and folder=? and project_id=? 
txn[1013], 22:42:48.264, Binding Delete [task] where[id=1201, title=dewdwqdwq, done=false, dueDate=null, folder=New Folder, project_id=1, ] 
txn[1013], 22:42:48.266, Deleted [Task] [1201] 
txn[1001], 22:43:35.417, select t0.id as c0, t0.name as c1, t0.folder as c2  from project t0 
txn[1001], 22:43:35.444, FindMany type[Project] origin[GZ9o4.BWY1YJ.Cf4qmO] exeMicros[26406] rows[8] name[] predicates[] bind[] 
txn[1002], 22:43:35.485, select t0.id as c0, t0.title as c1, t0.done as c2, t0.due_date as c3, t0.folder as c4, t0.project_id as c5  from task t0 
txn[1002], 22:43:35.489, FindMany type[Task] origin[B0B5of.BGCeS7.BNRK26] exeMicros[4008] rows[9] name[] predicates[] bind[] 
txn[1003], 22:43:35.497, select t0.id as c0, t0.name as c1, t0.folder as c2  from project t0  where t0.id = ?   
txn[1003], 22:43:35.500, FindMany mode[+lazy] type[Project] origin[B0B5of.BGCeS7.BNRK26] lazyLoadProp[name] load[path:project batch:1 actual:1] exeMicros[2707] rows[1] name[] predicates[t0.id = ?  ] bind[1] 
txn[1004], 22:43:35.521, select t0.id as c0, t0.name as c1, t0.folder as c2  from project t0  where t0.id = ?   
txn[1004], 22:43:35.523, FindMany mode[+lazy] type[Project] origin[B0B5of.BGCeS7.BNRK26] lazyLoadProp[name] load[path:project batch:1 actual:1] exeMicros[1430] rows[1] name[] predicates[t0.id = ?  ] bind[2] 
txn[1005], 22:43:35.548, select t0.id as c0, t0.name as c1, t0.folder as c2  from project t0  where t0.id = ?   
txn[1005], 22:43:35.549, FindMany mode[+lazy] type[Project] origin[B0B5of.BGCeS7.BNRK26] lazyLoadProp[name] load[path:project batch:1 actual:1] exeMicros[1298] rows[1] name[] predicates[t0.id = ?  ] bind[7] 
txn[1006], 22:43:35.574, select t0.id as c0, t0.name as c1, t0.folder as c2  from project t0  where t0.id = ?   
txn[1006], 22:43:35.577, FindMany mode[+lazy] type[Project] origin[B0B5of.BGCeS7.BNRK26] lazyLoadProp[name] load[path:project batch:1 actual:1] exeMicros[2929] rows[1] name[] predicates[t0.id = ?  ] bind[9] 
txn[1007], 22:43:42.296, select t0.id as c0, t0.title as c1, t0.done as c2, t0.due_date as c3, t0.folder as c4, t0.project_id as c5  from task t0  where t0.project_id = ?  
txn[1007], 22:43:42.298, FindMany type[Task] origin[Bm7UHS.BGCeS7.B7IzMu] exeMicros[1936] rows[6] name[] predicates[t0.project_id = ? ] bind[1] 
txn[1008], 22:51:24.150, insert into task (id, title, done, due_date, folder, project_id) values (?,?,?,?,?,?) 
txn[1008], 22:51:24.150, Binding Insert [task]  set[id=1220, title=aafewfeaaa, done=false, dueDate=null, folder=New Folder, project_id=1, ] 
txn[1008], 22:51:24.153, Inserted [Task] [1220] 
txn[1009], 22:52:00.784, update task set title=?, done=?, folder=?, project_id=? where id=? 
txn[1009], 22:52:00.785, Binding Update [task]  set[title=aafewfeaaa, done=true, folder=New Folder, project_id=1, ] where[id=1220, ] 
txn[1009], 22:52:00.786, Updated [Task] [1220] 
txn[1010], 22:52:02.523, update task set title=?, done=?, folder=?, project_id=? where id=? 
txn[1010], 22:52:02.523, Binding Update [task]  set[title=aafewfeaaa, done=false, folder=New Folder, project_id=1, ] where[id=1220, ] 
txn[1010], 22:52:02.524, Updated [Task] [1220] 
txn[1011], 22:52:03.058, update task set title=?, done=?, folder=?, project_id=? where id=? 
txn[1011], 22:52:03.058, Binding Update [task]  set[title=aafewfeaaa, done=true, folder=New Folder, project_id=1, ] where[id=1220, ] 
txn[1011], 22:52:03.059, Updated [Task] [1220] 
txn[1012], 22:52:03.810, update task set title=?, done=?, folder=?, project_id=? where id=? 
txn[1012], 22:52:03.810, Binding Update [task]  set[title=aafewfeaaa, done=false, folder=New Folder, project_id=1, ] where[id=1220, ] 
txn[1012], 22:52:03.811, Updated [Task] [1220] 
txn[1013], 22:52:09.035, insert into task (id, title, done, due_date, folder, project_id) values (?,?,?,?,?,?) 
txn[1013], 22:52:09.035, Binding Insert [task]  set[id=1221, title=paafewfoemwfew, done=false, dueDate=null, folder=New Folder, project_id=1, ] 
txn[1013], 22:52:09.036, Inserted [Task] [1221] 
txn[1014], 22:52:11.280, update task set title=?, done=?, folder=?, project_id=? where id=? 
txn[1014], 22:52:11.280, Binding Update [task]  set[title=aafewfeaaa, done=true, folder=New Folder, project_id=1, ] where[id=1220, ] 
txn[1014], 22:52:11.281, Updated [Task] [1220] 
txn[1001], 23:01:25.852, select t0.id as c0, t0.name as c1, t0.folder as c2  from project t0 
txn[1001], 23:01:25.878, FindMany type[Project] origin[GZ9o4.BWY1YJ.Cf5O9p] exeMicros[25575] rows[8] name[] predicates[] bind[] 
txn[1002], 23:01:25.919, select t0.id as c0, t0.title as c1, t0.done as c2, t0.due_date as c3, t0.folder as c4, t0.project_id as c5  from task t0 
txn[1002], 23:01:25.924, FindMany type[Task] origin[B0B5of.BGCeS7.BNRK26] exeMicros[4790] rows[11] name[] predicates[] bind[] 
txn[1003], 23:01:25.930, select t0.id as c0, t0.name as c1, t0.folder as c2  from project t0  where t0.id = ?   
txn[1003], 23:01:25.932, FindMany mode[+lazy] type[Project] origin[B0B5of.BGCeS7.BNRK26] lazyLoadProp[name] load[path:project batch:1 actual:1] exeMicros[2168] rows[1] name[] predicates[t0.id = ?  ] bind[1] 
txn[1004], 23:01:25.958, select t0.id as c0, t0.name as c1, t0.folder as c2  from project t0  where t0.id = ?   
txn[1004], 23:01:25.961, FindMany mode[+lazy] type[Project] origin[B0B5of.BGCeS7.BNRK26] lazyLoadProp[name] load[path:project batch:1 actual:1] exeMicros[2878] rows[1] name[] predicates[t0.id = ?  ] bind[2] 
txn[1005], 23:01:25.985, select t0.id as c0, t0.name as c1, t0.folder as c2  from project t0  where t0.id = ?   
txn[1005], 23:01:25.987, FindMany mode[+lazy] type[Project] origin[B0B5of.BGCeS7.BNRK26] lazyLoadProp[name] load[path:project batch:1 actual:1] exeMicros[1361] rows[1] name[] predicates[t0.id = ?  ] bind[7] 
txn[1006], 23:01:26.014, select t0.id as c0, t0.name as c1, t0.folder as c2  from project t0  where t0.id = ?   
txn[1006], 23:01:26.015, FindMany mode[+lazy] type[Project] origin[B0B5of.BGCeS7.BNRK26] lazyLoadProp[name] load[path:project batch:1 actual:1] exeMicros[1363] rows[1] name[] predicates[t0.id = ?  ] bind[9] 
txn[1007], 23:01:30.186, select t0.id as c0, t0.title as c1, t0.done as c2, t0.due_date as c3, t0.folder as c4, t0.project_id as c5  from task t0  where t0.project_id = ?  
txn[1007], 23:01:30.189, FindMany type[Task] origin[Bm7UHS.BGCeS7.B7IzMz] exeMicros[2961] rows[8] name[] predicates[t0.project_id = ? ] bind[1] 
txn[1008], 23:01:37.668, delete from task where folder = ? and project_id = ? 
txn[1008], 23:01:37.672, DeleteSql table[task] rows[3] bind[Todo, 1, ] 
txn[1009], 23:01:46.889, insert into task (id, title, done, due_date, folder, project_id) values (?,?,?,?,?,?) 
txn[1009], 23:01:46.889, Binding Insert [task]  set[id=1240, title=Ping, done=false, dueDate=null, folder=New Folder, project_id=1, ] 
txn[1009], 23:01:46.891, Inserted [Task] [1240] 
txn[1010], 23:01:49.139, update task set title=?, done=?, folder=?, project_id=? where id=? 
txn[1010], 23:01:49.140, Binding Update [task]  set[title=Ping, done=true, folder=New Folder, project_id=1, ] where[id=1240, ] 
txn[1010], 23:01:49.141, Updated [Task] [1240] 
txn[1011], 23:01:51.271, delete from task where id=? 
txn[1011], 23:01:51.271, Binding Delete [task] where[id=1240, ] 
txn[1011], 23:01:51.272, Deleted [Task] [1240] 
txn[1012], 23:01:54.962, select t0.id as c0, t0.title as c1, t0.done as c2, t0.due_date as c3, t0.folder as c4, t0.project_id as c5  from task t0  where t0.project_id = ?  
txn[1012], 23:01:54.965, FindMany type[Task] origin[Bm7UHS.BGCeS7.B7IzMz] exeMicros[2273] rows[5] name[] predicates[t0.project_id = ? ] bind[1] 
txn[1013], 23:02:07.574, insert into task (id, title, done, due_date, folder, project_id) values (?,?,?,?,?,?) 
txn[1013], 23:02:07.575, Binding Insert [task]  set[id=1241, title=PingPingPingPingPingPing, done=false, dueDate=null, folder=New Folder, project_id=1, ] 
txn[1013], 23:02:07.576, Inserted [Task] [1241] 
txn[1014], 23:02:10.689, update task set title=?, done=?, folder=?, project_id=? where id=? 
txn[1014], 23:02:10.690, Binding Update [task]  set[title=PingPingPingPingPingPing, done=true, folder=New Folder, project_id=1, ] where[id=1241, ] 
txn[1014], 23:02:10.691, Updated [Task] [1241] 
txn[1015], 23:02:13.603, select t0.id as c0, t0.title as c1, t0.done as c2, t0.due_date as c3, t0.folder as c4, t0.project_id as c5  from task t0  where t0.project_id = ?  
txn[1015], 23:02:13.605, FindMany type[Task] origin[Bm7UHS.BGCeS7.B7IzMz] exeMicros[1632] rows[1] name[] predicates[t0.project_id = ? ] bind[2] 
txn[1016], 23:02:14.616, select t0.id as c0, t0.title as c1, t0.done as c2, t0.due_date as c3, t0.folder as c4, t0.project_id as c5  from task t0  where t0.project_id = ?  
txn[1016], 23:02:14.618, FindMany type[Task] origin[Bm7UHS.BGCeS7.B7IzMz] exeMicros[2005] rows[6] name[] predicates[t0.project_id = ? ] bind[1] 
txn[1017], 23:02:17.187, select t0.id as c0, t0.title as c1, t0.done as c2, t0.due_date as c3, t0.folder as c4, t0.project_id as c5  from task t0  where t0.project_id = ?  
txn[1017], 23:02:17.189, FindMany type[Task] origin[Bm7UHS.BGCeS7.B7IzMz] exeMicros[2207] rows[6] name[] predicates[t0.project_id = ? ] bind[1] 
txn[1018], 23:02:18.067, select t0.id as c0, t0.title as c1, t0.done as c2, t0.due_date as c3, t0.folder as c4, t0.project_id as c5  from task t0  where t0.project_id = ?  
txn[1018], 23:02:18.068, FindMany type[Task] origin[Bm7UHS.BGCeS7.B7IzMz] exeMicros[758] rows[1] name[] predicates[t0.project_id = ? ] bind[2] 
txn[1019], 23:02:19.066, select t0.id as c0, t0.title as c1, t0.done as c2, t0.due_date as c3, t0.folder as c4, t0.project_id as c5  from task t0  where t0.project_id = ?  
txn[1019], 23:02:19.068, FindMany type[Task] origin[Bm7UHS.BGCeS7.B7IzMz] exeMicros[1270] rows[6] name[] predicates[t0.project_id = ? ] bind[1] 
txn[1020], 23:02:27.150, insert into task (id, title, done, due_date, folder, project_id) values (?,?,?,?,?,?) 
txn[1020], 23:02:27.150, Binding Insert [task]  set[id=1242, title=dqdwqdwq, done=false, dueDate=null, folder=New Folder, project_id=1, ] 
txn[1020], 23:02:27.151, Inserted [Task] [1242] 
txn[1021], 23:02:28.596, update task set title=?, done=?, folder=?, project_id=? where id=? 
txn[1021], 23:02:28.596, Binding Update [task]  set[title=dqdwqdwq, done=true, folder=New Folder, project_id=1, ] where[id=1242, ] 
txn[1021], 23:02:28.597, Updated [Task] [1242] 
txn[1022], 23:02:32.591, update task set title=?, done=?, folder=?, project_id=? where id=? 
txn[1022], 23:02:32.591, Binding Update [task]  set[title=dqdwqdwq, done=false, folder=New Folder, project_id=1, ] where[id=1242, ] 
txn[1022], 23:02:32.593, Updated [Task] [1242] 
txn[1023], 23:02:33.483, update task set title=?, done=?, folder=?, project_id=? where id=? 
txn[1023], 23:02:33.483, Binding Update [task]  set[title=dqdwqdwq, done=true, folder=New Folder, project_id=1, ] where[id=1242, ] 
txn[1023], 23:02:33.485, Updated [Task] [1242] 
txn[1024], 23:02:38.252, delete from task where folder = ? and project_id = ? 
txn[1024], 23:02:38.253, DeleteSql table[task] rows[4] bind[New Folder, 1, ] 
txn[1025], 23:02:40.023, select t0.id as c0, t0.title as c1, t0.done as c2, t0.due_date as c3, t0.folder as c4, t0.project_id as c5  from task t0  where t0.project_id = ?  
txn[1025], 23:02:40.024, FindMany type[Task] origin[Bm7UHS.BGCeS7.B7IzMz] exeMicros[968] rows[3] name[] predicates[t0.project_id = ? ] bind[1] 
txn[1026], 23:02:42.003, select t0.id as c0, t0.title as c1, t0.done as c2, t0.due_date as c3, t0.folder as c4, t0.project_id as c5  from task t0  where t0.project_id = ?  
txn[1026], 23:02:42.004, FindMany type[Task] origin[Bm7UHS.BGCeS7.B7IzMz] exeMicros[928] rows[1] name[] predicates[t0.project_id = ? ] bind[2] 
txn[1027], 23:02:43.136, select t0.id as c0, t0.title as c1, t0.done as c2, t0.due_date as c3, t0.folder as c4, t0.project_id as c5  from task t0  where t0.project_id = ?  
txn[1027], 23:02:43.137, FindMany type[Task] origin[Bm7UHS.BGCeS7.B7IzMz] exeMicros[921] rows[3] name[] predicates[t0.project_id = ? ] bind[1] 
txn[1028], 23:02:45.785, select t0.id as c0, t0.title as c1, t0.done as c2, t0.due_date as c3, t0.folder as c4, t0.project_id as c5  from task t0  where t0.project_id = ?  
txn[1028], 23:02:45.787, FindMany type[Task] origin[Bm7UHS.BGCeS7.B7IzMz] exeMicros[1001] rows[1] name[] predicates[t0.project_id = ? ] bind[2] 
txn[1029], 23:02:47.028, select t0.id as c0, t0.title as c1, t0.done as c2, t0.due_date as c3, t0.folder as c4, t0.project_id as c5  from task t0  where t0.project_id = ?  
txn[1029], 23:02:47.029, FindMany type[Task] origin[Bm7UHS.BGCeS7.B7IzMz] exeMicros[890] rows[3] name[] predicates[t0.project_id = ? ] bind[1] 
txn[1030], 23:02:51.670, insert into task (id, title, done, due_date, folder, project_id) values (?,?,?,?,?,?) 
txn[1030], 23:02:51.670, Binding Insert [task]  set[id=1243, title=dewd;efewfew, done=false, dueDate=null, folder=New Folder, project_id=1, ] 
txn[1030], 23:02:51.671, Inserted [Task] [1243] 
txn[1031], 23:02:58.206, select t0.id as c0, t0.title as c1, t0.done as c2, t0.due_date as c3, t0.folder as c4, t0.project_id as c5  from task t0  where t0.project_id = ?  
txn[1031], 23:02:58.207, FindMany type[Task] origin[Bm7UHS.BGCeS7.B7IzMz] exeMicros[800] rows[1] name[] predicates[t0.project_id = ? ] bind[2] 
txn[1032], 23:02:59.247, select t0.id as c0, t0.title as c1, t0.done as c2, t0.due_date as c3, t0.folder as c4, t0.project_id as c5  from task t0  where t0.project_id = ?  
txn[1032], 23:02:59.248, FindMany type[Task] origin[Bm7UHS.BGCeS7.B7IzMz] exeMicros[1012] rows[4] name[] predicates[t0.project_id = ? ] bind[1] 
txn[1033], 23:03:01.981, select t0.id as c0, t0.title as c1, t0.done as c2, t0.due_date as c3, t0.folder as c4, t0.project_id as c5  from task t0  where t0.project_id = ?  
txn[1033], 23:03:01.982, FindMany type[Task] origin[Bm7UHS.BGCeS7.B7IzMz] exeMicros[914] rows[1] name[] predicates[t0.project_id = ? ] bind[2] 
txn[1034], 23:03:02.764, select t0.id as c0, t0.title as c1, t0.done as c2, t0.due_date as c3, t0.folder as c4, t0.project_id as c5  from task t0  where t0.project_id = ?  
txn[1034], 23:03:02.765, FindMany type[Task] origin[Bm7UHS.BGCeS7.B7IzMz] exeMicros[1035] rows[4] name[] predicates[t0.project_id = ? ] bind[1] 
txn[1035], 23:03:11.509, insert into task (id, title, done, due_date, folder, project_id) values (?,?,?,?,?,?) 
txn[1035], 23:03:11.509, Binding Insert [task]  set[id=1244, title=PingPingPingPingPing, done=false, dueDate=null, folder=New Folder, project_id=1, ] 
txn[1035], 23:03:11.511, Inserted [Task] [1244] 
txn[1036], 23:03:20.026, select t0.id as c0, t0.title as c1, t0.done as c2, t0.due_date as c3, t0.folder as c4, t0.project_id as c5  from task t0  where t0.project_id = ?  
txn[1036], 23:03:20.028, FindMany type[Task] origin[Bm7UHS.BGCeS7.B7IzMz] exeMicros[1777] rows[5] name[] predicates[t0.project_id = ? ] bind[1] 
txn[1037], 23:03:21.636, select t0.id as c0, t0.title as c1, t0.done as c2, t0.due_date as c3, t0.folder as c4, t0.project_id as c5  from task t0  where t0.project_id = ?  
txn[1037], 23:03:21.637, FindMany type[Task] origin[Bm7UHS.BGCeS7.B7IzMz] exeMicros[761] rows[1] name[] predicates[t0.project_id = ? ] bind[2] 
txn[1038], 23:03:22.486, select t0.id as c0, t0.title as c1, t0.done as c2, t0.due_date as c3, t0.folder as c4, t0.project_id as c5  from task t0  where t0.project_id = ?  
txn[1038], 23:03:22.488, FindMany type[Task] origin[Bm7UHS.BGCeS7.B7IzMz] exeMicros[1278] rows[5] name[] predicates[t0.project_id = ? ] bind[1] 
txn[1039], 23:03:29.634, delete from task where folder = ? and project_id = ? 
txn[1039], 23:03:29.637, DeleteSql table[task] rows[2] bind[New Folder, 1, ] 
txn[1040], 23:03:40.873, select t0.id as c0, t0.title as c1, t0.done as c2, t0.due_date as c3, t0.folder as c4, t0.project_id as c5  from task t0  where t0.project_id = ?  
txn[1040], 23:03:40.874, FindMany type[Task] origin[Bm7UHS.BGCeS7.B7IzMz] exeMicros[1027] rows[3] name[] predicates[t0.project_id = ? ] bind[1] 
txn[1041], 23:03:42.164, select t0.id as c0, t0.title as c1, t0.done as c2, t0.due_date as c3, t0.folder as c4, t0.project_id as c5  from task t0  where t0.project_id = ?  
txn[1041], 23:03:42.165, FindMany type[Task] origin[Bm7UHS.BGCeS7.B7IzMz] exeMicros[790] rows[1] name[] predicates[t0.project_id = ? ] bind[2] 
txn[1042], 23:03:42.788, select t0.id as c0, t0.title as c1, t0.done as c2, t0.due_date as c3, t0.folder as c4, t0.project_id as c5  from task t0  where t0.project_id = ?  
txn[1042], 23:03:42.789, FindMany type[Task] origin[Bm7UHS.BGCeS7.B7IzMz] exeMicros[1054] rows[3] name[] predicates[t0.project_id = ? ] bind[1] 
txn[1043], 23:03:46.668, insert into task (id, title, done, due_date, folder, project_id) values (?,?,?,?,?,?) 
txn[1043], 23:03:46.670, Binding Insert [task]  set[id=1245, title=PingPingPingPing, done=false, dueDate=null, folder=New Folder, project_id=1, ] 
txn[1043], 23:03:46.670, Inserted [Task] [1245] 
txn[1044], 23:03:48.546, select t0.id as c0, t0.title as c1, t0.done as c2, t0.due_date as c3, t0.folder as c4, t0.project_id as c5  from task t0  where t0.project_id = ?  
txn[1044], 23:03:48.547, FindMany type[Task] origin[Bm7UHS.BGCeS7.B7IzMz] exeMicros[896] rows[1] name[] predicates[t0.project_id = ? ] bind[2] 
txn[1045], 23:03:49.292, select t0.id as c0, t0.title as c1, t0.done as c2, t0.due_date as c3, t0.folder as c4, t0.project_id as c5  from task t0  where t0.project_id = ?  
txn[1045], 23:03:49.293, FindMany type[Task] origin[Bm7UHS.BGCeS7.B7IzMz] exeMicros[1093] rows[4] name[] predicates[t0.project_id = ? ] bind[1] 
txn[1001], 23:06:08.345, select t0.id as c0, t0.name as c1, t0.folder as c2  from project t0 
txn[1001], 23:06:08.371, FindMany type[Project] origin[GZ9o4.BWY1YJ.Cf5WPI] exeMicros[25548] rows[8] name[] predicates[] bind[] 
txn[1002], 23:06:08.405, select t0.id as c0, t0.title as c1, t0.done as c2, t0.due_date as c3, t0.folder as c4, t0.project_id as c5  from task t0 
txn[1002], 23:06:08.409, FindMany type[Task] origin[B0B5of.BGCeS7.BNRK26] exeMicros[3952] rows[7] name[] predicates[] bind[] 
txn[1003], 23:06:08.415, select t0.id as c0, t0.name as c1, t0.folder as c2  from project t0  where t0.id = ?   
txn[1003], 23:06:08.418, FindMany mode[+lazy] type[Project] origin[B0B5of.BGCeS7.BNRK26] lazyLoadProp[name] load[path:project batch:1 actual:1] exeMicros[2435] rows[1] name[] predicates[t0.id = ?  ] bind[1] 
txn[1004], 23:06:08.442, select t0.id as c0, t0.name as c1, t0.folder as c2  from project t0  where t0.id = ?   
txn[1004], 23:06:08.444, FindMany mode[+lazy] type[Project] origin[B0B5of.BGCeS7.BNRK26] lazyLoadProp[name] load[path:project batch:1 actual:1] exeMicros[1693] rows[1] name[] predicates[t0.id = ?  ] bind[2] 
txn[1005], 23:06:08.467, select t0.id as c0, t0.name as c1, t0.folder as c2  from project t0  where t0.id = ?   
txn[1005], 23:06:08.469, FindMany mode[+lazy] type[Project] origin[B0B5of.BGCeS7.BNRK26] lazyLoadProp[name] load[path:project batch:1 actual:1] exeMicros[1568] rows[1] name[] predicates[t0.id = ?  ] bind[7] 
txn[1006], 23:06:08.494, select t0.id as c0, t0.name as c1, t0.folder as c2  from project t0  where t0.id = ?   
txn[1006], 23:06:08.495, FindMany mode[+lazy] type[Project] origin[B0B5of.BGCeS7.BNRK26] lazyLoadProp[name] load[path:project batch:1 actual:1] exeMicros[1450] rows[1] name[] predicates[t0.id = ?  ] bind[9] 
txn[1007], 23:06:22.349, select t0.id as c0, t0.title as c1, t0.done as c2, t0.due_date as c3, t0.folder as c4, t0.project_id as c5  from task t0  where t0.project_id = ?  
txn[1007], 23:06:22.351, FindMany type[Task] origin[Bm7UHS.BGCeS7.B7IzM0] exeMicros[1979] rows[4] name[] predicates[t0.project_id = ? ] bind[1] 
txn[1001], 23:08:04.963, select t0.id as c0, t0.name as c1, t0.folder as c2  from project t0 
txn[1001], 23:08:04.990, FindMany type[Project] origin[GZ9o4.BWY1YJ.Cf5WPI] exeMicros[27087] rows[8] name[] predicates[] bind[] 
txn[1002], 23:08:05.025, select t0.id as c0, t0.title as c1, t0.done as c2, t0.due_date as c3, t0.folder as c4, t0.project_id as c5  from task t0 
txn[1002], 23:08:05.029, FindMany type[Task] origin[B0B5of.BGCeS7.BNRK26] exeMicros[3957] rows[7] name[] predicates[] bind[] 
txn[1003], 23:08:05.036, select t0.id as c0, t0.name as c1, t0.folder as c2  from project t0  where t0.id = ?   
txn[1003], 23:08:05.038, FindMany mode[+lazy] type[Project] origin[B0B5of.BGCeS7.BNRK26] lazyLoadProp[name] load[path:project batch:1 actual:1] exeMicros[2552] rows[1] name[] predicates[t0.id = ?  ] bind[1] 
txn[1004], 23:08:05.062, select t0.id as c0, t0.name as c1, t0.folder as c2  from project t0  where t0.id = ?   
txn[1004], 23:08:05.063, FindMany mode[+lazy] type[Project] origin[B0B5of.BGCeS7.BNRK26] lazyLoadProp[name] load[path:project batch:1 actual:1] exeMicros[1318] rows[1] name[] predicates[t0.id = ?  ] bind[2] 
txn[1005], 23:08:05.087, select t0.id as c0, t0.name as c1, t0.folder as c2  from project t0  where t0.id = ?   
txn[1005], 23:08:05.089, FindMany mode[+lazy] type[Project] origin[B0B5of.BGCeS7.BNRK26] lazyLoadProp[name] load[path:project batch:1 actual:1] exeMicros[1279] rows[1] name[] predicates[t0.id = ?  ] bind[7] 
txn[1006], 23:08:05.117, select t0.id as c0, t0.name as c1, t0.folder as c2  from project t0  where t0.id = ?   
txn[1006], 23:08:05.118, FindMany mode[+lazy] type[Project] origin[B0B5of.BGCeS7.BNRK26] lazyLoadProp[name] load[path:project batch:1 actual:1] exeMicros[1477] rows[1] name[] predicates[t0.id = ?  ] bind[9] 
txn[1007], 23:08:08.803, select t0.id as c0, t0.title as c1, t0.done as c2, t0.due_date as c3, t0.folder as c4, t0.project_id as c5  from task t0  where t0.project_id = ?  
txn[1007], 23:08:08.805, FindMany type[Task] origin[Bm7UHS.BGCeS7.B7IzM0] exeMicros[2044] rows[4] name[] predicates[t0.project_id = ? ] bind[1] 
txn[1008], 23:08:10.989, select t0.id as c0, t0.title as c1, t0.done as c2, t0.due_date as c3, t0.folder as c4, t0.project_id as c5  from task t0  where t0.project_id = ?  
txn[1008], 23:08:10.990, FindMany type[Task] origin[Bm7UHS.BGCeS7.B7IzM0] exeMicros[1506] rows[1] name[] predicates[t0.project_id = ? ] bind[2] 
txn[1009], 23:08:12.263, select t0.id as c0, t0.title as c1, t0.done as c2, t0.due_date as c3, t0.folder as c4, t0.project_id as c5  from task t0  where t0.project_id = ?  
txn[1009], 23:08:12.264, FindMany type[Task] origin[Bm7UHS.BGCeS7.B7IzM0] exeMicros[1746] rows[4] name[] predicates[t0.project_id = ? ] bind[1] 
txn[1001], 23:10:46.060, select t0.id as c0, t0.name as c1, t0.folder as c2  from project t0 
txn[1001], 23:10:46.089, FindMany type[Project] origin[GZ9o4.BWY1YJ.Cf5WPI] exeMicros[29516] rows[8] name[] predicates[] bind[] 
txn[1002], 23:10:46.124, select t0.id as c0, t0.title as c1, t0.done as c2, t0.due_date as c3, t0.folder as c4, t0.project_id as c5  from task t0 
txn[1002], 23:10:46.128, FindMany type[Task] origin[B0B5of.BGCeS7.BNRK26] exeMicros[3973] rows[7] name[] predicates[] bind[] 
txn[1003], 23:10:46.135, select t0.id as c0, t0.name as c1, t0.folder as c2  from project t0  where t0.id = ?   
txn[1003], 23:10:46.138, FindMany mode[+lazy] type[Project] origin[B0B5of.BGCeS7.BNRK26] lazyLoadProp[name] load[path:project batch:1 actual:1] exeMicros[2965] rows[1] name[] predicates[t0.id = ?  ] bind[1] 
txn[1004], 23:10:46.161, select t0.id as c0, t0.name as c1, t0.folder as c2  from project t0  where t0.id = ?   
txn[1004], 23:10:46.163, FindMany mode[+lazy] type[Project] origin[B0B5of.BGCeS7.BNRK26] lazyLoadProp[name] load[path:project batch:1 actual:1] exeMicros[1752] rows[1] name[] predicates[t0.id = ?  ] bind[2] 
txn[1005], 23:10:46.186, select t0.id as c0, t0.name as c1, t0.folder as c2  from project t0  where t0.id = ?   
txn[1005], 23:10:46.188, FindMany mode[+lazy] type[Project] origin[B0B5of.BGCeS7.BNRK26] lazyLoadProp[name] load[path:project batch:1 actual:1] exeMicros[1887] rows[1] name[] predicates[t0.id = ?  ] bind[7] 
txn[1006], 23:10:46.216, select t0.id as c0, t0.name as c1, t0.folder as c2  from project t0  where t0.id = ?   
txn[1006], 23:10:46.219, FindMany mode[+lazy] type[Project] origin[B0B5of.BGCeS7.BNRK26] lazyLoadProp[name] load[path:project batch:1 actual:1] exeMicros[2479] rows[1] name[] predicates[t0.id = ?  ] bind[9] 
txn[1007], 23:10:56.339, select t0.id as c0, t0.title as c1, t0.done as c2, t0.due_date as c3, t0.folder as c4, t0.project_id as c5  from task t0  where t0.project_id = ?  
txn[1007], 23:10:56.341, FindMany type[Task] origin[Bm7UHS.BGCeS7.B7IzM0] exeMicros[1964] rows[4] name[] predicates[t0.project_id = ? ] bind[1] 
txn[1008], 23:11:04.142, insert into task (id, title, done, due_date, folder, project_id) values (?,?,?,?,?,?) 
txn[1008], 23:11:04.143, Binding Insert [task]  set[id=1260, title=aaaa, done=false, dueDate=null, folder=New Folder2, project_id=1, ] 
txn[1008], 23:11:04.148, Inserted [Task] [1260] 
txn[1009], 23:11:12.280, delete from task where id=? 
txn[1009], 23:11:12.280, Binding Delete [task] where[id=1260, ] 
txn[1009], 23:11:12.281, Deleted [Task] [1260] 
txn[1010], 23:11:14.696, delete from task where folder = ? and project_id = ? 
txn[1010], 23:11:14.699, DeleteSql table[task] rows[0] bind[New Folder2, 1, ] 
txn[1011], 23:13:58.721, select t0.id as c0, t0.title as c1, t0.done as c2, t0.due_date as c3, t0.folder as c4, t0.project_id as c5  from task t0  where t0.project_id = ?  
txn[1011], 23:13:58.723, FindMany type[Task] origin[Bm7UHS.BGCeS7.B7IzM0] exeMicros[1504] rows[1] name[] predicates[t0.project_id = ? ] bind[2] 
txn[1012], 23:14:04.689, select t0.id as c0, t0.title as c1, t0.done as c2, t0.due_date as c3, t0.folder as c4, t0.project_id as c5  from task t0  where t0.project_id = ?  
txn[1012], 23:14:04.690, FindMany type[Task] origin[Bm7UHS.BGCeS7.B7IzM0] exeMicros[1217] rows[0] name[] predicates[t0.project_id = ? ] bind[5] 
txn[1013], 23:14:15.368, insert into task (id, title, done, due_date, folder, project_id) values (?,?,?,?,?,?) 
txn[1013], 23:14:15.368, Binding Insert [task]  set[id=1261, title=fewfewf, done=false, dueDate=null, folder=ppppp, project_id=5, ] 
txn[1013], 23:14:15.371, Inserted [Task] [1261] 
txn[1014], 23:17:18.004, insert into task (id, title, done, due_date, folder, project_id) values (?,?,?,?,?,?) 
txn[1014], 23:17:18.004, Binding Insert [task]  set[id=1262, title=PingPingPingPingPing, done=false, dueDate=null, folder=New Folder, project_id=5, ] 
txn[1014], 23:17:18.008, Inserted [Task] [1262] 
txn[1015], 23:18:12.132, select t0.id as c0, t0.title as c1, t0.done as c2, t0.due_date as c3, t0.folder as c4, t0.project_id as c5  from task t0  where t0.project_id = ?  
txn[1015], 23:18:12.134, FindMany type[Task] origin[Bm7UHS.BGCeS7.B7IzM0] exeMicros[1372] rows[0] name[] predicates[t0.project_id = ? ] bind[3] 
txn[1016], 23:18:13.161, select t0.id as c0, t0.title as c1, t0.done as c2, t0.due_date as c3, t0.folder as c4, t0.project_id as c5  from task t0  where t0.project_id = ?  
txn[1016], 23:18:13.163, FindMany type[Task] origin[Bm7UHS.BGCeS7.B7IzM0] exeMicros[1936] rows[1] name[] predicates[t0.project_id = ? ] bind[2] 
txn[1017], 23:18:14.115, select t0.id as c0, t0.title as c1, t0.done as c2, t0.due_date as c3, t0.folder as c4, t0.project_id as c5  from task t0  where t0.project_id = ?  
txn[1017], 23:18:14.116, FindMany type[Task] origin[Bm7UHS.BGCeS7.B7IzM0] exeMicros[1111] rows[4] name[] predicates[t0.project_id = ? ] bind[1] 
txn[1018], 23:20:42.120, update task set done=? where id=? and title=? and done=? and due_date is null and folder=? and project_id=? 
txn[1018], 23:20:42.121, Binding Update [task]  set[done=true, ] where[id=1160, title=aaaa, done=false, dueDate=null, folder=Next, project_id=1, ] 
txn[1018], 23:20:42.123, Updated [Task] [1160] 
txn[1019], 23:21:16.775, insert into task (id, title, done, due_date, folder, project_id) values (?,?,?,?,?,?) 
txn[1019], 23:21:16.775, Binding Insert [task]  set[id=1263, title=@@@@, done=false, dueDate=null, folder=New Folder, project_id=1, ] 
txn[1019], 23:21:16.776, Inserted [Task] [1263] 
txn[1020], 23:21:28.604, select t0.id as c0, t0.title as c1, t0.done as c2, t0.due_date as c3, t0.folder as c4, t0.project_id as c5  from task t0  where t0.project_id = ?  
txn[1020], 23:21:28.604, FindMany type[Task] origin[Bm7UHS.BGCeS7.B7IzM0] exeMicros[461] rows[0] name[] predicates[t0.project_id = ? ] bind[3] 
txn[1021], 23:21:29.539, select t0.id as c0, t0.title as c1, t0.done as c2, t0.due_date as c3, t0.folder as c4, t0.project_id as c5  from task t0  where t0.project_id = ?  
txn[1021], 23:21:29.540, FindMany type[Task] origin[Bm7UHS.BGCeS7.B7IzM0] exeMicros[1040] rows[1] name[] predicates[t0.project_id = ? ] bind[2] 
txn[1022], 23:21:30.513, select t0.id as c0, t0.title as c1, t0.done as c2, t0.due_date as c3, t0.folder as c4, t0.project_id as c5  from task t0  where t0.project_id = ?  
txn[1022], 23:21:30.514, FindMany type[Task] origin[Bm7UHS.BGCeS7.B7IzM0] exeMicros[1123] rows[5] name[] predicates[t0.project_id = ? ] bind[1] 
txn[1023], 23:21:33.247, update task set done=? where id=? and title=? and done=? and due_date is null and folder=? and project_id=? 
txn[1023], 23:21:33.247, Binding Update [task]  set[done=true, ] where[id=1263, title=@@@@, done=false, dueDate=null, folder=New Folder, project_id=1, ] 
txn[1023], 23:21:33.248, Updated [Task] [1263] 
txn[1024], 23:21:35.234, delete from task where id=? and title=? and done=? and due_date is null and folder=? and project_id=? 
txn[1024], 23:21:35.235, Binding Delete [task] where[id=1263, title=@@@@, done=true, dueDate=null, folder=New Folder, project_id=1, ] 
txn[1024], 23:21:35.236, Deleted [Task] [1263] 
txn[1025], 23:21:38.463, insert into task (id, title, done, due_date, folder, project_id) values (?,?,?,?,?,?) 
txn[1025], 23:21:38.463, Binding Insert [task]  set[id=1264, title=@@@@@, done=false, dueDate=null, folder=New Folder, project_id=1, ] 
txn[1025], 23:21:38.467, Inserted [Task] [1264] 
txn[1026], 23:21:52.281, update task set title=?, done=?, folder=?, project_id=? where id=? 
txn[1026], 23:21:52.281, Binding Update [task]  set[title=@@@@@, done=true, folder=New Folder, project_id=1, ] where[id=1264, ] 
txn[1026], 23:21:52.282, Updated [Task] [1264] 
txn[1027], 23:21:53.442, update task set done=? where id=? and title=? and done=? and due_date is null and folder=? and project_id=? 
txn[1027], 23:21:53.442, Binding Update [task]  set[done=true, ] where[id=1245, title=PingPingPingPing, done=false, dueDate=null, folder=New Folder, project_id=1, ] 
txn[1027], 23:21:53.444, Updated [Task] [1245] 
txn[1028], 23:21:54.084, update task set done=? where id=? and title=? and done=? and due_date is null and folder=? and project_id=? 
txn[1028], 23:21:54.084, Binding Update [task]  set[done=false, ] where[id=1245, title=PingPingPingPing, done=true, dueDate=null, folder=New Folder, project_id=1, ] 
txn[1028], 23:21:54.085, Updated [Task] [1245] 
txn[1029], 23:22:15.641, select t0.id as c0, t0.title as c1, t0.done as c2, t0.due_date as c3, t0.folder as c4, t0.project_id as c5  from task t0  where t0.project_id = ?  
txn[1029], 23:22:15.642, FindMany type[Task] origin[Bm7UHS.BGCeS7.B7IzM0] exeMicros[494] rows[0] name[] predicates[t0.project_id = ? ] bind[3] 
txn[1030], 23:22:16.468, select t0.id as c0, t0.title as c1, t0.done as c2, t0.due_date as c3, t0.folder as c4, t0.project_id as c5  from task t0  where t0.project_id = ?  
txn[1030], 23:22:16.469, FindMany type[Task] origin[Bm7UHS.BGCeS7.B7IzM0] exeMicros[882] rows[1] name[] predicates[t0.project_id = ? ] bind[2] 
txn[1031], 23:22:18.262, select t0.id as c0, t0.title as c1, t0.done as c2, t0.due_date as c3, t0.folder as c4, t0.project_id as c5  from task t0  where t0.project_id = ?  
txn[1031], 23:22:18.263, FindMany type[Task] origin[Bm7UHS.BGCeS7.B7IzM0] exeMicros[1177] rows[5] name[] predicates[t0.project_id = ? ] bind[1] 
txn[1032], 23:23:33.251, select t0.id as c0, t0.title as c1, t0.done as c2, t0.due_date as c3, t0.folder as c4, t0.project_id as c5  from task t0  where t0.project_id = ?  
txn[1032], 23:23:33.252, FindMany type[Task] origin[Bm7UHS.BGCeS7.B7IzM0] exeMicros[1111] rows[5] name[] predicates[t0.project_id = ? ] bind[1] 
txn[1033], 23:23:34.133, select t0.id as c0, t0.title as c1, t0.done as c2, t0.due_date as c3, t0.folder as c4, t0.project_id as c5  from task t0  where t0.project_id = ?  
txn[1033], 23:23:34.134, FindMany type[Task] origin[Bm7UHS.BGCeS7.B7IzM0] exeMicros[930] rows[1] name[] predicates[t0.project_id = ? ] bind[2] 
txn[1034], 23:23:35.275, select t0.id as c0, t0.title as c1, t0.done as c2, t0.due_date as c3, t0.folder as c4, t0.project_id as c5  from task t0  where t0.project_id = ?  
txn[1034], 23:23:35.276, FindMany type[Task] origin[Bm7UHS.BGCeS7.B7IzM0] exeMicros[565] rows[0] name[] predicates[t0.project_id = ? ] bind[3] 
txn[1035], 23:23:37.543, select t0.id as c0, t0.title as c1, t0.done as c2, t0.due_date as c3, t0.folder as c4, t0.project_id as c5  from task t0  where t0.project_id = ?  
txn[1035], 23:23:37.545, FindMany type[Task] origin[Bm7UHS.BGCeS7.B7IzM0] exeMicros[1362] rows[5] name[] predicates[t0.project_id = ? ] bind[1] 
txn[1036], 23:25:44.041, select t0.id as c0, t0.title as c1, t0.done as c2, t0.due_date as c3, t0.folder as c4, t0.project_id as c5  from task t0  where t0.project_id = ?  
txn[1036], 23:25:44.042, FindMany type[Task] origin[Bm7UHS.BGCeS7.B7IzM0] exeMicros[1082] rows[5] name[] predicates[t0.project_id = ? ] bind[1] 
txn[1037], 23:25:45.059, select t0.id as c0, t0.title as c1, t0.done as c2, t0.due_date as c3, t0.folder as c4, t0.project_id as c5  from task t0  where t0.project_id = ?  
txn[1037], 23:25:45.060, FindMany type[Task] origin[Bm7UHS.BGCeS7.B7IzM0] exeMicros[938] rows[1] name[] predicates[t0.project_id = ? ] bind[2] 
txn[1038], 23:25:46.053, select t0.id as c0, t0.title as c1, t0.done as c2, t0.due_date as c3, t0.folder as c4, t0.project_id as c5  from task t0  where t0.project_id = ?  
txn[1038], 23:25:46.054, FindMany type[Task] origin[Bm7UHS.BGCeS7.B7IzM0] exeMicros[483] rows[0] name[] predicates[t0.project_id = ? ] bind[3] 
txn[1039], 23:25:47.010, select t0.id as c0, t0.title as c1, t0.done as c2, t0.due_date as c3, t0.folder as c4, t0.project_id as c5  from task t0  where t0.project_id = ?  
txn[1039], 23:25:47.011, FindMany type[Task] origin[Bm7UHS.BGCeS7.B7IzM0] exeMicros[806] rows[1] name[] predicates[t0.project_id = ? ] bind[2] 
txn[1040], 23:25:47.891, select t0.id as c0, t0.title as c1, t0.done as c2, t0.due_date as c3, t0.folder as c4, t0.project_id as c5  from task t0  where t0.project_id = ?  
txn[1040], 23:25:47.893, FindMany type[Task] origin[Bm7UHS.BGCeS7.B7IzM0] exeMicros[1229] rows[5] name[] predicates[t0.project_id = ? ] bind[1] 
txn[1041], 23:25:50.117, select t0.id as c0, t0.title as c1, t0.done as c2, t0.due_date as c3, t0.folder as c4, t0.project_id as c5  from task t0  where t0.project_id = ?  
txn[1041], 23:25:50.117, FindMany type[Task] origin[Bm7UHS.BGCeS7.B7IzM0] exeMicros[486] rows[0] name[] predicates[t0.project_id = ? ] bind[3] 
txn[1042], 23:25:59.246, select t0.id as c0, t0.title as c1, t0.done as c2, t0.due_date as c3, t0.folder as c4, t0.project_id as c5  from task t0  where t0.project_id = ?  
txn[1042], 23:25:59.247, FindMany type[Task] origin[Bm7UHS.BGCeS7.B7IzM0] exeMicros[840] rows[2] name[] predicates[t0.project_id = ? ] bind[5] 
txn[1043], 23:26:00.295, select t0.id as c0, t0.title as c1, t0.done as c2, t0.due_date as c3, t0.folder as c4, t0.project_id as c5  from task t0  where t0.project_id = ?  
txn[1043], 23:26:00.296, FindMany type[Task] origin[Bm7UHS.BGCeS7.B7IzM0] exeMicros[820] rows[1] name[] predicates[t0.project_id = ? ] bind[7] 
txn[1044], 23:26:01.628, select t0.id as c0, t0.title as c1, t0.done as c2, t0.due_date as c3, t0.folder as c4, t0.project_id as c5  from task t0  where t0.project_id = ?  
txn[1044], 23:26:01.629, FindMany type[Task] origin[Bm7UHS.BGCeS7.B7IzM0] exeMicros[1301] rows[5] name[] predicates[t0.project_id = ? ] bind[1] 
txn[1045], 23:26:02.945, select t0.id as c0, t0.title as c1, t0.done as c2, t0.due_date as c3, t0.folder as c4, t0.project_id as c5  from task t0  where t0.project_id = ?  
txn[1045], 23:26:02.946, FindMany type[Task] origin[Bm7UHS.BGCeS7.B7IzM0] exeMicros[938] rows[1] name[] predicates[t0.project_id = ? ] bind[2] 
txn[1046], 23:26:03.755, select t0.id as c0, t0.title as c1, t0.done as c2, t0.due_date as c3, t0.folder as c4, t0.project_id as c5  from task t0  where t0.project_id = ?  
txn[1046], 23:26:03.755, FindMany type[Task] origin[Bm7UHS.BGCeS7.B7IzM0] exeMicros[456] rows[0] name[] predicates[t0.project_id = ? ] bind[3] 
txn[1047], 23:26:04.910, select t0.id as c0, t0.title as c1, t0.done as c2, t0.due_date as c3, t0.folder as c4, t0.project_id as c5  from task t0  where t0.project_id = ?  
txn[1047], 23:26:04.911, FindMany type[Task] origin[Bm7UHS.BGCeS7.B7IzM0] exeMicros[1327] rows[5] name[] predicates[t0.project_id = ? ] bind[1] 
txn[1048], 23:26:19.356, select t0.id as c0, t0.title as c1, t0.done as c2, t0.due_date as c3, t0.folder as c4, t0.project_id as c5  from task t0  where t0.project_id = ?  
txn[1048], 23:26:19.358, FindMany type[Task] origin[Bm7UHS.BGCeS7.B7IzM0] exeMicros[1356] rows[5] name[] predicates[t0.project_id = ? ] bind[1] 
txn[1049], 23:30:28.992, select t0.id as c0, t0.title as c1, t0.done as c2, t0.due_date as c3, t0.folder as c4, t0.project_id as c5  from task t0  where t0.project_id = ?  
txn[1049], 23:30:28.993, FindMany type[Task] origin[Bm7UHS.BGCeS7.B7IzM0] exeMicros[483] rows[0] name[] predicates[t0.project_id = ? ] bind[3] 
txn[1001], 23:38:05.604, select t0.id as c0, t0.name as c1, t0.folder as c2  from project t0 
txn[1001], 23:38:05.633, FindMany type[Project] origin[GZ9o4.BWY1YJ.Cf5WPI] exeMicros[29086] rows[8] name[] predicates[] bind[] 
txn[1002], 23:38:05.671, select t0.id as c0, t0.title as c1, t0.done as c2, t0.due_date as c3, t0.folder as c4, t0.project_id as c5  from task t0 
txn[1002], 23:38:05.675, FindMany type[Task] origin[B0B5of.BGCeS7.BNRK26] exeMicros[4025] rows[10] name[] predicates[] bind[] 
txn[1003], 23:38:05.681, select t0.id as c0, t0.name as c1, t0.folder as c2  from project t0  where t0.id = ?   
txn[1003], 23:38:05.684, FindMany mode[+lazy] type[Project] origin[B0B5of.BGCeS7.BNRK26] lazyLoadProp[name] load[path:project batch:1 actual:1] exeMicros[2529] rows[1] name[] predicates[t0.id = ?  ] bind[1] 
txn[1004], 23:38:05.707, select t0.id as c0, t0.name as c1, t0.folder as c2  from project t0  where t0.id = ?   
txn[1004], 23:38:05.710, FindMany mode[+lazy] type[Project] origin[B0B5of.BGCeS7.BNRK26] lazyLoadProp[name] load[path:project batch:1 actual:1] exeMicros[3173] rows[1] name[] predicates[t0.id = ?  ] bind[2] 
txn[1005], 23:38:05.734, select t0.id as c0, t0.name as c1, t0.folder as c2  from project t0  where t0.id = ?   
txn[1005], 23:38:05.736, FindMany mode[+lazy] type[Project] origin[B0B5of.BGCeS7.BNRK26] lazyLoadProp[name] load[path:project batch:1 actual:1] exeMicros[2216] rows[1] name[] predicates[t0.id = ?  ] bind[5] 
txn[1006], 23:38:05.769, select t0.id as c0, t0.name as c1, t0.folder as c2  from project t0  where t0.id = ?   
txn[1006], 23:38:05.772, FindMany mode[+lazy] type[Project] origin[B0B5of.BGCeS7.BNRK26] lazyLoadProp[name] load[path:project batch:1 actual:1] exeMicros[3650] rows[1] name[] predicates[t0.id = ?  ] bind[7] 
txn[1007], 23:38:05.797, select t0.id as c0, t0.name as c1, t0.folder as c2  from project t0  where t0.id = ?   
txn[1007], 23:38:05.799, FindMany mode[+lazy] type[Project] origin[B0B5of.BGCeS7.BNRK26] lazyLoadProp[name] load[path:project batch:1 actual:1] exeMicros[1708] rows[1] name[] predicates[t0.id = ?  ] bind[9] 
txn[1008], 23:38:09.290, select t0.id as c0, t0.title as c1, t0.done as c2, t0.due_date as c3, t0.folder as c4, t0.project_id as c5  from task t0  where t0.project_id = ?  
txn[1008], 23:38:09.292, FindMany type[Task] origin[Bm7UHS.BGCeS7.B7IzM0] exeMicros[1804] rows[5] name[] predicates[t0.project_id = ? ] bind[1] 
txn[1009], 23:38:20.788, update task set done=? where id=? and title=? and done=? and due_date is null and folder=? and project_id=? 
txn[1009], 23:38:20.789, Binding Update [task]  set[done=true, ] where[id=1245, title=PingPingPingPing, done=false, dueDate=null, folder=New Folder, project_id=1, ] 
txn[1009], 23:38:20.794, Updated [Task] [1245] 
txn[1010], 23:38:21.315, update task set done=? where id=? and title=? and done=? and due_date is null and folder=? and project_id=? 
txn[1010], 23:38:21.315, Binding Update [task]  set[done=false, ] where[id=1264, title=@@@@@, done=true, dueDate=null, folder=New Folder, project_id=1, ] 
txn[1010], 23:38:21.316, Updated [Task] [1264] 
txn[1011], 23:38:21.318, update task set done=? where id=? and title=? and done=? and due_date is null and folder=? and project_id=? 
txn[1011], 23:38:21.318, Binding Update [task]  set[done=false, ] where[id=1245, title=PingPingPingPing, done=true, dueDate=null, folder=New Folder, project_id=1, ] 
txn[1011], 23:38:21.320, Updated [Task] [1245] 
txn[1012], 23:38:22.706, update task set done=? where id=? and title=? and done=? and due_date is null and folder=? and project_id=? 
txn[1012], 23:38:22.706, Binding Update [task]  set[done=true, ] where[id=1264, title=@@@@@, done=false, dueDate=null, folder=New Folder, project_id=1, ] 
txn[1012], 23:38:22.707, Updated [Task] [1264] 
txn[1013], 23:38:34.063, insert into task (id, title, done, due_date, folder, project_id) values (?,?,?,?,?,?) 
txn[1013], 23:38:34.063, Binding Insert [task]  set[id=1280, title=aaa, done=false, dueDate=null, folder=New Folder2, project_id=1, ] 
txn[1013], 23:38:34.067, Inserted [Task] [1280] 
txn[1014], 23:38:36.162, select t0.id as c0, t0.title as c1, t0.done as c2, t0.due_date as c3, t0.folder as c4, t0.project_id as c5  from task t0  where t0.project_id = ?  
txn[1014], 23:38:36.164, FindMany type[Task] origin[Bm7UHS.BGCeS7.B7IzM0] exeMicros[1593] rows[1] name[] predicates[t0.project_id = ? ] bind[2] 
txn[1015], 23:38:37.049, select t0.id as c0, t0.title as c1, t0.done as c2, t0.due_date as c3, t0.folder as c4, t0.project_id as c5  from task t0  where t0.project_id = ?  
txn[1015], 23:38:37.051, FindMany type[Task] origin[Bm7UHS.BGCeS7.B7IzM0] exeMicros[2010] rows[6] name[] predicates[t0.project_id = ? ] bind[1] 
txn[1016], 23:38:37.758, select t0.id as c0, t0.title as c1, t0.done as c2, t0.due_date as c3, t0.folder as c4, t0.project_id as c5  from task t0  where t0.project_id = ?  
txn[1016], 23:38:37.760, FindMany type[Task] origin[Bm7UHS.BGCeS7.B7IzM0] exeMicros[2557] rows[6] name[] predicates[t0.project_id = ? ] bind[1] 
txn[1017], 23:38:55.421, insert into project (id, name, folder) values (?,?,?) 
txn[1017], 23:38:55.421, Binding Insert [project]  set[id=1000, name=New Project2, folder=NEW GROUP2, ] 
txn[1017], 23:38:55.423, Inserted [Project] [1000] 
txn[1018], 23:38:56.920, select t0.id as c0, t0.title as c1, t0.done as c2, t0.due_date as c3, t0.folder as c4, t0.project_id as c5  from task t0  where t0.project_id = ?  
txn[1018], 23:38:56.922, FindMany type[Task] origin[Bm7UHS.BGCeS7.B7IzM0] exeMicros[1242] rows[0] name[] predicates[t0.project_id = ? ] bind[1000] 
txn[1019], 23:39:02.825, insert into task (id, title, done, due_date, folder, project_id) values (?,?,?,?,?,?) 
txn[1019], 23:39:02.825, Binding Insert [task]  set[id=1281, title=dewfewfew, done=false, dueDate=null, folder=New Folde2r, project_id=1000, ] 
txn[1019], 23:39:02.827, Inserted [Task] [1281] 
txn[1020], 23:39:05.593, select t0.id as c0, t0.title as c1, t0.done as c2, t0.due_date as c3, t0.folder as c4, t0.project_id as c5  from task t0  where t0.project_id = ?  
txn[1020], 23:39:05.594, FindMany type[Task] origin[Bm7UHS.BGCeS7.B7IzM0] exeMicros[850] rows[1] name[] predicates[t0.project_id = ? ] bind[1000] 
txn[1021], 23:39:07.493, select t0.id as c0, t0.title as c1, t0.done as c2, t0.due_date as c3, t0.folder as c4, t0.project_id as c5  from task t0  where t0.project_id = ?  
txn[1021], 23:39:07.494, FindMany type[Task] origin[Bm7UHS.BGCeS7.B7IzM0] exeMicros[793] rows[1] name[] predicates[t0.project_id = ? ] bind[1000] 
txn[1022], 23:39:10.002, update task set done=? where id=? and title=? and done=? and due_date is null and folder=? and project_id=? 
txn[1022], 23:39:10.002, Binding Update [task]  set[done=true, ] where[id=1281, title=dewfewfew, done=false, dueDate=null, folder=New Folde2r, project_id=1000, ] 
txn[1022], 23:39:10.004, Updated [Task] [1281] 
txn[1023], 23:39:11.164, update task set done=? where id=? and title=? and done=? and due_date is null and folder=? and project_id=? 
txn[1023], 23:39:11.164, Binding Update [task]  set[done=false, ] where[id=1281, title=dewfewfew, done=true, dueDate=null, folder=New Folde2r, project_id=1000, ] 
txn[1023], 23:39:11.165, Updated [Task] [1281] 
txn[1024], 23:39:14.945, insert into task (id, title, done, due_date, folder, project_id) values (?,?,?,?,?,?) 
txn[1024], 23:39:14.945, Binding Insert [task]  set[id=1282, title=@@@@@, done=false, dueDate=null, folder=New Folde2r, project_id=1000, ] 
txn[1024], 23:39:14.946, Inserted [Task] [1282] 
txn[1025], 23:39:17.100, update task set done=? where id=? and title=? and done=? and due_date is null and folder=? and project_id=? 
txn[1025], 23:39:17.100, Binding Update [task]  set[done=true, ] where[id=1281, title=dewfewfew, done=false, dueDate=null, folder=New Folde2r, project_id=1000, ] 
txn[1025], 23:39:17.100, Updated [Task] [1281] 
txn[1026], 23:39:17.738, update task set title=?, done=?, folder=?, project_id=? where id=? 
txn[1026], 23:39:17.738, Binding Update [task]  set[title=@@@@@, done=true, folder=New Folde2r, project_id=1000, ] where[id=1282, ] 
txn[1026], 23:39:17.739, Updated [Task] [1282] 
txn[1027], 23:39:19.878, update task set done=? where id=? and title=? and done=? and due_date is null and folder=? and project_id=? 
txn[1027], 23:39:19.878, Binding Update [task]  set[done=false, ] where[id=1281, title=dewfewfew, done=true, dueDate=null, folder=New Folde2r, project_id=1000, ] 
txn[1027], 23:39:19.879, Updated [Task] [1281] 
txn[1028], 23:39:19.881, update task set title=?, done=?, folder=?, project_id=? where id=? 
txn[1028], 23:39:19.881, Binding Update [task]  set[title=@@@@@, done=false, folder=New Folde2r, project_id=1000, ] where[id=1282, ] 
txn[1028], 23:39:19.883, Updated [Task] [1282] 
txn[1029], 23:39:20.880, update task set done=? where id=? and title=? and done=? and due_date is null and folder=? and project_id=? 
txn[1029], 23:39:20.880, Binding Update [task]  set[done=true, ] where[id=1281, title=dewfewfew, done=false, dueDate=null, folder=New Folde2r, project_id=1000, ] 
txn[1029], 23:39:20.881, Updated [Task] [1281] 
txn[1030], 23:39:20.883, update task set title=?, done=?, folder=?, project_id=? where id=? 
txn[1030], 23:39:20.883, Binding Update [task]  set[title=@@@@@, done=true, folder=New Folde2r, project_id=1000, ] where[id=1282, ] 
txn[1030], 23:39:20.884, Updated [Task] [1282] 
txn[1031], 23:39:21.458, update task set done=? where id=? and title=? and done=? and due_date is null and folder=? and project_id=? 
txn[1031], 23:39:21.458, Binding Update [task]  set[done=false, ] where[id=1281, title=dewfewfew, done=true, dueDate=null, folder=New Folde2r, project_id=1000, ] 
txn[1031], 23:39:21.459, Updated [Task] [1281] 
txn[1032], 23:39:21.461, update task set title=?, done=?, folder=?, project_id=? where id=? 
txn[1032], 23:39:21.461, Binding Update [task]  set[title=@@@@@, done=false, folder=New Folde2r, project_id=1000, ] where[id=1282, ] 
txn[1032], 23:39:21.462, Updated [Task] [1282] 
txn[1033], 23:39:26.736, select t0.id as c0, t0.title as c1, t0.done as c2, t0.due_date as c3, t0.folder as c4, t0.project_id as c5  from task t0  where t0.project_id = ?  
txn[1033], 23:39:26.737, FindMany type[Task] origin[Bm7UHS.BGCeS7.B7IzM0] exeMicros[966] rows[2] name[] predicates[t0.project_id = ? ] bind[1000] 
txn[1034], 23:39:29.371, select t0.id as c0, t0.title as c1, t0.done as c2, t0.due_date as c3, t0.folder as c4, t0.project_id as c5  from task t0 
txn[1034], 23:39:29.374, FindMany type[Task] origin[B0B5of.BGCeS7.BRGrCj] exeMicros[2667] rows[13] name[] predicates[] bind[] 
txn[1035], 23:39:29.374, select t0.id as c0, t0.name as c1, t0.folder as c2  from project t0  where t0.id = ?   
txn[1035], 23:39:29.375, FindMany mode[+lazy] type[Project] origin[B0B5of.BGCeS7.BRGrCj] lazyLoadProp[name] load[path:project batch:1 actual:1] exeMicros[564] rows[1] name[] predicates[t0.id = ?  ] bind[1000] 
txn[1036], 23:39:29.386, select t0.id as c0, t0.name as c1, t0.folder as c2  from project t0  where t0.id = ?   
txn[1036], 23:39:29.387, FindMany mode[+lazy] type[Project] origin[B0B5of.BGCeS7.BRGrCj] lazyLoadProp[name] load[path:project batch:1 actual:1] exeMicros[679] rows[1] name[] predicates[t0.id = ?  ] bind[1] 
txn[1037], 23:39:29.396, select t0.id as c0, t0.name as c1, t0.folder as c2  from project t0  where t0.id = ?   
txn[1037], 23:39:29.397, FindMany mode[+lazy] type[Project] origin[B0B5of.BGCeS7.BRGrCj] lazyLoadProp[name] load[path:project batch:1 actual:1] exeMicros[660] rows[1] name[] predicates[t0.id = ?  ] bind[2] 
txn[1038], 23:39:29.407, select t0.id as c0, t0.name as c1, t0.folder as c2  from project t0  where t0.id = ?   
txn[1038], 23:39:29.408, FindMany mode[+lazy] type[Project] origin[B0B5of.BGCeS7.BRGrCj] lazyLoadProp[name] load[path:project batch:1 actual:1] exeMicros[615] rows[1] name[] predicates[t0.id = ?  ] bind[5] 
txn[1039], 23:39:29.416, select t0.id as c0, t0.name as c1, t0.folder as c2  from project t0  where t0.id = ?   
txn[1039], 23:39:29.417, FindMany mode[+lazy] type[Project] origin[B0B5of.BGCeS7.BRGrCj] lazyLoadProp[name] load[path:project batch:1 actual:1] exeMicros[638] rows[1] name[] predicates[t0.id = ?  ] bind[7] 
txn[1040], 23:39:29.428, select t0.id as c0, t0.name as c1, t0.folder as c2  from project t0  where t0.id = ?   
txn[1040], 23:39:29.429, FindMany mode[+lazy] type[Project] origin[B0B5of.BGCeS7.BRGrCj] lazyLoadProp[name] load[path:project batch:1 actual:1] exeMicros[872] rows[1] name[] predicates[t0.id = ?  ] bind[9] 
txn[1041], 23:39:31.279, select t0.id as c0, t0.title as c1, t0.done as c2, t0.due_date as c3, t0.folder as c4, t0.project_id as c5  from task t0  where t0.project_id = ?  
txn[1041], 23:39:31.280, FindMany type[Task] origin[Bm7UHS.BGCeS7.B7IzM0] exeMicros[851] rows[2] name[] predicates[t0.project_id = ? ] bind[1000] 
txn[1042], 23:39:33.324, update task set done=? where id=? and title=? and done=? and due_date is null and folder=? and project_id=? 
txn[1042], 23:39:33.324, Binding Update [task]  set[done=true, ] where[id=1281, title=dewfewfew, done=false, dueDate=null, folder=New Folde2r, project_id=1000, ] 
txn[1042], 23:39:33.324, Updated [Task] [1281] 
txn[1043], 23:39:37.760, select t0.id as c0, t0.title as c1, t0.done as c2, t0.due_date as c3, t0.folder as c4, t0.project_id as c5  from task t0  where t0.project_id = ?  
txn[1043], 23:39:37.761, FindMany type[Task] origin[Bm7UHS.BGCeS7.B7IzM0] exeMicros[603] rows[0] name[] predicates[t0.project_id = ? ] bind[3] 
txn[1044], 23:39:39.202, select t0.id as c0, t0.title as c1, t0.done as c2, t0.due_date as c3, t0.folder as c4, t0.project_id as c5  from task t0  where t0.project_id = ?  
txn[1044], 23:39:39.203, FindMany type[Task] origin[Bm7UHS.BGCeS7.B7IzM0] exeMicros[949] rows[2] name[] predicates[t0.project_id = ? ] bind[1000] 
txn[1045], 23:45:32.974, select t0.id as c0, t0.title as c1, t0.done as c2, t0.due_date as c3, t0.folder as c4, t0.project_id as c5  from task t0  where t0.project_id = ?  
txn[1045], 23:45:32.976, FindMany type[Task] origin[Bm7UHS.BGCeS7.B7IzM0] exeMicros[1690] rows[6] name[] predicates[t0.project_id = ? ] bind[1] 
txn[1046], 23:45:34.543, select t0.id as c0, t0.title as c1, t0.done as c2, t0.due_date as c3, t0.folder as c4, t0.project_id as c5  from task t0  where t0.project_id = ?  
txn[1046], 23:45:34.544, FindMany type[Task] origin[Bm7UHS.BGCeS7.B7IzM0] exeMicros[910] rows[1] name[] predicates[t0.project_id = ? ] bind[2] 
txn[1047], 23:45:36.160, select t0.id as c0, t0.title as c1, t0.done as c2, t0.due_date as c3, t0.folder as c4, t0.project_id as c5  from task t0  where t0.project_id = ?  
txn[1047], 23:45:36.161, FindMany type[Task] origin[Bm7UHS.BGCeS7.B7IzM0] exeMicros[1000] rows[0] name[] predicates[t0.project_id = ? ] bind[3] 
txn[1048], 23:45:39.528, select t0.id as c0, t0.title as c1, t0.done as c2, t0.due_date as c3, t0.folder as c4, t0.project_id as c5  from task t0 
txn[1048], 23:45:39.531, FindMany type[Task] origin[B0B5of.BGCeS7.BRGrCj] exeMicros[2922] rows[13] name[] predicates[] bind[] 
txn[1049], 23:45:39.532, select t0.id as c0, t0.name as c1, t0.folder as c2  from project t0  where t0.id = ?   
txn[1049], 23:45:39.533, FindMany mode[+lazy] type[Project] origin[B0B5of.BGCeS7.BRGrCj] lazyLoadProp[name] load[path:project batch:1 actual:1] exeMicros[574] rows[1] name[] predicates[t0.id = ?  ] bind[1000] 
txn[1050], 23:45:39.542, select t0.id as c0, t0.name as c1, t0.folder as c2  from project t0  where t0.id = ?   
txn[1050], 23:45:39.543, FindMany mode[+lazy] type[Project] origin[B0B5of.BGCeS7.BRGrCj] lazyLoadProp[name] load[path:project batch:1 actual:1] exeMicros[719] rows[1] name[] predicates[t0.id = ?  ] bind[1] 
txn[1051], 23:45:39.551, select t0.id as c0, t0.name as c1, t0.folder as c2  from project t0  where t0.id = ?   
txn[1051], 23:45:39.552, FindMany mode[+lazy] type[Project] origin[B0B5of.BGCeS7.BRGrCj] lazyLoadProp[name] load[path:project batch:1 actual:1] exeMicros[704] rows[1] name[] predicates[t0.id = ?  ] bind[2] 
txn[1052], 23:45:39.563, select t0.id as c0, t0.name as c1, t0.folder as c2  from project t0  where t0.id = ?   
txn[1052], 23:45:39.563, FindMany mode[+lazy] type[Project] origin[B0B5of.BGCeS7.BRGrCj] lazyLoadProp[name] load[path:project batch:1 actual:1] exeMicros[665] rows[1] name[] predicates[t0.id = ?  ] bind[5] 
txn[1053], 23:45:39.572, select t0.id as c0, t0.name as c1, t0.folder as c2  from project t0  where t0.id = ?   
txn[1053], 23:45:39.573, FindMany mode[+lazy] type[Project] origin[B0B5of.BGCeS7.BRGrCj] lazyLoadProp[name] load[path:project batch:1 actual:1] exeMicros[694] rows[1] name[] predicates[t0.id = ?  ] bind[7] 
txn[1054], 23:45:39.582, select t0.id as c0, t0.name as c1, t0.folder as c2  from project t0  where t0.id = ?   
txn[1054], 23:45:39.583, FindMany mode[+lazy] type[Project] origin[B0B5of.BGCeS7.BRGrCj] lazyLoadProp[name] load[path:project batch:1 actual:1] exeMicros[663] rows[1] name[] predicates[t0.id = ?  ] bind[9] 
txn[1001], 23:46:50.463, select t0.id as c0, t0.name as c1, t0.folder as c2  from project t0 
txn[1001], 23:46:50.491, FindMany type[Project] origin[GZ9o4.BWY1YJ.Cf5WPI] exeMicros[27001] rows[9] name[] predicates[] bind[] 
txn[1002], 23:46:50.527, select t0.id as c0, t0.title as c1, t0.done as c2, t0.due_date as c3, t0.folder as c4, t0.project_id as c5  from task t0 
txn[1002], 23:46:50.531, FindMany type[Task] origin[B0B5of.BGCeS7.BNRK26] exeMicros[4621] rows[13] name[] predicates[] bind[] 
txn[1003], 23:46:50.539, select t0.id as c0, t0.name as c1, t0.folder as c2  from project t0  where t0.id = ?   
txn[1003], 23:46:50.541, FindMany mode[+lazy] type[Project] origin[B0B5of.BGCeS7.BNRK26] lazyLoadProp[name] load[path:project batch:1 actual:1] exeMicros[2338] rows[1] name[] predicates[t0.id = ?  ] bind[1000] 
txn[1004], 23:46:50.560, select t0.id as c0, t0.name as c1, t0.folder as c2  from project t0  where t0.id = ?   
txn[1004], 23:46:50.562, FindMany mode[+lazy] type[Project] origin[B0B5of.BGCeS7.BNRK26] lazyLoadProp[name] load[path:project batch:1 actual:1] exeMicros[1449] rows[1] name[] predicates[t0.id = ?  ] bind[1] 
txn[1005], 23:46:50.582, select t0.id as c0, t0.name as c1, t0.folder as c2  from project t0  where t0.id = ?   
txn[1005], 23:46:50.583, FindMany mode[+lazy] type[Project] origin[B0B5of.BGCeS7.BNRK26] lazyLoadProp[name] load[path:project batch:1 actual:1] exeMicros[1304] rows[1] name[] predicates[t0.id = ?  ] bind[2] 
txn[1006], 23:46:50.607, select t0.id as c0, t0.name as c1, t0.folder as c2  from project t0  where t0.id = ?   
txn[1006], 23:46:50.609, FindMany mode[+lazy] type[Project] origin[B0B5of.BGCeS7.BNRK26] lazyLoadProp[name] load[path:project batch:1 actual:1] exeMicros[2151] rows[1] name[] predicates[t0.id = ?  ] bind[5] 
txn[1007], 23:46:50.648, select t0.id as c0, t0.name as c1, t0.folder as c2  from project t0  where t0.id = ?   
txn[1007], 23:46:50.651, FindMany mode[+lazy] type[Project] origin[B0B5of.BGCeS7.BNRK26] lazyLoadProp[name] load[path:project batch:1 actual:1] exeMicros[3112] rows[1] name[] predicates[t0.id = ?  ] bind[7] 
txn[1008], 23:46:50.673, select t0.id as c0, t0.name as c1, t0.folder as c2  from project t0  where t0.id = ?   
txn[1008], 23:46:50.674, FindMany mode[+lazy] type[Project] origin[B0B5of.BGCeS7.BNRK26] lazyLoadProp[name] load[path:project batch:1 actual:1] exeMicros[936] rows[1] name[] predicates[t0.id = ?  ] bind[9] 
txn[1001], 23:48:50.572, select t0.id as c0, t0.name as c1, t0.folder as c2  from project t0 
txn[1001], 23:48:50.610, FindMany type[Project] origin[GZ9o4.BWY1YJ.Cf5WPI] exeMicros[37805] rows[9] name[] predicates[] bind[] 
txn[1002], 23:48:50.665, select t0.id as c0, t0.title as c1, t0.done as c2, t0.due_date as c3, t0.folder as c4, t0.project_id as c5  from task t0 
txn[1002], 23:48:50.670, FindMany type[Task] origin[B0B5of.BGCeS7.BNRK26] exeMicros[5035] rows[13] name[] predicates[] bind[] 
txn[1003], 23:48:50.681, select t0.id as c0, t0.name as c1, t0.folder as c2  from project t0  where t0.id = ?   
txn[1003], 23:48:50.684, FindMany mode[+lazy] type[Project] origin[B0B5of.BGCeS7.BNRK26] lazyLoadProp[name] load[path:project batch:1 actual:1] exeMicros[3312] rows[1] name[] predicates[t0.id = ?  ] bind[1000] 
txn[1004], 23:48:50.724, select t0.id as c0, t0.name as c1, t0.folder as c2  from project t0  where t0.id = ?   
txn[1004], 23:48:50.738, FindMany mode[+lazy] type[Project] origin[B0B5of.BGCeS7.BNRK26] lazyLoadProp[name] load[path:project batch:1 actual:1] exeMicros[14045] rows[1] name[] predicates[t0.id = ?  ] bind[1] 
txn[1005], 23:48:50.797, select t0.id as c0, t0.name as c1, t0.folder as c2  from project t0  where t0.id = ?   
txn[1005], 23:48:50.802, FindMany mode[+lazy] type[Project] origin[B0B5of.BGCeS7.BNRK26] lazyLoadProp[name] load[path:project batch:1 actual:1] exeMicros[4626] rows[1] name[] predicates[t0.id = ?  ] bind[2] 
txn[1006], 23:48:50.841, select t0.id as c0, t0.name as c1, t0.folder as c2  from project t0  where t0.id = ?   
txn[1006], 23:48:50.844, FindMany mode[+lazy] type[Project] origin[B0B5of.BGCeS7.BNRK26] lazyLoadProp[name] load[path:project batch:1 actual:1] exeMicros[2943] rows[1] name[] predicates[t0.id = ?  ] bind[5] 
txn[1007], 23:48:50.916, select t0.id as c0, t0.name as c1, t0.folder as c2  from project t0  where t0.id = ?   
txn[1007], 23:48:50.919, FindMany mode[+lazy] type[Project] origin[B0B5of.BGCeS7.BNRK26] lazyLoadProp[name] load[path:project batch:1 actual:1] exeMicros[2744] rows[1] name[] predicates[t0.id = ?  ] bind[7] 
txn[1008], 23:48:50.954, select t0.id as c0, t0.name as c1, t0.folder as c2  from project t0  where t0.id = ?   
txn[1008], 23:48:50.956, FindMany mode[+lazy] type[Project] origin[B0B5of.BGCeS7.BNRK26] lazyLoadProp[name] load[path:project batch:1 actual:1] exeMicros[1555] rows[1] name[] predicates[t0.id = ?  ] bind[9] 
txn[1009], 23:49:13.050, select t0.id as c0, t0.title as c1, t0.done as c2, t0.due_date as c3, t0.folder as c4, t0.project_id as c5  from task t0  where t0.project_id = ?  
txn[1009], 23:49:13.052, FindMany type[Task] origin[Bm7UHS.BGCeS7.B7IzM0] exeMicros[1761] rows[6] name[] predicates[t0.project_id = ? ] bind[1] 
txn[1010], 23:49:19.215, select t0.id as c0, t0.title as c1, t0.done as c2, t0.due_date as c3, t0.folder as c4, t0.project_id as c5  from task t0 
txn[1010], 23:49:19.218, FindMany type[Task] origin[B0B5of.BGCeS7.BRGrCj] exeMicros[2888] rows[13] name[] predicates[] bind[] 
txn[1011], 23:49:19.219, select t0.id as c0, t0.name as c1, t0.folder as c2  from project t0  where t0.id = ?   
txn[1011], 23:49:19.219, FindMany mode[+lazy] type[Project] origin[B0B5of.BGCeS7.BRGrCj] lazyLoadProp[name] load[path:project batch:1 actual:1] exeMicros[569] rows[1] name[] predicates[t0.id = ?  ] bind[1000] 
txn[1012], 23:49:19.233, select t0.id as c0, t0.name as c1, t0.folder as c2  from project t0  where t0.id = ?   
txn[1012], 23:49:19.234, FindMany mode[+lazy] type[Project] origin[B0B5of.BGCeS7.BRGrCj] lazyLoadProp[name] load[path:project batch:1 actual:1] exeMicros[675] rows[1] name[] predicates[t0.id = ?  ] bind[1] 
txn[1013], 23:49:19.248, select t0.id as c0, t0.name as c1, t0.folder as c2  from project t0  where t0.id = ?   
txn[1013], 23:49:19.248, FindMany mode[+lazy] type[Project] origin[B0B5of.BGCeS7.BRGrCj] lazyLoadProp[name] load[path:project batch:1 actual:1] exeMicros[538] rows[1] name[] predicates[t0.id = ?  ] bind[2] 
txn[1014], 23:49:19.258, select t0.id as c0, t0.name as c1, t0.folder as c2  from project t0  where t0.id = ?   
txn[1014], 23:49:19.259, FindMany mode[+lazy] type[Project] origin[B0B5of.BGCeS7.BRGrCj] lazyLoadProp[name] load[path:project batch:1 actual:1] exeMicros[692] rows[1] name[] predicates[t0.id = ?  ] bind[5] 
txn[1015], 23:49:19.270, select t0.id as c0, t0.name as c1, t0.folder as c2  from project t0  where t0.id = ?   
txn[1015], 23:49:19.270, FindMany mode[+lazy] type[Project] origin[B0B5of.BGCeS7.BRGrCj] lazyLoadProp[name] load[path:project batch:1 actual:1] exeMicros[663] rows[1] name[] predicates[t0.id = ?  ] bind[7] 
txn[1016], 23:49:19.281, select t0.id as c0, t0.name as c1, t0.folder as c2  from project t0  where t0.id = ?   
txn[1016], 23:49:19.282, FindMany mode[+lazy] type[Project] origin[B0B5of.BGCeS7.BRGrCj] lazyLoadProp[name] load[path:project batch:1 actual:1] exeMicros[659] rows[1] name[] predicates[t0.id = ?  ] bind[9] 
txn[1017], 23:49:26.821, select t0.id as c0, t0.title as c1, t0.done as c2, t0.due_date as c3, t0.folder as c4, t0.project_id as c5  from task t0  where t0.project_id = ?  
txn[1017], 23:49:26.823, FindMany type[Task] origin[Bm7UHS.BGCeS7.B7IzM0] exeMicros[2026] rows[6] name[] predicates[t0.project_id = ? ] bind[1] 
txn[1018], 23:49:32.657, select t0.id as c0, t0.title as c1, t0.done as c2, t0.due_date as c3, t0.folder as c4, t0.project_id as c5  from task t0 
txn[1018], 23:49:32.659, FindMany type[Task] origin[B0B5of.BGCeS7.BRGrCj] exeMicros[2327] rows[13] name[] predicates[] bind[] 
txn[1019], 23:49:32.660, select t0.id as c0, t0.name as c1, t0.folder as c2  from project t0  where t0.id = ?   
txn[1019], 23:49:32.661, FindMany mode[+lazy] type[Project] origin[B0B5of.BGCeS7.BRGrCj] lazyLoadProp[name] load[path:project batch:1 actual:1] exeMicros[563] rows[1] name[] predicates[t0.id = ?  ] bind[1000] 
txn[1020], 23:49:32.670, select t0.id as c0, t0.name as c1, t0.folder as c2  from project t0  where t0.id = ?   
txn[1020], 23:49:32.671, FindMany mode[+lazy] type[Project] origin[B0B5of.BGCeS7.BRGrCj] lazyLoadProp[name] load[path:project batch:1 actual:1] exeMicros[586] rows[1] name[] predicates[t0.id = ?  ] bind[1] 
txn[1021], 23:49:32.680, select t0.id as c0, t0.name as c1, t0.folder as c2  from project t0  where t0.id = ?   
txn[1021], 23:49:32.681, FindMany mode[+lazy] type[Project] origin[B0B5of.BGCeS7.BRGrCj] lazyLoadProp[name] load[path:project batch:1 actual:1] exeMicros[558] rows[1] name[] predicates[t0.id = ?  ] bind[2] 
txn[1022], 23:49:32.690, select t0.id as c0, t0.name as c1, t0.folder as c2  from project t0  where t0.id = ?   
txn[1022], 23:49:32.691, FindMany mode[+lazy] type[Project] origin[B0B5of.BGCeS7.BRGrCj] lazyLoadProp[name] load[path:project batch:1 actual:1] exeMicros[660] rows[1] name[] predicates[t0.id = ?  ] bind[5] 
txn[1023], 23:49:32.701, select t0.id as c0, t0.name as c1, t0.folder as c2  from project t0  where t0.id = ?   
txn[1023], 23:49:32.702, FindMany mode[+lazy] type[Project] origin[B0B5of.BGCeS7.BRGrCj] lazyLoadProp[name] load[path:project batch:1 actual:1] exeMicros[686] rows[1] name[] predicates[t0.id = ?  ] bind[7] 
txn[1024], 23:49:32.714, select t0.id as c0, t0.name as c1, t0.folder as c2  from project t0  where t0.id = ?   
txn[1024], 23:49:32.715, FindMany mode[+lazy] type[Project] origin[B0B5of.BGCeS7.BRGrCj] lazyLoadProp[name] load[path:project batch:1 actual:1] exeMicros[866] rows[1] name[] predicates[t0.id = ?  ] bind[9] 
txn[1001], 23:52:36.513, select t0.id as c0, t0.name as c1, t0.folder as c2  from project t0 
txn[1001], 23:52:36.539, FindMany type[Project] origin[GZ9o4.BWY1YJ.Cf5WPI] exeMicros[25368] rows[9] name[] predicates[] bind[] 
txn[1002], 23:52:36.576, select t0.id as c0, t0.title as c1, t0.done as c2, t0.due_date as c3, t0.folder as c4, t0.project_id as c5  from task t0 
txn[1002], 23:52:36.581, FindMany type[Task] origin[B0B5of.BGCeS7.BNRK26] exeMicros[4914] rows[13] name[] predicates[] bind[] 
txn[1003], 23:52:36.588, select t0.id as c0, t0.name as c1, t0.folder as c2  from project t0  where t0.id = ?   
txn[1003], 23:52:36.591, FindMany mode[+lazy] type[Project] origin[B0B5of.BGCeS7.BNRK26] lazyLoadProp[name] load[path:project batch:1 actual:1] exeMicros[2651] rows[1] name[] predicates[t0.id = ?  ] bind[1000] 
txn[1004], 23:52:36.618, select t0.id as c0, t0.name as c1, t0.folder as c2  from project t0  where t0.id = ?   
txn[1004], 23:52:36.620, FindMany mode[+lazy] type[Project] origin[B0B5of.BGCeS7.BNRK26] lazyLoadProp[name] load[path:project batch:1 actual:1] exeMicros[2041] rows[1] name[] predicates[t0.id = ?  ] bind[1] 
txn[1005], 23:52:36.650, select t0.id as c0, t0.name as c1, t0.folder as c2  from project t0  where t0.id = ?   
txn[1005], 23:52:36.651, FindMany mode[+lazy] type[Project] origin[B0B5of.BGCeS7.BNRK26] lazyLoadProp[name] load[path:project batch:1 actual:1] exeMicros[1675] rows[1] name[] predicates[t0.id = ?  ] bind[2] 
txn[1006], 23:52:36.685, select t0.id as c0, t0.name as c1, t0.folder as c2  from project t0  where t0.id = ?   
txn[1006], 23:52:36.686, FindMany mode[+lazy] type[Project] origin[B0B5of.BGCeS7.BNRK26] lazyLoadProp[name] load[path:project batch:1 actual:1] exeMicros[1543] rows[1] name[] predicates[t0.id = ?  ] bind[5] 
txn[1007], 23:52:36.730, select t0.id as c0, t0.name as c1, t0.folder as c2  from project t0  where t0.id = ?   
txn[1007], 23:52:36.732, FindMany mode[+lazy] type[Project] origin[B0B5of.BGCeS7.BNRK26] lazyLoadProp[name] load[path:project batch:1 actual:1] exeMicros[1413] rows[1] name[] predicates[t0.id = ?  ] bind[7] 
txn[1008], 23:52:36.757, select t0.id as c0, t0.name as c1, t0.folder as c2  from project t0  where t0.id = ?   
txn[1008], 23:52:36.758, FindMany mode[+lazy] type[Project] origin[B0B5of.BGCeS7.BNRK26] lazyLoadProp[name] load[path:project batch:1 actual:1] exeMicros[745] rows[1] name[] predicates[t0.id = ?  ] bind[9] 
