txn[1001], 20:52:15.644, select t0.id as c0, t0.name as c1, t0.folder as c2  from project t0 
txn[1001], 20:52:15.693, FindMany type[Project] origin[GZ9o4.BWY1YJ.Cf6J2k] exeMicros[49081] rows[9] name[] predicates[] bind[] 
txn[1002], 20:52:15.742, select t0.id as c0, t0.title as c1, t0.done as c2, t0.due_date as c3, t0.folder as c4, t0.project_id as c5  from task t0 
txn[1002], 20:52:15.749, FindMany type[Task] origin[B0B5of.BGCeS7.BNRLld] exeMicros[7514] rows[13] name[] predicates[] bind[] 
txn[1003], 20:52:15.777, select t0.id as c0, t0.name as c1, t0.folder as c2  from project t0  where t0.id = ?   
txn[1003], 20:52:15.787, FindMany mode[+lazy] type[Project] origin[B0B5of.BGCeS7.BNRLld] lazyLoadProp[name] load[path:project batch:1 actual:1] exeMicros[9512] rows[1] name[] predicates[t0.id = ?  ] bind[1] 
txn[1004], 20:52:15.915, select t0.id as c0, t0.name as c1, t0.folder as c2  from project t0  where t0.id = ?   
txn[1004], 20:52:15.917, FindMany mode[+lazy] type[Project] origin[B0B5of.BGCeS7.BNRLld] lazyLoadProp[name] load[path:project batch:1 actual:1] exeMicros[1347] rows[1] name[] predicates[t0.id = ?  ] bind[1000] 
txn[1005], 20:52:15.958, select t0.id as c0, t0.name as c1, t0.folder as c2  from project t0  where t0.id = ?   
txn[1005], 20:52:15.960, FindMany mode[+lazy] type[Project] origin[B0B5of.BGCeS7.BNRLld] lazyLoadProp[name] load[path:project batch:1 actual:1] exeMicros[1562] rows[1] name[] predicates[t0.id = ?  ] bind[2] 
txn[1006], 20:52:15.985, select t0.id as c0, t0.name as c1, t0.folder as c2  from project t0  where t0.id = ?   
txn[1006], 20:52:15.987, FindMany mode[+lazy] type[Project] origin[B0B5of.BGCeS7.BNRLld] lazyLoadProp[name] load[path:project batch:1 actual:1] exeMicros[1335] rows[1] name[] predicates[t0.id = ?  ] bind[5] 
txn[1007], 20:52:16.025, select t0.id as c0, t0.name as c1, t0.folder as c2  from project t0  where t0.id = ?   
txn[1007], 20:52:16.027, FindMany mode[+lazy] type[Project] origin[B0B5of.BGCeS7.BNRLld] lazyLoadProp[name] load[path:project batch:1 actual:1] exeMicros[1389] rows[1] name[] predicates[t0.id = ?  ] bind[7] 
txn[1008], 20:52:16.055, select t0.id as c0, t0.name as c1, t0.folder as c2  from project t0  where t0.id = ?   
txn[1008], 20:52:16.056, FindMany mode[+lazy] type[Project] origin[B0B5of.BGCeS7.BNRLld] lazyLoadProp[name] load[path:project batch:1 actual:1] exeMicros[745] rows[1] name[] predicates[t0.id = ?  ] bind[9] 
txn[1009], 20:52:20.180, select t0.id as c0, t0.title as c1, t0.done as c2, t0.due_date as c3, t0.folder as c4, t0.project_id as c5  from task t0  where t0.project_id = ?  
txn[1009], 20:52:20.187, FindMany type[Task] origin[Bm7UHS.BGCeS7.B7JQ_6] exeMicros[7096] rows[6] name[] predicates[t0.project_id = ? ] bind[1] 
txn[1010], 20:52:20.898, select t0.id as c0, t0.title as c1, t0.done as c2, t0.due_date as c3, t0.folder as c4, t0.project_id as c5  from task t0  where t0.project_id = ?  
txn[1010], 20:52:20.900, FindMany type[Task] origin[Bm7UHS.BGCeS7.B7JQ_6] exeMicros[2176] rows[6] name[] predicates[t0.project_id = ? ] bind[1] 
txn[1011], 20:52:31.844, select t0.id as c0, t0.title as c1, t0.done as c2, t0.due_date as c3, t0.folder as c4, t0.project_id as c5  from task t0  where t0.project_id = ?  
txn[1011], 20:52:31.846, FindMany type[Task] origin[Bm7UHS.BGCeS7.B7JQ_6] exeMicros[1390] rows[2] name[] predicates[t0.project_id = ? ] bind[5] 
txn[1012], 20:52:36.552, select t0.id as c0, t0.title as c1, t0.done as c2, t0.due_date as c3, t0.folder as c4, t0.project_id as c5  from task t0  where t0.project_id = ?  
txn[1012], 20:52:36.553, FindMany type[Task] origin[Bm7UHS.BGCeS7.B7JQ_6] exeMicros[1495] rows[1] name[] predicates[t0.project_id = ? ] bind[7] 
txn[1013], 20:52:38.289, select t0.id as c0, t0.title as c1, t0.done as c2, t0.due_date as c3, t0.folder as c4, t0.project_id as c5  from task t0  where t0.project_id = ?  
txn[1013], 20:52:38.290, FindMany type[Task] origin[Bm7UHS.BGCeS7.B7JQ_6] exeMicros[1112] rows[0] name[] predicates[t0.project_id = ? ] bind[3] 
txn[1014], 20:52:39.411, select t0.id as c0, t0.title as c1, t0.done as c2, t0.due_date as c3, t0.folder as c4, t0.project_id as c5  from task t0  where t0.project_id = ?  
txn[1014], 20:52:39.412, FindMany type[Task] origin[Bm7UHS.BGCeS7.B7JQ_6] exeMicros[831] rows[1] name[] predicates[t0.project_id = ? ] bind[2] 
txn[1015], 20:52:45.874, select t0.id as c0, t0.title as c1, t0.done as c2, t0.due_date as c3, t0.folder as c4, t0.project_id as c5  from task t0 
txn[1015], 20:52:45.876, FindMany type[Task] origin[B0B5of.BGCeS7.BRGrxG] exeMicros[2475] rows[13] name[] predicates[] bind[] 
txn[1016], 20:52:45.885, select t0.id as c0, t0.name as c1, t0.folder as c2  from project t0  where t0.id = ?   
txn[1016], 20:52:45.887, FindMany mode[+lazy] type[Project] origin[B0B5of.BGCeS7.BRGrxG] lazyLoadProp[name] load[path:project batch:1 actual:1] exeMicros[1632] rows[1] name[] predicates[t0.id = ?  ] bind[1] 
txn[1017], 20:52:45.927, select t0.id as c0, t0.name as c1, t0.folder as c2  from project t0  where t0.id = ?   
txn[1017], 20:52:45.928, FindMany mode[+lazy] type[Project] origin[B0B5of.BGCeS7.BRGrxG] lazyLoadProp[name] load[path:project batch:1 actual:1] exeMicros[548] rows[1] name[] predicates[t0.id = ?  ] bind[1000] 
txn[1018], 20:52:45.945, select t0.id as c0, t0.name as c1, t0.folder as c2  from project t0  where t0.id = ?   
txn[1018], 20:52:45.946, FindMany mode[+lazy] type[Project] origin[B0B5of.BGCeS7.BRGrxG] lazyLoadProp[name] load[path:project batch:1 actual:1] exeMicros[650] rows[1] name[] predicates[t0.id = ?  ] bind[2] 
txn[1019], 20:52:45.958, select t0.id as c0, t0.name as c1, t0.folder as c2  from project t0  where t0.id = ?   
txn[1019], 20:52:45.958, FindMany mode[+lazy] type[Project] origin[B0B5of.BGCeS7.BRGrxG] lazyLoadProp[name] load[path:project batch:1 actual:1] exeMicros[604] rows[1] name[] predicates[t0.id = ?  ] bind[5] 
txn[1020], 20:52:45.977, select t0.id as c0, t0.name as c1, t0.folder as c2  from project t0  where t0.id = ?   
txn[1020], 20:52:45.978, FindMany mode[+lazy] type[Project] origin[B0B5of.BGCeS7.BRGrxG] lazyLoadProp[name] load[path:project batch:1 actual:1] exeMicros[671] rows[1] name[] predicates[t0.id = ?  ] bind[7] 
txn[1021], 20:52:46.019, select t0.id as c0, t0.name as c1, t0.folder as c2  from project t0  where t0.id = ?   
txn[1021], 20:52:46.020, FindMany mode[+lazy] type[Project] origin[B0B5of.BGCeS7.BRGrxG] lazyLoadProp[name] load[path:project batch:1 actual:1] exeMicros[679] rows[1] name[] predicates[t0.id = ?  ] bind[9] 
txn[1022], 20:52:47.851, select t0.id as c0, t0.title as c1, t0.done as c2, t0.due_date as c3, t0.folder as c4, t0.project_id as c5  from task t0  where t0.project_id = ?  
txn[1022], 20:52:47.852, FindMany type[Task] origin[Bm7UHS.BGCeS7.B7JQ_6] exeMicros[1206] rows[6] name[] predicates[t0.project_id = ? ] bind[1] 
txn[1023], 20:52:49.106, select t0.id as c0, t0.title as c1, t0.done as c2, t0.due_date as c3, t0.folder as c4, t0.project_id as c5  from task t0  where t0.project_id = ?  
txn[1023], 20:52:49.107, FindMany type[Task] origin[Bm7UHS.BGCeS7.B7JQ_6] exeMicros[927] rows[1] name[] predicates[t0.project_id = ? ] bind[2] 
txn[1024], 20:52:50.610, select t0.id as c0, t0.title as c1, t0.done as c2, t0.due_date as c3, t0.folder as c4, t0.project_id as c5  from task t0  where t0.project_id = ?  
txn[1024], 20:52:50.611, FindMany type[Task] origin[Bm7UHS.BGCeS7.B7JQ_6] exeMicros[601] rows[0] name[] predicates[t0.project_id = ? ] bind[3] 
txn[1025], 20:52:52.070, select t0.id as c0, t0.title as c1, t0.done as c2, t0.due_date as c3, t0.folder as c4, t0.project_id as c5  from task t0  where t0.project_id = ?  
txn[1025], 20:52:52.071, FindMany type[Task] origin[Bm7UHS.BGCeS7.B7JQ_6] exeMicros[1002] rows[2] name[] predicates[t0.project_id = ? ] bind[5] 
txn[1026], 20:52:53.359, select t0.id as c0, t0.title as c1, t0.done as c2, t0.due_date as c3, t0.folder as c4, t0.project_id as c5  from task t0  where t0.project_id = ?  
txn[1026], 20:52:53.360, FindMany type[Task] origin[Bm7UHS.BGCeS7.B7JQ_6] exeMicros[843] rows[1] name[] predicates[t0.project_id = ? ] bind[7] 
txn[1027], 20:52:56.200, select t0.id as c0, t0.title as c1, t0.done as c2, t0.due_date as c3, t0.folder as c4, t0.project_id as c5  from task t0  where t0.project_id = ?  
txn[1027], 20:52:56.201, FindMany type[Task] origin[Bm7UHS.BGCeS7.B7JQ_6] exeMicros[926] rows[1] name[] predicates[t0.project_id = ? ] bind[9] 
txn[1028], 20:52:57.550, select t0.id as c0, t0.title as c1, t0.done as c2, t0.due_date as c3, t0.folder as c4, t0.project_id as c5  from task t0  where t0.project_id = ?  
txn[1028], 20:52:57.551, FindMany type[Task] origin[Bm7UHS.BGCeS7.B7JQ_6] exeMicros[689] rows[0] name[] predicates[t0.project_id = ? ] bind[10] 
txn[1029], 20:52:58.623, select t0.id as c0, t0.title as c1, t0.done as c2, t0.due_date as c3, t0.folder as c4, t0.project_id as c5  from task t0  where t0.project_id = ?  
txn[1029], 20:52:58.623, FindMany type[Task] origin[Bm7UHS.BGCeS7.B7JQ_6] exeMicros[497] rows[0] name[] predicates[t0.project_id = ? ] bind[11] 
txn[1030], 20:53:02.447, select t0.id as c0, t0.title as c1, t0.done as c2, t0.due_date as c3, t0.folder as c4, t0.project_id as c5  from task t0  where t0.project_id = ?  
txn[1030], 20:53:02.448, FindMany type[Task] origin[Bm7UHS.BGCeS7.B7JQ_6] exeMicros[831] rows[2] name[] predicates[t0.project_id = ? ] bind[1000] 
