txn[1001], 17:44:22.469, select t0.email as c0, t0.name as c1, t0.password as c2  from account t0  where t0.email = ?  and t0.password = ?  
txn[1001], 17:44:22.531, FindMany type[User] origin[DtpspF.BGH_c1.DBqyz-] exeMicros[62114] rows[1] name[] predicates[t0.email = ?  and t0.password = ? ] bind[guillaume@sample.com, secret] 
txn[1002], 17:44:22.698, select t0.email as c0, t0.name as c1, t0.password as c2  from account t0 where t0.email = ?   
txn[1002], 17:44:22.703, FindBean type[User] origin[CICHAw.BGH_c0.4ieRn] exeMicros[4616] rows[1] bind[guillaume@sample.com] 
txn[1003], 17:44:22.712, select distinct t0.id as c0, t0.name as c1, t0.folder as c2  from project t0 join project_account u1z_ on u1z_.project_id = t0.id  join account u1 on u1.email = u1z_.account_email   where u1.email = ?  
txn[1003], 17:44:22.726, FindMany type[Project] origin[DM8B9Y.BWY1YJ.Cf_LXT] exeMicros[13559] rows[8] name[] predicates[u1.email = ? ] bind[guillaume@sample.com] 
txn[1004], 17:44:22.742, select distinct t0.id as c0, t0.title as c1, t0.done as c2, t0.due_date as c3, t0.folder as c4, t0.assigned_to_email as c5, t0.project_id as c6  from task t0 join project u1 on u1.id = t0.project_id  join project_account u2z_ on u2z_.project_id = u1.id  join account u2 on u2.email = u2z_.account_email   where t0.done = ?  and u2.email = ?  
txn[1004], 17:44:22.754, FindMany type[Task] origin[CPibuZ.BGCeS7.CFo9PK] exeMicros[12593] rows[5] name[] predicates[t0.done = ?  and u2.email = ? ] bind[false, guillaume@sample.com] 
txn[1005], 17:44:22.772, select t0.id as c0, t0.name as c1, t0.folder as c2  from project t0  where t0.id = ?   
txn[1005], 17:44:22.774, FindMany mode[+lazy] type[Project] origin[CPibuZ.BGCeS7.CFo9PK] lazyLoadProp[name] load[path:project batch:1 actual:1] exeMicros[1447] rows[1] name[] predicates[t0.id = ?  ] bind[1100] 
txn[1006], 17:44:22.820, select t0.id as c0, t0.name as c1, t0.folder as c2  from project t0  where t0.id = ?   
txn[1006], 17:44:22.823, FindMany mode[+lazy] type[Project] origin[CPibuZ.BGCeS7.CFo9PK] lazyLoadProp[name] load[path:project batch:1 actual:1] exeMicros[2868] rows[1] name[] predicates[t0.id = ?  ] bind[2] 
txn[1007], 17:44:22.855, select t0.id as c0, t0.name as c1, t0.folder as c2  from project t0  where t0.id = ?   
txn[1007], 17:44:22.856, FindMany mode[+lazy] type[Project] origin[CPibuZ.BGCeS7.CFo9PK] lazyLoadProp[name] load[path:project batch:1 actual:1] exeMicros[1415] rows[1] name[] predicates[t0.id = ?  ] bind[3] 
txn[1008], 17:44:22.879, select t0.id as c0, t0.name as c1, t0.folder as c2  from project t0  where t0.id = ?   
txn[1008], 17:44:22.881, FindMany mode[+lazy] type[Project] origin[CPibuZ.BGCeS7.CFo9PK] lazyLoadProp[name] load[path:project batch:1 actual:1] exeMicros[1701] rows[1] name[] predicates[t0.id = ?  ] bind[4] 
txn[1009], 17:44:25.958, select t0.id as c0, t0.title as c1, t0.done as c2, t0.due_date as c3, t0.folder as c4, t0.assigned_to_email as c5, t0.project_id as c6  from task t0  where t0.project_id = ?  
txn[1009], 17:44:25.960, FindMany type[Task] origin[Bm7UHd.BGCeS7.BPb1yo] exeMicros[1868] rows[4] name[] predicates[t0.project_id = ? ] bind[2] 
txn[1010], 17:44:26.008, select t0.id as c0         , t1.email as c1, t1.name as c2, t1.password as c3  from project t0 left outer join project_account t1z_ on t1z_.project_id = t0.id  left outer join account t1 on t1.email = t1z_.account_email   where t0.id = ?    order by t0.id 
txn[1010], 17:44:26.016, FindMany mode[+lazy] type[Project] origin[DM8B9Y.BWY1YJ.Cf_LXT] load[path:members batch:1 actual:1] exeMicros[7027] rows[1:5] name[] predicates[t0.id = ?  ] bind[2] 
txn[1011], 17:44:26.021, select t0.email as c0, t0.name as c1, t0.password as c2  from account t0  where not (t0.email in (?, ?, ?, ?, ? ) )  
txn[1011], 17:44:26.023, FindMany type[User] origin[DAMlag.BGH_c1.BiQ-_t] exeMicros[1840] rows[0] name[] predicates[not (t0.email in (?, ?, ?, ?, ? ) ) ] bind[erwan@sample.com, guillaume@sample.com, maxime@sample.com, pengimu@dudada.com, sadek@sample.com] 
txn[1001], 23:57:20.854, select t0.email as c0, t0.name as c1, t0.password as c2  from account t0  where t0.email = ?  and t0.password = ?  
txn[1001], 23:57:20.902, FindMany type[User] origin[DtpspF.BGH_c1.DBqyz-] exeMicros[47338] rows[1] name[] predicates[t0.email = ?  and t0.password = ? ] bind[guillaume@sample.com, secret] 
txn[1002], 23:57:21.065, select t0.email as c0, t0.name as c1, t0.password as c2  from account t0 where t0.email = ?   
txn[1002], 23:57:21.072, FindBean type[User] origin[CICHAw.BGH_c0.4ieRn] exeMicros[7883] rows[1] bind[guillaume@sample.com] 
txn[1003], 23:57:21.083, select distinct t0.id as c0, t0.name as c1, t0.folder as c2  from project t0 join project_account u1z_ on u1z_.project_id = t0.id  join account u1 on u1.email = u1z_.account_email   where u1.email = ?  
txn[1003], 23:57:21.097, FindMany type[Project] origin[DM8B9Y.BWY1YJ.Cf_LXT] exeMicros[13796] rows[8] name[] predicates[u1.email = ? ] bind[guillaume@sample.com] 
txn[1004], 23:57:21.115, select distinct t0.id as c0, t0.title as c1, t0.done as c2, t0.due_date as c3, t0.folder as c4, t0.assigned_to_email as c5, t0.project_id as c6  from task t0 join project u1 on u1.id = t0.project_id  join project_account u2z_ on u2z_.project_id = u1.id  join account u2 on u2.email = u2z_.account_email   where t0.done = ?  and u2.email = ?  
txn[1004], 23:57:21.127, FindMany type[Task] origin[CPibuZ.BGCeS7.CFo9PK] exeMicros[12143] rows[5] name[] predicates[t0.done = ?  and u2.email = ? ] bind[false, guillaume@sample.com] 
txn[1005], 23:57:21.148, select t0.id as c0, t0.name as c1, t0.folder as c2  from project t0  where t0.id = ?   
txn[1005], 23:57:21.150, FindMany mode[+lazy] type[Project] origin[CPibuZ.BGCeS7.CFo9PK] lazyLoadProp[name] load[path:project batch:1 actual:1] exeMicros[1496] rows[1] name[] predicates[t0.id = ?  ] bind[1100] 
txn[1006], 23:57:21.193, select t0.id as c0, t0.name as c1, t0.folder as c2  from project t0  where t0.id = ?   
txn[1006], 23:57:21.195, FindMany mode[+lazy] type[Project] origin[CPibuZ.BGCeS7.CFo9PK] lazyLoadProp[name] load[path:project batch:1 actual:1] exeMicros[1841] rows[1] name[] predicates[t0.id = ?  ] bind[2] 
txn[1007], 23:57:21.224, select t0.id as c0, t0.name as c1, t0.folder as c2  from project t0  where t0.id = ?   
txn[1007], 23:57:21.225, FindMany mode[+lazy] type[Project] origin[CPibuZ.BGCeS7.CFo9PK] lazyLoadProp[name] load[path:project batch:1 actual:1] exeMicros[1149] rows[1] name[] predicates[t0.id = ?  ] bind[3] 
txn[1008], 23:57:21.248, select t0.id as c0, t0.name as c1, t0.folder as c2  from project t0  where t0.id = ?   
txn[1008], 23:57:21.249, FindMany mode[+lazy] type[Project] origin[CPibuZ.BGCeS7.CFo9PK] lazyLoadProp[name] load[path:project batch:1 actual:1] exeMicros[1279] rows[1] name[] predicates[t0.id = ?  ] bind[4] 
