txn[1001], 01:12:08.348, select t0.email as c0, t0.name as c1, t0.password as c2  from account t0  where t0.email = ?  and t0.password = ?  
txn[1001], 01:12:08.401, FindMany type[User] origin[DtpspF.BGH_c1.DBqyz-] exeMicros[52879] rows[1] name[] predicates[t0.email = ?  and t0.password = ? ] bind[guillaume@sample.com, secret] 
txn[1002], 01:12:08.559, select t0.email as c0, t0.name as c1, t0.password as c2  from account t0 where t0.email = ?   
txn[1002], 01:12:08.563, FindBean type[User] origin[CICHA0.BGH_c0.4ieRp] exeMicros[4400] rows[1] bind[guillaume@sample.com] 
txn[1003], 01:12:08.569, select distinct t0.id as c0, t0.name as c1, t0.folder as c2  from project t0 join project_account u1z_ on u1z_.project_id = t0.id  join account u1 on u1.email = u1z_.account_email   where u1.email = ?  
txn[1003], 01:12:08.582, FindMany type[Project] origin[DM8B9Y.BWY1YJ.Cf_LXT] exeMicros[13208] rows[6] name[] predicates[u1.email = ? ] bind[guillaume@sample.com] 
txn[1004], 01:12:08.599, select distinct t0.id as c0, t0.title as c1, t0.done as c2, t0.due_date as c3, t0.folder as c4, t0.assigned_to_email as c5, t0.project_id as c6  from task t0 join project u1 on u1.id = t0.project_id  join project_account u2z_ on u2z_.project_id = u1.id  join account u2 on u2.email = u2z_.account_email   where t0.done = ?  and u2.email = ?  
txn[1004], 01:12:08.608, FindMany type[Task] origin[CPibuZ.BGCeS7.CFo8TG] exeMicros[9294] rows[4] name[] predicates[t0.done = ?  and u2.email = ? ] bind[false, guillaume@sample.com] 
txn[1005], 01:12:08.629, select t0.id as c0, t0.name as c1, t0.folder as c2  from project t0  where t0.id = ?   
txn[1005], 01:12:08.631, FindMany mode[+lazy] type[Project] origin[CPibuZ.BGCeS7.CFo8TG] lazyLoadProp[name] load[path:project batch:1 actual:1] exeMicros[1958] rows[1] name[] predicates[t0.id = ?  ] bind[1] 
txn[1006], 01:12:08.680, select t0.id as c0, t0.name as c1, t0.folder as c2  from project t0  where t0.id = ?   
txn[1006], 01:12:08.682, FindMany mode[+lazy] type[Project] origin[CPibuZ.BGCeS7.CFo8TG] lazyLoadProp[name] load[path:project batch:1 actual:1] exeMicros[1337] rows[1] name[] predicates[t0.id = ?  ] bind[2] 
txn[1007], 01:12:08.712, select t0.id as c0, t0.name as c1, t0.folder as c2  from project t0  where t0.id = ?   
txn[1007], 01:12:08.714, FindMany mode[+lazy] type[Project] origin[CPibuZ.BGCeS7.CFo8TG] lazyLoadProp[name] load[path:project batch:1 actual:1] exeMicros[1685] rows[1] name[] predicates[t0.id = ?  ] bind[4] 
txn[1008], 01:12:13.291, select t0.id as c0, t0.title as c1, t0.done as c2, t0.due_date as c3, t0.folder as c4, t0.assigned_to_email as c5, t0.project_id as c6  from task t0  where t0.project_id = ?  
txn[1008], 01:12:13.292, FindMany type[Task] origin[Bm7UHd.BGCeS7.B7OD75] exeMicros[1716] rows[2] name[] predicates[t0.project_id = ? ] bind[2] 
txn[1009], 01:12:14.849, select t0.id as c0, t0.title as c1, t0.done as c2, t0.due_date as c3, t0.folder as c4, t0.assigned_to_email as c5, t0.project_id as c6  from task t0  where t0.project_id = ?  
txn[1009], 01:12:14.851, FindMany type[Task] origin[Bm7UHd.BGCeS7.B7OD75] exeMicros[1418] rows[0] name[] predicates[t0.project_id = ? ] bind[3] 
txn[1010], 01:12:16.419, select t0.id as c0, t0.title as c1, t0.done as c2, t0.due_date as c3, t0.folder as c4, t0.assigned_to_email as c5, t0.project_id as c6  from task t0  where t0.project_id = ?  
txn[1010], 01:12:16.421, FindMany type[Task] origin[Bm7UHd.BGCeS7.B7OD75] exeMicros[1723] rows[2] name[] predicates[t0.project_id = ? ] bind[1] 
txn[1011], 01:12:17.974, select t0.id as c0, t0.title as c1, t0.done as c2, t0.due_date as c3, t0.folder as c4, t0.assigned_to_email as c5, t0.project_id as c6  from task t0  where t0.project_id = ?  
txn[1011], 01:12:17.975, FindMany type[Task] origin[Bm7UHd.BGCeS7.B7OD75] exeMicros[1718] rows[2] name[] predicates[t0.project_id = ? ] bind[2] 
txn[1012], 01:12:22.242, select t0.id as c0, t0.title as c1, t0.done as c2, t0.due_date as c3, t0.folder as c4, t0.assigned_to_email as c5, t0.project_id as c6  from task t0  where t0.project_id = ?  
txn[1012], 01:12:22.244, FindMany type[Task] origin[Bm7UHd.BGCeS7.B7OD75] exeMicros[1441] rows[0] name[] predicates[t0.project_id = ? ] bind[6] 
txn[1013], 01:12:24.532, select t0.id as c0, t0.title as c1, t0.done as c2, t0.due_date as c3, t0.folder as c4, t0.assigned_to_email as c5, t0.project_id as c6  from task t0  where t0.project_id = ?  
txn[1013], 01:12:24.533, FindMany type[Task] origin[Bm7UHd.BGCeS7.B7OD75] exeMicros[894] rows[1] name[] predicates[t0.project_id = ? ] bind[4] 
txn[1014], 01:12:25.981, select t0.id as c0, t0.title as c1, t0.done as c2, t0.due_date as c3, t0.folder as c4, t0.assigned_to_email as c5, t0.project_id as c6  from task t0  where t0.project_id = ?  
txn[1014], 01:12:25.982, FindMany type[Task] origin[Bm7UHd.BGCeS7.B7OD75] exeMicros[893] rows[1] name[] predicates[t0.project_id = ? ] bind[7] 
txn[1015], 01:12:27.103, select t0.id as c0, t0.title as c1, t0.done as c2, t0.due_date as c3, t0.folder as c4, t0.assigned_to_email as c5, t0.project_id as c6  from task t0  where t0.project_id = ?  
txn[1015], 01:12:27.104, FindMany type[Task] origin[Bm7UHd.BGCeS7.B7OD75] exeMicros[858] rows[1] name[] predicates[t0.project_id = ? ] bind[4] 
txn[1016], 01:12:29.480, select t0.id as c0, t0.title as c1, t0.done as c2, t0.due_date as c3, t0.folder as c4, t0.assigned_to_email as c5, t0.project_id as c6  from task t0  where t0.project_id = ?  
txn[1016], 01:12:29.481, FindMany type[Task] origin[Bm7UHd.BGCeS7.B7OD75] exeMicros[946] rows[2] name[] predicates[t0.project_id = ? ] bind[2] 
txn[1017], 01:12:44.350, select t0.email as c0, t0.name as c1, t0.password as c2  from account t0  where t0.email = ?  and t0.password = ?  
txn[1017], 01:12:44.351, FindMany type[User] origin[DtpspF.BGH_c1.DBqyz-] exeMicros[1057] rows[1] name[] predicates[t0.email = ?  and t0.password = ? ] bind[guillaume@sample.com, secret] 
txn[1018], 01:12:44.412, select t0.email as c0, t0.name as c1, t0.password as c2  from account t0 where t0.email = ?   
txn[1018], 01:12:44.413, FindBean type[User] origin[CICHA0.BGH_c0.4ieRp] exeMicros[1075] rows[1] bind[guillaume@sample.com] 
txn[1019], 01:12:44.414, select distinct t0.id as c0, t0.name as c1, t0.folder as c2  from project t0 join project_account u1z_ on u1z_.project_id = t0.id  join account u1 on u1.email = u1z_.account_email   where u1.email = ?  
txn[1019], 01:12:44.416, FindMany type[Project] origin[DM8B9Y.BWY1YJ.Cf_LXT] exeMicros[2074] rows[6] name[] predicates[u1.email = ? ] bind[guillaume@sample.com] 
txn[1020], 01:12:44.420, select distinct t0.id as c0, t0.title as c1, t0.done as c2, t0.due_date as c3, t0.folder as c4, t0.assigned_to_email as c5, t0.project_id as c6  from task t0 join project u1 on u1.id = t0.project_id  join project_account u2z_ on u2z_.project_id = u1.id  join account u2 on u2.email = u2z_.account_email   where t0.done = ?  and u2.email = ?  
txn[1020], 01:12:44.424, FindMany type[Task] origin[CPibuZ.BGCeS7.CFo8TG] exeMicros[3392] rows[4] name[] predicates[t0.done = ?  and u2.email = ? ] bind[false, guillaume@sample.com] 
txn[1021], 01:12:44.432, select t0.id as c0, t0.name as c1, t0.folder as c2  from project t0  where t0.id = ?   
txn[1021], 01:12:44.433, FindMany mode[+lazy] type[Project] origin[CPibuZ.BGCeS7.CFo8TG] lazyLoadProp[name] load[path:project batch:1 actual:1] exeMicros[996] rows[1] name[] predicates[t0.id = ?  ] bind[1] 
txn[1022], 01:12:44.452, select t0.id as c0, t0.name as c1, t0.folder as c2  from project t0  where t0.id = ?   
txn[1022], 01:12:44.454, FindMany mode[+lazy] type[Project] origin[CPibuZ.BGCeS7.CFo8TG] lazyLoadProp[name] load[path:project batch:1 actual:1] exeMicros[1077] rows[1] name[] predicates[t0.id = ?  ] bind[2] 
txn[1023], 01:12:44.467, select t0.id as c0, t0.name as c1, t0.folder as c2  from project t0  where t0.id = ?   
txn[1023], 01:12:44.467, FindMany mode[+lazy] type[Project] origin[CPibuZ.BGCeS7.CFo8TG] lazyLoadProp[name] load[path:project batch:1 actual:1] exeMicros[576] rows[1] name[] predicates[t0.id = ?  ] bind[4] 
txn[1024], 01:12:50.273, select t0.email as c0, t0.name as c1, t0.password as c2  from account t0  where t0.email = ?  and t0.password = ?  
txn[1024], 01:12:50.274, FindMany type[User] origin[DtpspF.BGH_c1.DBqyz-] exeMicros[1663] rows[1] name[] predicates[t0.email = ?  and t0.password = ? ] bind[guillaume@sample.com, secret] 
txn[1025], 01:12:50.322, select t0.email as c0, t0.name as c1, t0.password as c2  from account t0 where t0.email = ?   
txn[1025], 01:12:50.324, FindBean type[User] origin[CICHA0.BGH_c0.4ieRp] exeMicros[1150] rows[1] bind[guillaume@sample.com] 
txn[1026], 01:12:50.324, select distinct t0.id as c0, t0.name as c1, t0.folder as c2  from project t0 join project_account u1z_ on u1z_.project_id = t0.id  join account u1 on u1.email = u1z_.account_email   where u1.email = ?  
txn[1026], 01:12:50.327, FindMany type[Project] origin[DM8B9Y.BWY1YJ.Cf_LXT] exeMicros[2259] rows[6] name[] predicates[u1.email = ? ] bind[guillaume@sample.com] 
txn[1027], 01:12:50.332, select distinct t0.id as c0, t0.title as c1, t0.done as c2, t0.due_date as c3, t0.folder as c4, t0.assigned_to_email as c5, t0.project_id as c6  from task t0 join project u1 on u1.id = t0.project_id  join project_account u2z_ on u2z_.project_id = u1.id  join account u2 on u2.email = u2z_.account_email   where t0.done = ?  and u2.email = ?  
txn[1027], 01:12:50.336, FindMany type[Task] origin[CPibuZ.BGCeS7.CFo8TG] exeMicros[3947] rows[4] name[] predicates[t0.done = ?  and u2.email = ? ] bind[false, guillaume@sample.com] 
txn[1028], 01:12:50.346, select t0.id as c0, t0.name as c1, t0.folder as c2  from project t0  where t0.id = ?   
txn[1028], 01:12:50.347, FindMany mode[+lazy] type[Project] origin[CPibuZ.BGCeS7.CFo8TG] lazyLoadProp[name] load[path:project batch:1 actual:1] exeMicros[601] rows[1] name[] predicates[t0.id = ?  ] bind[1] 
txn[1029], 01:12:50.365, select t0.id as c0, t0.name as c1, t0.folder as c2  from project t0  where t0.id = ?   
txn[1029], 01:12:50.366, FindMany mode[+lazy] type[Project] origin[CPibuZ.BGCeS7.CFo8TG] lazyLoadProp[name] load[path:project batch:1 actual:1] exeMicros[651] rows[1] name[] predicates[t0.id = ?  ] bind[2] 
txn[1030], 01:12:50.380, select t0.id as c0, t0.name as c1, t0.folder as c2  from project t0  where t0.id = ?   
txn[1030], 01:12:50.381, FindMany mode[+lazy] type[Project] origin[CPibuZ.BGCeS7.CFo8TG] lazyLoadProp[name] load[path:project batch:1 actual:1] exeMicros[660] rows[1] name[] predicates[t0.id = ?  ] bind[4] 
txn[1001], 01:13:30.763, select t0.email as c0, t0.name as c1, t0.password as c2  from account t0  where t0.email = ?  and t0.password = ?  
txn[1001], 01:13:30.807, FindMany type[User] origin[DtpspF.BGH_c1.DBqyz-] exeMicros[43601] rows[1] name[] predicates[t0.email = ?  and t0.password = ? ] bind[guillaume@sample.com, secret] 
txn[1002], 01:13:30.958, select t0.email as c0, t0.name as c1, t0.password as c2  from account t0 where t0.email = ?   
txn[1002], 01:13:30.962, FindBean type[User] origin[CICHA0.BGH_c0.4ieRp] exeMicros[3793] rows[1] bind[guillaume@sample.com] 
txn[1003], 01:13:30.970, select distinct t0.id as c0, t0.name as c1, t0.folder as c2  from project t0 join project_account u1z_ on u1z_.project_id = t0.id  join account u1 on u1.email = u1z_.account_email   where u1.email = ?  
txn[1003], 01:13:30.978, FindMany type[Project] origin[DM8B9Y.BWY1YJ.Cf_LXT] exeMicros[7398] rows[6] name[] predicates[u1.email = ? ] bind[guillaume@sample.com] 
txn[1004], 01:13:30.993, select distinct t0.id as c0, t0.title as c1, t0.done as c2, t0.due_date as c3, t0.folder as c4, t0.assigned_to_email as c5, t0.project_id as c6  from task t0 join project u1 on u1.id = t0.project_id  join project_account u2z_ on u2z_.project_id = u1.id  join account u2 on u2.email = u2z_.account_email   where t0.done = ?  and u2.email = ?  
txn[1004], 01:13:31.000, FindMany type[Task] origin[CPibuZ.BGCeS7.CFo8TG] exeMicros[7056] rows[4] name[] predicates[t0.done = ?  and u2.email = ? ] bind[false, guillaume@sample.com] 
txn[1005], 01:13:31.017, select t0.id as c0, t0.name as c1, t0.folder as c2  from project t0  where t0.id = ?   
txn[1005], 01:13:31.019, FindMany mode[+lazy] type[Project] origin[CPibuZ.BGCeS7.CFo8TG] lazyLoadProp[name] load[path:project batch:1 actual:1] exeMicros[1737] rows[1] name[] predicates[t0.id = ?  ] bind[1] 
txn[1006], 01:13:31.071, select t0.id as c0, t0.name as c1, t0.folder as c2  from project t0  where t0.id = ?   
txn[1006], 01:13:31.072, FindMany mode[+lazy] type[Project] origin[CPibuZ.BGCeS7.CFo8TG] lazyLoadProp[name] load[path:project batch:1 actual:1] exeMicros[1409] rows[1] name[] predicates[t0.id = ?  ] bind[2] 
txn[1007], 01:13:31.102, select t0.id as c0, t0.name as c1, t0.folder as c2  from project t0  where t0.id = ?   
txn[1007], 01:13:31.104, FindMany mode[+lazy] type[Project] origin[CPibuZ.BGCeS7.CFo8TG] lazyLoadProp[name] load[path:project batch:1 actual:1] exeMicros[1431] rows[1] name[] predicates[t0.id = ?  ] bind[4] 
txn[1008], 01:13:34.959, select t0.email as c0, t0.name as c1, t0.password as c2  from account t0  where t0.email = ?  and t0.password = ?  
txn[1008], 01:13:34.960, FindMany type[User] origin[DtpspF.BGH_c1.DBqyz-] exeMicros[1071] rows[1] name[] predicates[t0.email = ?  and t0.password = ? ] bind[guillaume@sample.com, secret] 
txn[1009], 01:13:35.038, select t0.email as c0, t0.name as c1, t0.password as c2  from account t0 where t0.email = ?   
txn[1009], 01:13:35.039, FindBean type[User] origin[CICHA0.BGH_c0.4ieRp] exeMicros[1397] rows[1] bind[guillaume@sample.com] 
txn[1010], 01:13:35.040, select distinct t0.id as c0, t0.name as c1, t0.folder as c2  from project t0 join project_account u1z_ on u1z_.project_id = t0.id  join account u1 on u1.email = u1z_.account_email   where u1.email = ?  
txn[1010], 01:13:35.043, FindMany type[Project] origin[DM8B9Y.BWY1YJ.Cf_LXT] exeMicros[2472] rows[6] name[] predicates[u1.email = ? ] bind[guillaume@sample.com] 
txn[1011], 01:13:35.049, select distinct t0.id as c0, t0.title as c1, t0.done as c2, t0.due_date as c3, t0.folder as c4, t0.assigned_to_email as c5, t0.project_id as c6  from task t0 join project u1 on u1.id = t0.project_id  join project_account u2z_ on u2z_.project_id = u1.id  join account u2 on u2.email = u2z_.account_email   where t0.done = ?  and u2.email = ?  
txn[1011], 01:13:35.054, FindMany type[Task] origin[CPibuZ.BGCeS7.CFo8TG] exeMicros[4961] rows[4] name[] predicates[t0.done = ?  and u2.email = ? ] bind[false, guillaume@sample.com] 
txn[1012], 01:13:35.068, select t0.id as c0, t0.name as c1, t0.folder as c2  from project t0  where t0.id = ?   
txn[1012], 01:13:35.070, FindMany mode[+lazy] type[Project] origin[CPibuZ.BGCeS7.CFo8TG] lazyLoadProp[name] load[path:project batch:1 actual:1] exeMicros[1978] rows[1] name[] predicates[t0.id = ?  ] bind[1] 
txn[1013], 01:13:35.101, select t0.id as c0, t0.name as c1, t0.folder as c2  from project t0  where t0.id = ?   
txn[1013], 01:13:35.103, FindMany mode[+lazy] type[Project] origin[CPibuZ.BGCeS7.CFo8TG] lazyLoadProp[name] load[path:project batch:1 actual:1] exeMicros[2745] rows[1] name[] predicates[t0.id = ?  ] bind[2] 
txn[1014], 01:13:35.131, select t0.id as c0, t0.name as c1, t0.folder as c2  from project t0  where t0.id = ?   
txn[1014], 01:13:35.132, FindMany mode[+lazy] type[Project] origin[CPibuZ.BGCeS7.CFo8TG] lazyLoadProp[name] load[path:project batch:1 actual:1] exeMicros[1007] rows[1] name[] predicates[t0.id = ?  ] bind[4] 
txn[1015], 01:13:44.593, select t0.email as c0, t0.name as c1, t0.password as c2  from account t0  where t0.email = ?  and t0.password = ?  
txn[1015], 01:13:44.594, FindMany type[User] origin[DtpspF.BGH_c1.DBqyz-] exeMicros[1447] rows[1] name[] predicates[t0.email = ?  and t0.password = ? ] bind[guillaume@sample.com, secret] 
txn[1016], 01:13:44.638, select t0.email as c0, t0.name as c1, t0.password as c2  from account t0 where t0.email = ?   
txn[1016], 01:13:44.639, FindBean type[User] origin[CICHA0.BGH_c0.4ieRp] exeMicros[1032] rows[1] bind[guillaume@sample.com] 
txn[1017], 01:13:44.639, select distinct t0.id as c0, t0.name as c1, t0.folder as c2  from project t0 join project_account u1z_ on u1z_.project_id = t0.id  join account u1 on u1.email = u1z_.account_email   where u1.email = ?  
txn[1017], 01:13:44.641, FindMany type[Project] origin[DM8B9Y.BWY1YJ.Cf_LXT] exeMicros[1986] rows[6] name[] predicates[u1.email = ? ] bind[guillaume@sample.com] 
txn[1018], 01:13:44.646, select distinct t0.id as c0, t0.title as c1, t0.done as c2, t0.due_date as c3, t0.folder as c4, t0.assigned_to_email as c5, t0.project_id as c6  from task t0 join project u1 on u1.id = t0.project_id  join project_account u2z_ on u2z_.project_id = u1.id  join account u2 on u2.email = u2z_.account_email   where t0.done = ?  and u2.email = ?  
txn[1018], 01:13:44.649, FindMany type[Task] origin[CPibuZ.BGCeS7.CFo8TG] exeMicros[3185] rows[4] name[] predicates[t0.done = ?  and u2.email = ? ] bind[false, guillaume@sample.com] 
txn[1019], 01:13:44.659, select t0.id as c0, t0.name as c1, t0.folder as c2  from project t0  where t0.id = ?   
txn[1019], 01:13:44.659, FindMany mode[+lazy] type[Project] origin[CPibuZ.BGCeS7.CFo8TG] lazyLoadProp[name] load[path:project batch:1 actual:1] exeMicros[691] rows[1] name[] predicates[t0.id = ?  ] bind[1] 
txn[1020], 01:13:44.684, select t0.id as c0, t0.name as c1, t0.folder as c2  from project t0  where t0.id = ?   
txn[1020], 01:13:44.685, FindMany mode[+lazy] type[Project] origin[CPibuZ.BGCeS7.CFo8TG] lazyLoadProp[name] load[path:project batch:1 actual:1] exeMicros[681] rows[1] name[] predicates[t0.id = ?  ] bind[2] 
txn[1021], 01:13:44.718, select t0.id as c0, t0.name as c1, t0.folder as c2  from project t0  where t0.id = ?   
txn[1021], 01:13:44.718, FindMany mode[+lazy] type[Project] origin[CPibuZ.BGCeS7.CFo8TG] lazyLoadProp[name] load[path:project batch:1 actual:1] exeMicros[690] rows[1] name[] predicates[t0.id = ?  ] bind[4] 
txn[1001], 01:14:04.083, select t0.email as c0, t0.name as c1, t0.password as c2  from account t0  where t0.email = ?  and t0.password = ?  
txn[1001], 01:14:04.128, FindMany type[User] origin[DtpspF.BGH_c1.DBqyz-] exeMicros[45372] rows[1] name[] predicates[t0.email = ?  and t0.password = ? ] bind[guillaume@sample.com, secret] 
txn[1002], 01:14:04.274, select t0.email as c0, t0.name as c1, t0.password as c2  from account t0 where t0.email = ?   
txn[1002], 01:14:04.279, FindBean type[User] origin[CICHA0.BGH_c0.4ieRp] exeMicros[4726] rows[1] bind[guillaume@sample.com] 
txn[1003], 01:14:04.286, select distinct t0.id as c0, t0.name as c1, t0.folder as c2  from project t0 join project_account u1z_ on u1z_.project_id = t0.id  join account u1 on u1.email = u1z_.account_email   where u1.email = ?  
txn[1003], 01:14:04.291, FindMany type[Project] origin[DM8B9Y.BWY1YJ.Cf_LXT] exeMicros[4966] rows[6] name[] predicates[u1.email = ? ] bind[guillaume@sample.com] 
txn[1004], 01:14:04.307, select distinct t0.id as c0, t0.title as c1, t0.done as c2, t0.due_date as c3, t0.folder as c4, t0.assigned_to_email as c5, t0.project_id as c6  from task t0 join project u1 on u1.id = t0.project_id  join project_account u2z_ on u2z_.project_id = u1.id  join account u2 on u2.email = u2z_.account_email   where t0.done = ?  and u2.email = ?  
txn[1004], 01:14:04.315, FindMany type[Task] origin[CPibuZ.BGCeS7.CFo8TG] exeMicros[7820] rows[4] name[] predicates[t0.done = ?  and u2.email = ? ] bind[false, guillaume@sample.com] 
txn[1005], 01:14:04.337, select t0.id as c0, t0.name as c1, t0.folder as c2  from project t0  where t0.id = ?   
txn[1005], 01:14:04.338, FindMany mode[+lazy] type[Project] origin[CPibuZ.BGCeS7.CFo8TG] lazyLoadProp[name] load[path:project batch:1 actual:1] exeMicros[1426] rows[1] name[] predicates[t0.id = ?  ] bind[1] 
txn[1006], 01:14:04.389, select t0.id as c0, t0.name as c1, t0.folder as c2  from project t0  where t0.id = ?   
txn[1006], 01:14:04.391, FindMany mode[+lazy] type[Project] origin[CPibuZ.BGCeS7.CFo8TG] lazyLoadProp[name] load[path:project batch:1 actual:1] exeMicros[1679] rows[1] name[] predicates[t0.id = ?  ] bind[2] 
txn[1007], 01:14:04.426, select t0.id as c0, t0.name as c1, t0.folder as c2  from project t0  where t0.id = ?   
txn[1007], 01:14:04.427, FindMany mode[+lazy] type[Project] origin[CPibuZ.BGCeS7.CFo8TG] lazyLoadProp[name] load[path:project batch:1 actual:1] exeMicros[1748] rows[1] name[] predicates[t0.id = ?  ] bind[4] 
txn[1008], 01:14:11.968, select t0.id as c0, t0.title as c1, t0.done as c2, t0.due_date as c3, t0.folder as c4, t0.assigned_to_email as c5, t0.project_id as c6  from task t0  where t0.project_id = ?  
txn[1008], 01:14:11.970, FindMany type[Task] origin[Bm7UHd.BGCeS7.B7OD75] exeMicros[2452] rows[2] name[] predicates[t0.project_id = ? ] bind[2] 
txn[1009], 01:14:13.919, select t0.id as c0, t0.title as c1, t0.done as c2, t0.due_date as c3, t0.folder as c4, t0.assigned_to_email as c5, t0.project_id as c6  from task t0  where t0.project_id = ?  
txn[1009], 01:14:13.921, FindMany type[Task] origin[Bm7UHd.BGCeS7.B7OD75] exeMicros[1993] rows[2] name[] predicates[t0.project_id = ? ] bind[2] 
txn[1010], 01:14:14.864, select t0.id as c0, t0.title as c1, t0.done as c2, t0.due_date as c3, t0.folder as c4, t0.assigned_to_email as c5, t0.project_id as c6  from task t0  where t0.project_id = ?  
txn[1010], 01:14:14.866, FindMany type[Task] origin[Bm7UHd.BGCeS7.B7OD75] exeMicros[1806] rows[2] name[] predicates[t0.project_id = ? ] bind[2] 
txn[1011], 01:14:17.703, select t0.id as c0, t0.title as c1, t0.done as c2, t0.due_date as c3, t0.folder as c4, t0.assigned_to_email as c5, t0.project_id as c6  from task t0  where t0.project_id = ?  
txn[1011], 01:14:17.705, FindMany type[Task] origin[Bm7UHd.BGCeS7.B7OD75] exeMicros[1695] rows[2] name[] predicates[t0.project_id = ? ] bind[2] 
txn[1012], 01:14:18.434, select t0.id as c0, t0.title as c1, t0.done as c2, t0.due_date as c3, t0.folder as c4, t0.assigned_to_email as c5, t0.project_id as c6  from task t0  where t0.project_id = ?  
txn[1012], 01:14:18.436, FindMany type[Task] origin[Bm7UHd.BGCeS7.B7OD75] exeMicros[2042] rows[2] name[] predicates[t0.project_id = ? ] bind[2] 
txn[1013], 01:14:18.740, select t0.id as c0, t0.title as c1, t0.done as c2, t0.due_date as c3, t0.folder as c4, t0.assigned_to_email as c5, t0.project_id as c6  from task t0  where t0.project_id = ?  
txn[1013], 01:14:18.741, FindMany type[Task] origin[Bm7UHd.BGCeS7.B7OD75] exeMicros[1052] rows[2] name[] predicates[t0.project_id = ? ] bind[2] 
txn[1014], 01:14:19.771, select t0.id as c0, t0.title as c1, t0.done as c2, t0.due_date as c3, t0.folder as c4, t0.assigned_to_email as c5, t0.project_id as c6  from task t0  where t0.project_id = ?  
txn[1014], 01:14:19.772, FindMany type[Task] origin[Bm7UHd.BGCeS7.B7OD75] exeMicros[1211] rows[2] name[] predicates[t0.project_id = ? ] bind[1] 
txn[1015], 01:14:20.355, select t0.id as c0, t0.title as c1, t0.done as c2, t0.due_date as c3, t0.folder as c4, t0.assigned_to_email as c5, t0.project_id as c6  from task t0  where t0.project_id = ?  
txn[1015], 01:14:20.357, FindMany type[Task] origin[Bm7UHd.BGCeS7.B7OD75] exeMicros[1368] rows[2] name[] predicates[t0.project_id = ? ] bind[1] 
txn[1016], 01:14:21.865, select t0.id as c0, t0.title as c1, t0.done as c2, t0.due_date as c3, t0.folder as c4, t0.assigned_to_email as c5, t0.project_id as c6  from task t0  where t0.project_id = ?  
txn[1016], 01:14:21.867, FindMany type[Task] origin[Bm7UHd.BGCeS7.B7OD75] exeMicros[1143] rows[2] name[] predicates[t0.project_id = ? ] bind[2] 
txn[1017], 01:14:23.653, select t0.id as c0, t0.title as c1, t0.done as c2, t0.due_date as c3, t0.folder as c4, t0.assigned_to_email as c5, t0.project_id as c6  from task t0  where t0.project_id = ?  
txn[1017], 01:14:23.655, FindMany type[Task] origin[Bm7UHd.BGCeS7.B7OD75] exeMicros[1312] rows[2] name[] predicates[t0.project_id = ? ] bind[1] 
txn[1018], 01:14:25.117, select t0.id as c0, t0.title as c1, t0.done as c2, t0.due_date as c3, t0.folder as c4, t0.assigned_to_email as c5, t0.project_id as c6  from task t0  where t0.project_id = ?  
txn[1018], 01:14:25.118, FindMany type[Task] origin[Bm7UHd.BGCeS7.B7OD75] exeMicros[923] rows[2] name[] predicates[t0.project_id = ? ] bind[2] 
txn[1019], 01:14:31.201, select t0.id as c0, t0.title as c1, t0.done as c2, t0.due_date as c3, t0.folder as c4, t0.assigned_to_email as c5, t0.project_id as c6  from task t0  where t0.project_id = ?  
txn[1019], 01:14:31.202, FindMany type[Task] origin[Bm7UHd.BGCeS7.B7OD75] exeMicros[621] rows[0] name[] predicates[t0.project_id = ? ] bind[6] 
txn[1020], 01:14:33.623, select t0.id as c0, t0.title as c1, t0.done as c2, t0.due_date as c3, t0.folder as c4, t0.assigned_to_email as c5, t0.project_id as c6  from task t0  where t0.project_id = ?  
txn[1020], 01:14:33.624, FindMany type[Task] origin[Bm7UHd.BGCeS7.B7OD75] exeMicros[951] rows[1] name[] predicates[t0.project_id = ? ] bind[4] 
txn[1021], 01:14:35.525, select t0.id as c0, t0.title as c1, t0.done as c2, t0.due_date as c3, t0.folder as c4, t0.assigned_to_email as c5, t0.project_id as c6  from task t0  where t0.project_id = ?  
txn[1021], 01:14:35.527, FindMany type[Task] origin[Bm7UHd.BGCeS7.B7OD75] exeMicros[1068] rows[2] name[] predicates[t0.project_id = ? ] bind[2] 
txn[1022], 01:14:37.334, select t0.id as c0, t0.title as c1, t0.done as c2, t0.due_date as c3, t0.folder as c4, t0.assigned_to_email as c5, t0.project_id as c6  from task t0  where t0.project_id = ?  
txn[1022], 01:14:37.335, FindMany type[Task] origin[Bm7UHd.BGCeS7.B7OD75] exeMicros[1021] rows[2] name[] predicates[t0.project_id = ? ] bind[1] 
txn[1023], 01:14:42.549, insert into task (id, title, done, due_date, folder, assigned_to_email, project_id) values (?,?,?,?,?,?,?) 
txn[1023], 01:14:42.549, Binding Insert [task]  set[id=1120, title=testing, done=false, dueDate=null, folder=Todo, assigned_to_email=null, project_id=1, ] 
txn[1023], 01:14:42.564, Inserted [Task] [1120] 
txn[1024], 01:14:45.184, update task set title=?, done=?, folder=?, project_id=? where id=? 
txn[1024], 01:14:45.185, Binding Update [task]  set[title=testing, done=true, folder=Todo, project_id=1, ] where[id=1120, ] 
txn[1024], 01:14:45.186, Updated [Task] [1120] 
txn[1025], 01:14:46.460, update task set done=? where id=? and title=? and done=? and due_date is null and folder=? and assigned_to_email=? and project_id=? 
txn[1025], 01:14:46.460, Binding Update [task]  set[done=true, ] where[id=1000, title=Fix the documentation, done=false, dueDate=null, folder=Todo, assigned_to_email=guillaume@sample.com, project_id=1, ] 
txn[1025], 01:14:46.462, Updated [Task] [1000] 
txn[1026], 01:14:47.877, update task set done=? where id=? and title=? and done=? and due_date is null and folder=? and assigned_to_email=? and project_id=? 
txn[1026], 01:14:47.877, Binding Update [task]  set[done=false, ] where[id=1000, title=Fix the documentation, done=true, dueDate=null, folder=Todo, assigned_to_email=guillaume@sample.com, project_id=1, ] 
txn[1026], 01:14:47.879, Updated [Task] [1000] 
txn[1027], 01:14:49.023, update task set title=?, done=?, folder=?, project_id=? where id=? 
txn[1027], 01:14:49.023, Binding Update [task]  set[title=testing, done=false, folder=Todo, project_id=1, ] where[id=1120, ] 
txn[1027], 01:14:49.025, Updated [Task] [1120] 
txn[1028], 01:14:49.998, update task set done=? where id=? and title=? and done=? and due_date is null and folder=? and assigned_to_email=? and project_id=? 
txn[1028], 01:14:49.998, Binding Update [task]  set[done=true, ] where[id=1000, title=Fix the documentation, done=false, dueDate=null, folder=Todo, assigned_to_email=guillaume@sample.com, project_id=1, ] 
txn[1028], 01:14:50.000, Updated [Task] [1000] 
txn[1029], 01:15:03.584, select t0.email as c0, t0.name as c1, t0.password as c2  from account t0 where t0.email = ?   
txn[1029], 01:15:03.585, FindBean type[User] origin[CICHA0.BGH_c0.BsKcaj] exeMicros[1482] rows[1] bind[guillaume@sample.com] 
txn[1030], 01:15:06.711, insert into project (id, name, folder) values (?,?,?) 
txn[1030], 01:15:06.711, Binding Insert [project]  set[id=1080, name=New Project, folder=NEW GROUP, ] 
txn[1030], 01:15:06.712, Inserted [Project] [1080] 
txn[1031], 01:15:06.722, insert into project_account (project_id, account_email) values (?, ?) 
txn[1031], 01:15:06.728, InsertSql table[project_account] rows[1] bind[1080, guillaume@sample.com, ] 
txn[1032], 01:15:08.796, select t0.id as c0, t0.title as c1, t0.done as c2, t0.due_date as c3, t0.folder as c4, t0.assigned_to_email as c5, t0.project_id as c6  from task t0  where t0.project_id = ?  
txn[1032], 01:15:08.796, FindMany type[Task] origin[Bm7UHd.BGCeS7.B7OD75] exeMicros[619] rows[0] name[] predicates[t0.project_id = ? ] bind[1080] 
txn[1033], 01:15:12.655, select t0.id as c0, t0.title as c1, t0.done as c2, t0.due_date as c3, t0.folder as c4, t0.assigned_to_email as c5, t0.project_id as c6  from task t0  where t0.project_id = ?  
txn[1033], 01:15:12.656, FindMany type[Task] origin[Bm7UHd.BGCeS7.B7OD75] exeMicros[557] rows[0] name[] predicates[t0.project_id = ? ] bind[1080] 
txn[1034], 01:15:14.539, select t0.id as c0, t0.title as c1, t0.done as c2, t0.due_date as c3, t0.folder as c4, t0.assigned_to_email as c5, t0.project_id as c6  from task t0  where t0.project_id = ?  
txn[1034], 01:15:14.539, FindMany type[Task] origin[Bm7UHd.BGCeS7.B7OD75] exeMicros[870] rows[1] name[] predicates[t0.project_id = ? ] bind[7] 
txn[1035], 01:15:16.009, select t0.id as c0, t0.title as c1, t0.done as c2, t0.due_date as c3, t0.folder as c4, t0.assigned_to_email as c5, t0.project_id as c6  from task t0  where t0.project_id = ?  
txn[1035], 01:15:16.010, FindMany type[Task] origin[Bm7UHd.BGCeS7.B7OD75] exeMicros[1023] rows[1] name[] predicates[t0.project_id = ? ] bind[4] 
txn[1036], 01:15:18.269, select t0.id as c0, t0.title as c1, t0.done as c2, t0.due_date as c3, t0.folder as c4, t0.assigned_to_email as c5, t0.project_id as c6  from task t0  where t0.project_id = ?  
txn[1036], 01:15:18.270, FindMany type[Task] origin[Bm7UHd.BGCeS7.B7OD75] exeMicros[949] rows[2] name[] predicates[t0.project_id = ? ] bind[2] 
txn[1037], 01:15:21.039, select t0.id as c0, t0.title as c1, t0.done as c2, t0.due_date as c3, t0.folder as c4, t0.assigned_to_email as c5, t0.project_id as c6  from task t0  where t0.project_id = ?  
txn[1037], 01:15:21.040, FindMany type[Task] origin[Bm7UHd.BGCeS7.B7OD75] exeMicros[483] rows[0] name[] predicates[t0.project_id = ? ] bind[3] 
txn[1038], 01:15:22.590, select t0.id as c0, t0.title as c1, t0.done as c2, t0.due_date as c3, t0.folder as c4, t0.assigned_to_email as c5, t0.project_id as c6  from task t0  where t0.project_id = ?  
txn[1038], 01:15:22.591, FindMany type[Task] origin[Bm7UHd.BGCeS7.B7OD75] exeMicros[1347] rows[3] name[] predicates[t0.project_id = ? ] bind[1] 
txn[1039], 01:15:30.175, select t0.id as c0, t0.title as c1, t0.done as c2, t0.due_date as c3, t0.folder as c4, t0.assigned_to_email as c5, t0.project_id as c6  from task t0  where t0.project_id = ?  
txn[1039], 01:15:30.176, FindMany type[Task] origin[Bm7UHd.BGCeS7.B7OD75] exeMicros[1019] rows[2] name[] predicates[t0.project_id = ? ] bind[2] 
txn[1001], 01:16:36.109, select t0.email as c0, t0.name as c1, t0.password as c2  from account t0  where t0.email = ?  and t0.password = ?  
txn[1001], 01:16:36.155, FindMany type[User] origin[DtpspF.BGH_c1.DBqyz-] exeMicros[45749] rows[1] name[] predicates[t0.email = ?  and t0.password = ? ] bind[guillaume@sample.com, secret] 
txn[1002], 01:16:36.308, select t0.email as c0, t0.name as c1, t0.password as c2  from account t0 where t0.email = ?   
txn[1002], 01:16:36.311, FindBean type[User] origin[CICHA0.BGH_c0.4ieRp] exeMicros[3054] rows[1] bind[guillaume@sample.com] 
txn[1003], 01:16:36.319, select distinct t0.id as c0, t0.name as c1, t0.folder as c2  from project t0 join project_account u1z_ on u1z_.project_id = t0.id  join account u1 on u1.email = u1z_.account_email   where u1.email = ?  
txn[1003], 01:16:36.326, FindMany type[Project] origin[DM8B9Y.BWY1YJ.Cf_LXT] exeMicros[6881] rows[7] name[] predicates[u1.email = ? ] bind[guillaume@sample.com] 
txn[1004], 01:16:36.343, select distinct t0.id as c0, t0.title as c1, t0.done as c2, t0.due_date as c3, t0.folder as c4, t0.assigned_to_email as c5, t0.project_id as c6  from task t0 join project u1 on u1.id = t0.project_id  join project_account u2z_ on u2z_.project_id = u1.id  join account u2 on u2.email = u2z_.account_email   where t0.done = ?  and u2.email = ?  
txn[1004], 01:16:36.351, FindMany type[Task] origin[CPibuZ.BGCeS7.CFo8TG] exeMicros[7593] rows[4] name[] predicates[t0.done = ?  and u2.email = ? ] bind[false, guillaume@sample.com] 
txn[1005], 01:16:36.369, select t0.id as c0, t0.name as c1, t0.folder as c2  from project t0  where t0.id = ?   
txn[1005], 01:16:36.370, FindMany mode[+lazy] type[Project] origin[CPibuZ.BGCeS7.CFo8TG] lazyLoadProp[name] load[path:project batch:1 actual:1] exeMicros[1472] rows[1] name[] predicates[t0.id = ?  ] bind[1] 
txn[1006], 01:16:36.419, select t0.id as c0, t0.name as c1, t0.folder as c2  from project t0  where t0.id = ?   
txn[1006], 01:16:36.422, FindMany mode[+lazy] type[Project] origin[CPibuZ.BGCeS7.CFo8TG] lazyLoadProp[name] load[path:project batch:1 actual:1] exeMicros[2907] rows[1] name[] predicates[t0.id = ?  ] bind[2] 
txn[1007], 01:16:36.453, select t0.id as c0, t0.name as c1, t0.folder as c2  from project t0  where t0.id = ?   
txn[1007], 01:16:36.454, FindMany mode[+lazy] type[Project] origin[CPibuZ.BGCeS7.CFo8TG] lazyLoadProp[name] load[path:project batch:1 actual:1] exeMicros[1294] rows[1] name[] predicates[t0.id = ?  ] bind[4] 
txn[1008], 01:16:45.164, select t0.id as c0, t0.title as c1, t0.done as c2, t0.due_date as c3, t0.folder as c4, t0.assigned_to_email as c5, t0.project_id as c6  from task t0  where t0.project_id = ?  
txn[1008], 01:16:45.166, FindMany type[Task] origin[Bm7UHd.BGCeS7.B7OD75] exeMicros[2106] rows[2] name[] predicates[t0.project_id = ? ] bind[2] 
txn[1009], 01:16:47.549, select t0.id as c0, t0.title as c1, t0.done as c2, t0.due_date as c3, t0.folder as c4, t0.assigned_to_email as c5, t0.project_id as c6  from task t0  where t0.project_id = ?  
txn[1009], 01:16:47.551, FindMany type[Task] origin[Bm7UHd.BGCeS7.B7OD75] exeMicros[1965] rows[0] name[] predicates[t0.project_id = ? ] bind[3] 
txn[1010], 01:16:48.974, select t0.id as c0, t0.title as c1, t0.done as c2, t0.due_date as c3, t0.folder as c4, t0.assigned_to_email as c5, t0.project_id as c6  from task t0  where t0.project_id = ?  
txn[1010], 01:16:48.976, FindMany type[Task] origin[Bm7UHd.BGCeS7.B7OD75] exeMicros[2405] rows[3] name[] predicates[t0.project_id = ? ] bind[1] 
txn[1001], 01:17:27.163, select t0.email as c0, t0.name as c1, t0.password as c2  from account t0  where t0.email = ?  and t0.password = ?  
txn[1001], 01:17:27.206, FindMany type[User] origin[DtpspF.BGH_c1.DBqyz-] exeMicros[42983] rows[1] name[] predicates[t0.email = ?  and t0.password = ? ] bind[guillaume@sample.com, secret] 
txn[1002], 01:17:27.365, select t0.email as c0, t0.name as c1, t0.password as c2  from account t0 where t0.email = ?   
txn[1002], 01:17:27.375, FindBean type[User] origin[CICHA0.BGH_c0.4ieRp] exeMicros[10004] rows[1] bind[guillaume@sample.com] 
txn[1003], 01:17:27.405, select distinct t0.id as c0, t0.name as c1, t0.folder as c2  from project t0 join project_account u1z_ on u1z_.project_id = t0.id  join account u1 on u1.email = u1z_.account_email   where u1.email = ?  
txn[1003], 01:17:27.411, FindMany type[Project] origin[DM8B9Y.BWY1YJ.Cf_LXT] exeMicros[6058] rows[7] name[] predicates[u1.email = ? ] bind[guillaume@sample.com] 
txn[1004], 01:17:27.426, select distinct t0.id as c0, t0.title as c1, t0.done as c2, t0.due_date as c3, t0.folder as c4, t0.assigned_to_email as c5, t0.project_id as c6  from task t0 join project u1 on u1.id = t0.project_id  join project_account u2z_ on u2z_.project_id = u1.id  join account u2 on u2.email = u2z_.account_email   where t0.done = ?  and u2.email = ?  
txn[1004], 01:17:27.435, FindMany type[Task] origin[CPibuZ.BGCeS7.CFo8TG] exeMicros[8834] rows[4] name[] predicates[t0.done = ?  and u2.email = ? ] bind[false, guillaume@sample.com] 
txn[1005], 01:17:27.458, select t0.id as c0, t0.name as c1, t0.folder as c2  from project t0  where t0.id = ?   
txn[1005], 01:17:27.460, FindMany mode[+lazy] type[Project] origin[CPibuZ.BGCeS7.CFo8TG] lazyLoadProp[name] load[path:project batch:1 actual:1] exeMicros[1748] rows[1] name[] predicates[t0.id = ?  ] bind[1] 
txn[1006], 01:17:27.500, select t0.id as c0, t0.name as c1, t0.folder as c2  from project t0  where t0.id = ?   
txn[1006], 01:17:27.501, FindMany mode[+lazy] type[Project] origin[CPibuZ.BGCeS7.CFo8TG] lazyLoadProp[name] load[path:project batch:1 actual:1] exeMicros[1499] rows[1] name[] predicates[t0.id = ?  ] bind[2] 
txn[1007], 01:17:27.528, select t0.id as c0, t0.name as c1, t0.folder as c2  from project t0  where t0.id = ?   
txn[1007], 01:17:27.529, FindMany mode[+lazy] type[Project] origin[CPibuZ.BGCeS7.CFo8TG] lazyLoadProp[name] load[path:project batch:1 actual:1] exeMicros[1073] rows[1] name[] predicates[t0.id = ?  ] bind[4] 
txn[1008], 01:17:32.084, select t0.id as c0, t0.title as c1, t0.done as c2, t0.due_date as c3, t0.folder as c4, t0.assigned_to_email as c5, t0.project_id as c6  from task t0  where t0.project_id = ?  
txn[1008], 01:17:32.086, FindMany type[Task] origin[Bm7UHd.BGCeS7.B7OD75] exeMicros[1978] rows[2] name[] predicates[t0.project_id = ? ] bind[2] 
txn[1001], 01:21:27.988, select t0.email as c0, t0.name as c1, t0.password as c2  from account t0  where t0.email = ?  and t0.password = ?  
txn[1001], 01:21:28.031, FindMany type[User] origin[DtpspF.BGH_c1.DBqyz-] exeMicros[42822] rows[1] name[] predicates[t0.email = ?  and t0.password = ? ] bind[guillaume@sample.com, secret] 
txn[1002], 01:21:28.177, select t0.email as c0, t0.name as c1, t0.password as c2  from account t0 where t0.email = ?   
txn[1002], 01:21:28.181, FindBean type[User] origin[CICHA0.BGH_c0.4ieRp] exeMicros[4021] rows[1] bind[guillaume@sample.com] 
txn[1003], 01:21:28.189, select distinct t0.id as c0, t0.name as c1, t0.folder as c2  from project t0 join project_account u1z_ on u1z_.project_id = t0.id  join account u1 on u1.email = u1z_.account_email   where u1.email = ?  
txn[1003], 01:21:28.195, FindMany type[Project] origin[DM8B9Y.BWY1YJ.Cf_LXT] exeMicros[6221] rows[7] name[] predicates[u1.email = ? ] bind[guillaume@sample.com] 
txn[1004], 01:21:28.209, select distinct t0.id as c0, t0.title as c1, t0.done as c2, t0.due_date as c3, t0.folder as c4, t0.assigned_to_email as c5, t0.project_id as c6  from task t0 join project u1 on u1.id = t0.project_id  join project_account u2z_ on u2z_.project_id = u1.id  join account u2 on u2.email = u2z_.account_email   where t0.done = ?  and u2.email = ?  
txn[1004], 01:21:28.217, FindMany type[Task] origin[CPibuZ.BGCeS7.CFo9PK] exeMicros[7662] rows[4] name[] predicates[t0.done = ?  and u2.email = ? ] bind[false, guillaume@sample.com] 
txn[1005], 01:21:28.235, select t0.id as c0, t0.name as c1, t0.folder as c2  from project t0  where t0.id = ?   
txn[1005], 01:21:28.237, FindMany mode[+lazy] type[Project] origin[CPibuZ.BGCeS7.CFo9PK] lazyLoadProp[name] load[path:project batch:1 actual:1] exeMicros[1629] rows[1] name[] predicates[t0.id = ?  ] bind[1] 
txn[1006], 01:21:28.285, select t0.id as c0, t0.name as c1, t0.folder as c2  from project t0  where t0.id = ?   
txn[1006], 01:21:28.287, FindMany mode[+lazy] type[Project] origin[CPibuZ.BGCeS7.CFo9PK] lazyLoadProp[name] load[path:project batch:1 actual:1] exeMicros[2181] rows[1] name[] predicates[t0.id = ?  ] bind[2] 
txn[1007], 01:21:28.320, select t0.id as c0, t0.name as c1, t0.folder as c2  from project t0  where t0.id = ?   
txn[1007], 01:21:28.321, FindMany mode[+lazy] type[Project] origin[CPibuZ.BGCeS7.CFo9PK] lazyLoadProp[name] load[path:project batch:1 actual:1] exeMicros[1175] rows[1] name[] predicates[t0.id = ?  ] bind[4] 
txn[1008], 01:21:32.121, select t0.id as c0, t0.title as c1, t0.done as c2, t0.due_date as c3, t0.folder as c4, t0.assigned_to_email as c5, t0.project_id as c6  from task t0  where t0.project_id = ?  
txn[1008], 01:21:32.122, FindMany type[Task] origin[Bm7UHd.BGCeS7.B7OS85] exeMicros[1522] rows[2] name[] predicates[t0.project_id = ? ] bind[2] 
txn[1009], 01:21:34.316, select t0.id as c0, t0.title as c1, t0.done as c2, t0.due_date as c3, t0.folder as c4, t0.assigned_to_email as c5, t0.project_id as c6  from task t0  where t0.project_id = ?  
txn[1009], 01:21:34.318, FindMany type[Task] origin[Bm7UHd.BGCeS7.B7OS85] exeMicros[1256] rows[0] name[] predicates[t0.project_id = ? ] bind[3] 
txn[1010], 01:21:35.623, select t0.id as c0, t0.title as c1, t0.done as c2, t0.due_date as c3, t0.folder as c4, t0.assigned_to_email as c5, t0.project_id as c6  from task t0  where t0.project_id = ?  
txn[1010], 01:21:35.625, FindMany type[Task] origin[Bm7UHd.BGCeS7.B7OS85] exeMicros[1872] rows[3] name[] predicates[t0.project_id = ? ] bind[1] 
txn[1011], 01:21:38.615, select t0.id as c0, t0.title as c1, t0.done as c2, t0.due_date as c3, t0.folder as c4, t0.assigned_to_email as c5, t0.project_id as c6  from task t0  where t0.project_id = ?  
txn[1011], 01:21:38.616, FindMany type[Task] origin[Bm7UHd.BGCeS7.B7OS85] exeMicros[1071] rows[0] name[] predicates[t0.project_id = ? ] bind[6] 
txn[1012], 01:21:41.254, select t0.id as c0, t0.title as c1, t0.done as c2, t0.due_date as c3, t0.folder as c4, t0.assigned_to_email as c5, t0.project_id as c6  from task t0  where t0.project_id = ?  
txn[1012], 01:21:41.256, FindMany type[Task] origin[Bm7UHd.BGCeS7.B7OS85] exeMicros[1199] rows[0] name[] predicates[t0.project_id = ? ] bind[1080] 
txn[1013], 01:21:43.843, select t0.id as c0, t0.title as c1, t0.done as c2, t0.due_date as c3, t0.folder as c4, t0.assigned_to_email as c5, t0.project_id as c6  from task t0  where t0.project_id = ?  
txn[1013], 01:21:43.844, FindMany type[Task] origin[Bm7UHd.BGCeS7.B7OS85] exeMicros[1064] rows[1] name[] predicates[t0.project_id = ? ] bind[4] 
txn[1001], 01:22:20.488, select t0.email as c0, t0.name as c1, t0.password as c2  from account t0  where t0.email = ?  and t0.password = ?  
txn[1001], 01:22:20.529, FindMany type[User] origin[DtpspF.BGH_c1.DBqyz-] exeMicros[41393] rows[1] name[] predicates[t0.email = ?  and t0.password = ? ] bind[guillaume@sample.com, secret] 
txn[1002], 01:22:20.677, select t0.email as c0, t0.name as c1, t0.password as c2  from account t0 where t0.email = ?   
txn[1002], 01:22:20.682, FindBean type[User] origin[CICHA0.BGH_c0.4ieRp] exeMicros[4250] rows[1] bind[guillaume@sample.com] 
txn[1003], 01:22:20.689, select distinct t0.id as c0, t0.name as c1, t0.folder as c2  from project t0 join project_account u1z_ on u1z_.project_id = t0.id  join account u1 on u1.email = u1z_.account_email   where u1.email = ?  
txn[1003], 01:22:20.696, FindMany type[Project] origin[DM8B9Y.BWY1YJ.Cf_LXT] exeMicros[6924] rows[7] name[] predicates[u1.email = ? ] bind[guillaume@sample.com] 
txn[1004], 01:22:20.713, select distinct t0.id as c0, t0.title as c1, t0.done as c2, t0.due_date as c3, t0.folder as c4, t0.assigned_to_email as c5, t0.project_id as c6  from task t0 join project u1 on u1.id = t0.project_id  join project_account u2z_ on u2z_.project_id = u1.id  join account u2 on u2.email = u2z_.account_email   where t0.done = ?  and u2.email = ?  
txn[1004], 01:22:20.724, FindMany type[Task] origin[CPibuZ.BGCeS7.CFo9PK] exeMicros[10752] rows[4] name[] predicates[t0.done = ?  and u2.email = ? ] bind[false, guillaume@sample.com] 
txn[1005], 01:22:20.750, select t0.id as c0, t0.name as c1, t0.folder as c2  from project t0  where t0.id = ?   
txn[1005], 01:22:20.751, FindMany mode[+lazy] type[Project] origin[CPibuZ.BGCeS7.CFo9PK] lazyLoadProp[name] load[path:project batch:1 actual:1] exeMicros[1780] rows[1] name[] predicates[t0.id = ?  ] bind[1] 
txn[1006], 01:22:20.800, select t0.id as c0, t0.name as c1, t0.folder as c2  from project t0  where t0.id = ?   
txn[1006], 01:22:20.802, FindMany mode[+lazy] type[Project] origin[CPibuZ.BGCeS7.CFo9PK] lazyLoadProp[name] load[path:project batch:1 actual:1] exeMicros[2518] rows[1] name[] predicates[t0.id = ?  ] bind[2] 
txn[1007], 01:22:20.836, select t0.id as c0, t0.name as c1, t0.folder as c2  from project t0  where t0.id = ?   
txn[1007], 01:22:20.837, FindMany mode[+lazy] type[Project] origin[CPibuZ.BGCeS7.CFo9PK] lazyLoadProp[name] load[path:project batch:1 actual:1] exeMicros[1508] rows[1] name[] predicates[t0.id = ?  ] bind[4] 
txn[1008], 01:22:24.802, select t0.id as c0, t0.title as c1, t0.done as c2, t0.due_date as c3, t0.folder as c4, t0.assigned_to_email as c5, t0.project_id as c6  from task t0  where t0.project_id = ?  
txn[1008], 01:22:24.804, FindMany type[Task] origin[Bm7UHd.BGCeS7.B7OS85] exeMicros[2006] rows[2] name[] predicates[t0.project_id = ? ] bind[2] 
txn[1001], 01:22:52.510, select t0.email as c0, t0.name as c1, t0.password as c2  from account t0  where t0.email = ?  and t0.password = ?  
txn[1001], 01:22:52.554, FindMany type[User] origin[DtpspF.BGH_c1.DBqyz-] exeMicros[44042] rows[1] name[] predicates[t0.email = ?  and t0.password = ? ] bind[guillaume@sample.com, secret] 
txn[1002], 01:22:52.700, select t0.email as c0, t0.name as c1, t0.password as c2  from account t0 where t0.email = ?   
txn[1002], 01:22:52.704, FindBean type[User] origin[CICHA0.BGH_c0.4ieRp] exeMicros[4069] rows[1] bind[guillaume@sample.com] 
txn[1003], 01:22:52.710, select distinct t0.id as c0, t0.name as c1, t0.folder as c2  from project t0 join project_account u1z_ on u1z_.project_id = t0.id  join account u1 on u1.email = u1z_.account_email   where u1.email = ?  
txn[1003], 01:22:52.718, FindMany type[Project] origin[DM8B9Y.BWY1YJ.Cf_LXT] exeMicros[7557] rows[7] name[] predicates[u1.email = ? ] bind[guillaume@sample.com] 
txn[1004], 01:22:52.735, select distinct t0.id as c0, t0.title as c1, t0.done as c2, t0.due_date as c3, t0.folder as c4, t0.assigned_to_email as c5, t0.project_id as c6  from task t0 join project u1 on u1.id = t0.project_id  join project_account u2z_ on u2z_.project_id = u1.id  join account u2 on u2.email = u2z_.account_email   where t0.done = ?  and u2.email = ?  
txn[1004], 01:22:52.743, FindMany type[Task] origin[CPibuZ.BGCeS7.CFo9PK] exeMicros[7859] rows[4] name[] predicates[t0.done = ?  and u2.email = ? ] bind[false, guillaume@sample.com] 
txn[1005], 01:22:52.763, select t0.id as c0, t0.name as c1, t0.folder as c2  from project t0  where t0.id = ?   
txn[1005], 01:22:52.765, FindMany mode[+lazy] type[Project] origin[CPibuZ.BGCeS7.CFo9PK] lazyLoadProp[name] load[path:project batch:1 actual:1] exeMicros[1664] rows[1] name[] predicates[t0.id = ?  ] bind[1] 
txn[1006], 01:22:52.811, select t0.id as c0, t0.name as c1, t0.folder as c2  from project t0  where t0.id = ?   
txn[1006], 01:22:52.813, FindMany mode[+lazy] type[Project] origin[CPibuZ.BGCeS7.CFo9PK] lazyLoadProp[name] load[path:project batch:1 actual:1] exeMicros[2191] rows[1] name[] predicates[t0.id = ?  ] bind[2] 
txn[1007], 01:22:52.838, select t0.id as c0, t0.name as c1, t0.folder as c2  from project t0  where t0.id = ?   
txn[1007], 01:22:52.839, FindMany mode[+lazy] type[Project] origin[CPibuZ.BGCeS7.CFo9PK] lazyLoadProp[name] load[path:project batch:1 actual:1] exeMicros[1292] rows[1] name[] predicates[t0.id = ?  ] bind[4] 
txn[1008], 01:22:58.520, select t0.id as c0, t0.title as c1, t0.done as c2, t0.due_date as c3, t0.folder as c4, t0.assigned_to_email as c5, t0.project_id as c6  from task t0  where t0.project_id = ?  
txn[1008], 01:22:58.521, FindMany type[Task] origin[Bm7UHd.BGCeS7.B7OS85] exeMicros[1633] rows[2] name[] predicates[t0.project_id = ? ] bind[2] 
txn[1009], 01:23:01.652, select t0.id as c0, t0.title as c1, t0.done as c2, t0.due_date as c3, t0.folder as c4, t0.assigned_to_email as c5, t0.project_id as c6  from task t0  where t0.project_id = ?  
txn[1009], 01:23:01.653, FindMany type[Task] origin[Bm7UHd.BGCeS7.B7OS85] exeMicros[1198] rows[0] name[] predicates[t0.project_id = ? ] bind[3] 
txn[1010], 01:23:04.958, select t0.id as c0, t0.title as c1, t0.done as c2, t0.due_date as c3, t0.folder as c4, t0.assigned_to_email as c5, t0.project_id as c6  from task t0  where t0.project_id = ?  
txn[1010], 01:23:04.959, FindMany type[Task] origin[Bm7UHd.BGCeS7.B7OS85] exeMicros[1033] rows[0] name[] predicates[t0.project_id = ? ] bind[6] 
txn[1011], 01:23:06.952, select t0.id as c0, t0.title as c1, t0.done as c2, t0.due_date as c3, t0.folder as c4, t0.assigned_to_email as c5, t0.project_id as c6  from task t0  where t0.project_id = ?  
txn[1011], 01:23:06.954, FindMany type[Task] origin[Bm7UHd.BGCeS7.B7OS85] exeMicros[1771] rows[2] name[] predicates[t0.project_id = ? ] bind[2] 
txn[1012], 01:23:09.949, select t0.id as c0, t0.title as c1, t0.done as c2, t0.due_date as c3, t0.folder as c4, t0.assigned_to_email as c5, t0.project_id as c6  from task t0  where t0.project_id = ?  
txn[1012], 01:23:09.951, FindMany type[Task] origin[Bm7UHd.BGCeS7.B7OS85] exeMicros[2101] rows[2] name[] predicates[t0.project_id = ? ] bind[2] 
txn[1013], 01:23:11.019, select t0.id as c0, t0.title as c1, t0.done as c2, t0.due_date as c3, t0.folder as c4, t0.assigned_to_email as c5, t0.project_id as c6  from task t0  where t0.project_id = ?  
txn[1013], 01:23:11.019, FindMany type[Task] origin[Bm7UHd.BGCeS7.B7OS85] exeMicros[462] rows[0] name[] predicates[t0.project_id = ? ] bind[3] 
txn[1014], 01:23:12.627, select t0.id as c0, t0.title as c1, t0.done as c2, t0.due_date as c3, t0.folder as c4, t0.assigned_to_email as c5, t0.project_id as c6  from task t0  where t0.project_id = ?  
txn[1014], 01:23:12.628, FindMany type[Task] origin[Bm7UHd.BGCeS7.B7OS85] exeMicros[1305] rows[3] name[] predicates[t0.project_id = ? ] bind[1] 
txn[1001], 01:24:20.051, select t0.email as c0, t0.name as c1, t0.password as c2  from account t0  where t0.email = ?  and t0.password = ?  
txn[1001], 01:24:20.093, FindMany type[User] origin[DtpspF.BGH_c1.DBqyz-] exeMicros[42491] rows[1] name[] predicates[t0.email = ?  and t0.password = ? ] bind[guillaume@sample.com, secret] 
txn[1002], 01:24:20.241, select t0.email as c0, t0.name as c1, t0.password as c2  from account t0 where t0.email = ?   
txn[1002], 01:24:20.244, FindBean type[User] origin[CICHA0.BGH_c0.4ieRp] exeMicros[3879] rows[1] bind[guillaume@sample.com] 
txn[1003], 01:24:20.251, select distinct t0.id as c0, t0.name as c1, t0.folder as c2  from project t0 join project_account u1z_ on u1z_.project_id = t0.id  join account u1 on u1.email = u1z_.account_email   where u1.email = ?  
txn[1003], 01:24:20.258, FindMany type[Project] origin[DM8B9Y.BWY1YJ.Cf_LXT] exeMicros[7410] rows[7] name[] predicates[u1.email = ? ] bind[guillaume@sample.com] 
txn[1004], 01:24:20.276, select distinct t0.id as c0, t0.title as c1, t0.done as c2, t0.due_date as c3, t0.folder as c4, t0.assigned_to_email as c5, t0.project_id as c6  from task t0 join project u1 on u1.id = t0.project_id  join project_account u2z_ on u2z_.project_id = u1.id  join account u2 on u2.email = u2z_.account_email   where t0.done = ?  and u2.email = ?  
txn[1004], 01:24:20.285, FindMany type[Task] origin[CPibuZ.BGCeS7.CFo9PK] exeMicros[8129] rows[4] name[] predicates[t0.done = ?  and u2.email = ? ] bind[false, guillaume@sample.com] 
txn[1005], 01:24:20.304, select t0.id as c0, t0.name as c1, t0.folder as c2  from project t0  where t0.id = ?   
txn[1005], 01:24:20.306, FindMany mode[+lazy] type[Project] origin[CPibuZ.BGCeS7.CFo9PK] lazyLoadProp[name] load[path:project batch:1 actual:1] exeMicros[1595] rows[1] name[] predicates[t0.id = ?  ] bind[1] 
txn[1006], 01:24:20.355, select t0.id as c0, t0.name as c1, t0.folder as c2  from project t0  where t0.id = ?   
txn[1006], 01:24:20.358, FindMany mode[+lazy] type[Project] origin[CPibuZ.BGCeS7.CFo9PK] lazyLoadProp[name] load[path:project batch:1 actual:1] exeMicros[2634] rows[1] name[] predicates[t0.id = ?  ] bind[2] 
txn[1007], 01:24:20.388, select t0.id as c0, t0.name as c1, t0.folder as c2  from project t0  where t0.id = ?   
txn[1007], 01:24:20.389, FindMany mode[+lazy] type[Project] origin[CPibuZ.BGCeS7.CFo9PK] lazyLoadProp[name] load[path:project batch:1 actual:1] exeMicros[1397] rows[1] name[] predicates[t0.id = ?  ] bind[4] 
txn[1008], 01:24:24.473, select t0.id as c0, t0.title as c1, t0.done as c2, t0.due_date as c3, t0.folder as c4, t0.assigned_to_email as c5, t0.project_id as c6  from task t0  where t0.project_id = ?  
txn[1008], 01:24:24.475, FindMany type[Task] origin[Bm7UHd.BGCeS7.B7OS85] exeMicros[1834] rows[2] name[] predicates[t0.project_id = ? ] bind[2] 
txn[1009], 01:24:27.279, select t0.id as c0, t0.title as c1, t0.done as c2, t0.due_date as c3, t0.folder as c4, t0.assigned_to_email as c5, t0.project_id as c6  from task t0  where t0.project_id = ?  
txn[1009], 01:24:27.280, FindMany type[Task] origin[Bm7UHd.BGCeS7.B7OS85] exeMicros[1304] rows[0] name[] predicates[t0.project_id = ? ] bind[3] 
txn[1010], 01:24:28.711, select t0.id as c0, t0.title as c1, t0.done as c2, t0.due_date as c3, t0.folder as c4, t0.assigned_to_email as c5, t0.project_id as c6  from task t0  where t0.project_id = ?  
txn[1010], 01:24:28.713, FindMany type[Task] origin[Bm7UHd.BGCeS7.B7OS85] exeMicros[1675] rows[3] name[] predicates[t0.project_id = ? ] bind[1] 
txn[1011], 01:24:31.647, select t0.id as c0, t0.title as c1, t0.done as c2, t0.due_date as c3, t0.folder as c4, t0.assigned_to_email as c5, t0.project_id as c6  from task t0  where t0.project_id = ?  
txn[1011], 01:24:31.648, FindMany type[Task] origin[Bm7UHd.BGCeS7.B7OS85] exeMicros[1115] rows[0] name[] predicates[t0.project_id = ? ] bind[6] 
txn[1012], 01:24:33.077, select t0.id as c0, t0.title as c1, t0.done as c2, t0.due_date as c3, t0.folder as c4, t0.assigned_to_email as c5, t0.project_id as c6  from task t0  where t0.project_id = ?  
txn[1012], 01:24:33.078, FindMany type[Task] origin[Bm7UHd.BGCeS7.B7OS85] exeMicros[1488] rows[2] name[] predicates[t0.project_id = ? ] bind[2] 
txn[1013], 01:24:35.182, select t0.id as c0, t0.title as c1, t0.done as c2, t0.due_date as c3, t0.folder as c4, t0.assigned_to_email as c5, t0.project_id as c6  from task t0  where t0.project_id = ?  
txn[1013], 01:24:35.182, FindMany type[Task] origin[Bm7UHd.BGCeS7.B7OS85] exeMicros[760] rows[0] name[] predicates[t0.project_id = ? ] bind[3] 
txn[1014], 01:24:36.300, select t0.id as c0, t0.title as c1, t0.done as c2, t0.due_date as c3, t0.folder as c4, t0.assigned_to_email as c5, t0.project_id as c6  from task t0  where t0.project_id = ?  
txn[1014], 01:24:36.301, FindMany type[Task] origin[Bm7UHd.BGCeS7.B7OS85] exeMicros[847] rows[2] name[] predicates[t0.project_id = ? ] bind[2] 
txn[1001], 01:26:03.619, select t0.email as c0, t0.name as c1, t0.password as c2  from account t0  where t0.email = ?  and t0.password = ?  
txn[1001], 01:26:03.689, FindMany type[User] origin[DtpspF.BGH_c1.DBqyz-] exeMicros[70036] rows[1] name[] predicates[t0.email = ?  and t0.password = ? ] bind[guillaume@sample.com, secret] 
txn[1002], 01:26:03.845, select t0.email as c0, t0.name as c1, t0.password as c2  from account t0 where t0.email = ?   
txn[1002], 01:26:03.850, FindBean type[User] origin[CICHA0.BGH_c0.4ieRp] exeMicros[4231] rows[1] bind[guillaume@sample.com] 
txn[1003], 01:26:03.857, select distinct t0.id as c0, t0.name as c1, t0.folder as c2  from project t0 join project_account u1z_ on u1z_.project_id = t0.id  join account u1 on u1.email = u1z_.account_email   where u1.email = ?  
txn[1003], 01:26:03.867, FindMany type[Project] origin[DM8B9Y.BWY1YJ.Cf_LXT] exeMicros[9322] rows[7] name[] predicates[u1.email = ? ] bind[guillaume@sample.com] 
txn[1004], 01:26:03.894, select distinct t0.id as c0, t0.title as c1, t0.done as c2, t0.due_date as c3, t0.folder as c4, t0.assigned_to_email as c5, t0.project_id as c6  from task t0 join project u1 on u1.id = t0.project_id  join project_account u2z_ on u2z_.project_id = u1.id  join account u2 on u2.email = u2z_.account_email   where t0.done = ?  and u2.email = ?  
txn[1004], 01:26:03.904, FindMany type[Task] origin[CPibuZ.BGCeS7.CFo9PK] exeMicros[10262] rows[4] name[] predicates[t0.done = ?  and u2.email = ? ] bind[false, guillaume@sample.com] 
txn[1005], 01:26:03.930, select t0.id as c0, t0.name as c1, t0.folder as c2  from project t0  where t0.id = ?   
txn[1005], 01:26:03.932, FindMany mode[+lazy] type[Project] origin[CPibuZ.BGCeS7.CFo9PK] lazyLoadProp[name] load[path:project batch:1 actual:1] exeMicros[1903] rows[1] name[] predicates[t0.id = ?  ] bind[1] 
txn[1006], 01:26:03.985, select t0.id as c0, t0.name as c1, t0.folder as c2  from project t0  where t0.id = ?   
txn[1006], 01:26:03.988, FindMany mode[+lazy] type[Project] origin[CPibuZ.BGCeS7.CFo9PK] lazyLoadProp[name] load[path:project batch:1 actual:1] exeMicros[2754] rows[1] name[] predicates[t0.id = ?  ] bind[2] 
txn[1007], 01:26:04.015, select t0.id as c0, t0.name as c1, t0.folder as c2  from project t0  where t0.id = ?   
txn[1007], 01:26:04.016, FindMany mode[+lazy] type[Project] origin[CPibuZ.BGCeS7.CFo9PK] lazyLoadProp[name] load[path:project batch:1 actual:1] exeMicros[1493] rows[1] name[] predicates[t0.id = ?  ] bind[4] 
txn[1008], 01:26:09.385, select t0.id as c0, t0.title as c1, t0.done as c2, t0.due_date as c3, t0.folder as c4, t0.assigned_to_email as c5, t0.project_id as c6  from task t0  where t0.project_id = ?  
txn[1008], 01:26:09.387, FindMany type[Task] origin[Bm7UHd.BGCeS7.B7OS85] exeMicros[1583] rows[2] name[] predicates[t0.project_id = ? ] bind[2] 
txn[1001], 01:26:41.711, select t0.email as c0, t0.name as c1, t0.password as c2  from account t0  where t0.email = ?  and t0.password = ?  
txn[1001], 01:26:41.768, FindMany type[User] origin[DtpspF.BGH_c1.DBqyz-] exeMicros[56716] rows[1] name[] predicates[t0.email = ?  and t0.password = ? ] bind[guillaume@sample.com, secret] 
txn[1002], 01:26:41.936, select t0.email as c0, t0.name as c1, t0.password as c2  from account t0 where t0.email = ?   
txn[1002], 01:26:41.940, FindBean type[User] origin[CICHA0.BGH_c0.4ieRp] exeMicros[3935] rows[1] bind[guillaume@sample.com] 
txn[1003], 01:26:41.954, select distinct t0.id as c0, t0.name as c1, t0.folder as c2  from project t0 join project_account u1z_ on u1z_.project_id = t0.id  join account u1 on u1.email = u1z_.account_email   where u1.email = ?  
txn[1003], 01:26:41.963, FindMany type[Project] origin[DM8B9Y.BWY1YJ.Cf_LXT] exeMicros[8777] rows[7] name[] predicates[u1.email = ? ] bind[guillaume@sample.com] 
txn[1004], 01:26:41.984, select distinct t0.id as c0, t0.title as c1, t0.done as c2, t0.due_date as c3, t0.folder as c4, t0.assigned_to_email as c5, t0.project_id as c6  from task t0 join project u1 on u1.id = t0.project_id  join project_account u2z_ on u2z_.project_id = u1.id  join account u2 on u2.email = u2z_.account_email   where t0.done = ?  and u2.email = ?  
txn[1004], 01:26:41.993, FindMany type[Task] origin[CPibuZ.BGCeS7.CFo9PK] exeMicros[9632] rows[4] name[] predicates[t0.done = ?  and u2.email = ? ] bind[false, guillaume@sample.com] 
txn[1005], 01:26:42.023, select t0.id as c0, t0.name as c1, t0.folder as c2  from project t0  where t0.id = ?   
txn[1005], 01:26:42.026, FindMany mode[+lazy] type[Project] origin[CPibuZ.BGCeS7.CFo9PK] lazyLoadProp[name] load[path:project batch:1 actual:1] exeMicros[3113] rows[1] name[] predicates[t0.id = ?  ] bind[1] 
txn[1006], 01:26:42.073, select t0.id as c0, t0.name as c1, t0.folder as c2  from project t0  where t0.id = ?   
txn[1006], 01:26:42.074, FindMany mode[+lazy] type[Project] origin[CPibuZ.BGCeS7.CFo9PK] lazyLoadProp[name] load[path:project batch:1 actual:1] exeMicros[1330] rows[1] name[] predicates[t0.id = ?  ] bind[2] 
txn[1007], 01:26:42.106, select t0.id as c0, t0.name as c1, t0.folder as c2  from project t0  where t0.id = ?   
txn[1007], 01:26:42.108, FindMany mode[+lazy] type[Project] origin[CPibuZ.BGCeS7.CFo9PK] lazyLoadProp[name] load[path:project batch:1 actual:1] exeMicros[1255] rows[1] name[] predicates[t0.id = ?  ] bind[4] 
txn[1008], 01:26:45.193, select t0.id as c0, t0.title as c1, t0.done as c2, t0.due_date as c3, t0.folder as c4, t0.assigned_to_email as c5, t0.project_id as c6  from task t0  where t0.project_id = ?  
txn[1008], 01:26:45.195, FindMany type[Task] origin[Bm7UHd.BGCeS7.B7OS85] exeMicros[1629] rows[2] name[] predicates[t0.project_id = ? ] bind[2] 
txn[1009], 01:26:59.990, insert into task (id, title, done, due_date, folder, assigned_to_email, project_id) values (?,?,?,?,?,?,?) 
txn[1009], 01:26:59.991, Binding Insert [task]  set[id=1140, title=Test project, done=false, dueDate=null, folder=New Folder, assigned_to_email=null, project_id=2, ] 
txn[1009], 01:26:59.994, Inserted [Task] [1140] 
txn[1010], 01:27:01.865, update task set title=?, done=?, folder=?, project_id=? where id=? 
txn[1010], 01:27:01.866, Binding Update [task]  set[title=Test project, done=true, folder=New Folder, project_id=2, ] where[id=1140, ] 
txn[1010], 01:27:01.867, Updated [Task] [1140] 
txn[1011], 01:27:04.053, update task set title=?, done=?, folder=?, project_id=? where id=? 
txn[1011], 01:27:04.054, Binding Update [task]  set[title=Test project, done=false, folder=New Folder, project_id=2, ] where[id=1140, ] 
txn[1011], 01:27:04.055, Updated [Task] [1140] 
txn[1012], 01:27:06.406, delete from task where id=? 
txn[1012], 01:27:06.406, Binding Delete [task] where[id=1140, ] 
txn[1012], 01:27:06.407, Deleted [Task] [1140] 
txn[1013], 01:27:15.347, insert into task (id, title, done, due_date, folder, assigned_to_email, project_id) values (?,?,?,?,?,?,?) 
txn[1013], 01:27:15.347, Binding Insert [task]  set[id=1141, title=Test project!!!, done=false, dueDate=null, folder=New Folder, assigned_to_email=null, project_id=2, ] 
txn[1013], 01:27:15.349, Inserted [Task] [1141] 
txn[1014], 01:27:46.702, select t0.email as c0, t0.name as c1, t0.password as c2  from account t0  where t0.email = ?  and t0.password = ?  
txn[1014], 01:27:46.703, FindMany type[User] origin[DtpspF.BGH_c1.DBqyz-] exeMicros[1148] rows[1] name[] predicates[t0.email = ?  and t0.password = ? ] bind[guillaume@sample.com, secret] 
txn[1015], 01:27:46.757, select t0.email as c0, t0.name as c1, t0.password as c2  from account t0 where t0.email = ?   
txn[1015], 01:27:46.759, FindBean type[User] origin[CICHA0.BGH_c0.4ieRp] exeMicros[1268] rows[1] bind[guillaume@sample.com] 
txn[1016], 01:27:46.760, select distinct t0.id as c0, t0.name as c1, t0.folder as c2  from project t0 join project_account u1z_ on u1z_.project_id = t0.id  join account u1 on u1.email = u1z_.account_email   where u1.email = ?  
txn[1016], 01:27:46.762, FindMany type[Project] origin[DM8B9Y.BWY1YJ.Cf_LXT] exeMicros[2618] rows[7] name[] predicates[u1.email = ? ] bind[guillaume@sample.com] 
txn[1017], 01:27:46.769, select distinct t0.id as c0, t0.title as c1, t0.done as c2, t0.due_date as c3, t0.folder as c4, t0.assigned_to_email as c5, t0.project_id as c6  from task t0 join project u1 on u1.id = t0.project_id  join project_account u2z_ on u2z_.project_id = u1.id  join account u2 on u2.email = u2z_.account_email   where t0.done = ?  and u2.email = ?  
txn[1017], 01:27:46.774, FindMany type[Task] origin[CPibuZ.BGCeS7.CFo9PK] exeMicros[4441] rows[5] name[] predicates[t0.done = ?  and u2.email = ? ] bind[false, guillaume@sample.com] 
txn[1018], 01:27:46.785, select t0.id as c0, t0.name as c1, t0.folder as c2  from project t0  where t0.id = ?   
txn[1018], 01:27:46.786, FindMany mode[+lazy] type[Project] origin[CPibuZ.BGCeS7.CFo9PK] lazyLoadProp[name] load[path:project batch:1 actual:1] exeMicros[1133] rows[1] name[] predicates[t0.id = ?  ] bind[1] 
txn[1019], 01:27:46.806, select t0.id as c0, t0.name as c1, t0.folder as c2  from project t0  where t0.id = ?   
txn[1019], 01:27:46.807, FindMany mode[+lazy] type[Project] origin[CPibuZ.BGCeS7.CFo9PK] lazyLoadProp[name] load[path:project batch:1 actual:1] exeMicros[1033] rows[1] name[] predicates[t0.id = ?  ] bind[2] 
txn[1020], 01:27:46.836, select t0.id as c0, t0.name as c1, t0.folder as c2  from project t0  where t0.id = ?   
txn[1020], 01:27:46.837, FindMany mode[+lazy] type[Project] origin[CPibuZ.BGCeS7.CFo9PK] lazyLoadProp[name] load[path:project batch:1 actual:1] exeMicros[828] rows[1] name[] predicates[t0.id = ?  ] bind[4] 
txn[1001], 01:28:40.110, select t0.email as c0, t0.name as c1, t0.password as c2  from account t0  where t0.email = ?  and t0.password = ?  
txn[1001], 01:28:40.158, FindMany type[User] origin[DtpspF.BGH_c1.DBqyz-] exeMicros[47752] rows[1] name[] predicates[t0.email = ?  and t0.password = ? ] bind[guillaume@sample.com, secret] 
txn[1002], 01:28:40.314, select t0.email as c0, t0.name as c1, t0.password as c2  from account t0 where t0.email = ?   
txn[1002], 01:28:40.318, FindBean type[User] origin[CICHA0.BGH_c0.4ieRp] exeMicros[3775] rows[1] bind[guillaume@sample.com] 
txn[1003], 01:28:40.326, select distinct t0.id as c0, t0.name as c1, t0.folder as c2  from project t0 join project_account u1z_ on u1z_.project_id = t0.id  join account u1 on u1.email = u1z_.account_email   where u1.email = ?  
txn[1003], 01:28:40.331, FindMany type[Project] origin[DM8B9Y.BWY1YJ.Cf_LXT] exeMicros[5375] rows[7] name[] predicates[u1.email = ? ] bind[guillaume@sample.com] 
txn[1004], 01:28:40.347, select distinct t0.id as c0, t0.title as c1, t0.done as c2, t0.due_date as c3, t0.folder as c4, t0.assigned_to_email as c5, t0.project_id as c6  from task t0 join project u1 on u1.id = t0.project_id  join project_account u2z_ on u2z_.project_id = u1.id  join account u2 on u2.email = u2z_.account_email   where t0.done = ?  and u2.email = ?  
txn[1004], 01:28:40.357, FindMany type[Task] origin[CPibuZ.BGCeS7.CFo9PK] exeMicros[9964] rows[5] name[] predicates[t0.done = ?  and u2.email = ? ] bind[false, guillaume@sample.com] 
txn[1005], 01:28:40.377, select t0.id as c0, t0.name as c1, t0.folder as c2  from project t0  where t0.id = ?   
txn[1005], 01:28:40.379, FindMany mode[+lazy] type[Project] origin[CPibuZ.BGCeS7.CFo9PK] lazyLoadProp[name] load[path:project batch:1 actual:1] exeMicros[1569] rows[1] name[] predicates[t0.id = ?  ] bind[1] 
txn[1006], 01:28:40.429, select t0.id as c0, t0.name as c1, t0.folder as c2  from project t0  where t0.id = ?   
txn[1006], 01:28:40.430, FindMany mode[+lazy] type[Project] origin[CPibuZ.BGCeS7.CFo9PK] lazyLoadProp[name] load[path:project batch:1 actual:1] exeMicros[1537] rows[1] name[] predicates[t0.id = ?  ] bind[2] 
txn[1007], 01:28:40.475, select t0.id as c0, t0.name as c1, t0.folder as c2  from project t0  where t0.id = ?   
txn[1007], 01:28:40.477, FindMany mode[+lazy] type[Project] origin[CPibuZ.BGCeS7.CFo9PK] lazyLoadProp[name] load[path:project batch:1 actual:1] exeMicros[2556] rows[1] name[] predicates[t0.id = ?  ] bind[4] 
txn[1008], 01:28:45.474, select t0.id as c0, t0.title as c1, t0.done as c2, t0.due_date as c3, t0.folder as c4, t0.assigned_to_email as c5, t0.project_id as c6  from task t0  where t0.project_id = ?  
txn[1008], 01:28:45.476, FindMany type[Task] origin[Bm7UHd.BGCeS7.B7OS85] exeMicros[1852] rows[3] name[] predicates[t0.project_id = ? ] bind[2] 
txn[1009], 01:28:47.073, select t0.id as c0, t0.title as c1, t0.done as c2, t0.due_date as c3, t0.folder as c4, t0.assigned_to_email as c5, t0.project_id as c6  from task t0  where t0.project_id = ?  
txn[1009], 01:28:47.074, FindMany type[Task] origin[Bm7UHd.BGCeS7.B7OS85] exeMicros[1362] rows[0] name[] predicates[t0.project_id = ? ] bind[3] 
txn[1010], 01:28:48.293, select t0.id as c0, t0.title as c1, t0.done as c2, t0.due_date as c3, t0.folder as c4, t0.assigned_to_email as c5, t0.project_id as c6  from task t0  where t0.project_id = ?  
txn[1010], 01:28:48.295, FindMany type[Task] origin[Bm7UHd.BGCeS7.B7OS85] exeMicros[1634] rows[3] name[] predicates[t0.project_id = ? ] bind[1] 
txn[1011], 01:28:52.102, select t0.id as c0, t0.title as c1, t0.done as c2, t0.due_date as c3, t0.folder as c4, t0.assigned_to_email as c5, t0.project_id as c6  from task t0  where t0.project_id = ?  
txn[1011], 01:28:52.103, FindMany type[Task] origin[Bm7UHd.BGCeS7.B7OS85] exeMicros[1060] rows[0] name[] predicates[t0.project_id = ? ] bind[6] 
txn[1012], 01:28:58.930, select t0.id as c0, t0.title as c1, t0.done as c2, t0.due_date as c3, t0.folder as c4, t0.assigned_to_email as c5, t0.project_id as c6  from task t0  where t0.project_id = ?  
txn[1012], 01:28:58.931, FindMany type[Task] origin[Bm7UHd.BGCeS7.B7OS85] exeMicros[1264] rows[0] name[] predicates[t0.project_id = ? ] bind[1080] 
txn[1013], 01:29:01.215, select t0.id as c0, t0.title as c1, t0.done as c2, t0.due_date as c3, t0.folder as c4, t0.assigned_to_email as c5, t0.project_id as c6  from task t0  where t0.project_id = ?  
txn[1013], 01:29:01.216, FindMany type[Task] origin[Bm7UHd.BGCeS7.B7OS85] exeMicros[894] rows[1] name[] predicates[t0.project_id = ? ] bind[4] 
txn[1014], 01:29:02.829, select t0.id as c0, t0.title as c1, t0.done as c2, t0.due_date as c3, t0.folder as c4, t0.assigned_to_email as c5, t0.project_id as c6  from task t0  where t0.project_id = ?  
txn[1014], 01:29:02.829, FindMany type[Task] origin[Bm7UHd.BGCeS7.B7OS85] exeMicros[870] rows[1] name[] predicates[t0.project_id = ? ] bind[7] 
txn[1001], 13:14:46.291, select t0.email as c0, t0.name as c1, t0.password as c2  from account t0  where t0.email = ?  and t0.password = ?  
txn[1001], 13:14:46.343, FindMany type[User] origin[DtpspF.BGH_c1.DBqyz-] exeMicros[52086] rows[1] name[] predicates[t0.email = ?  and t0.password = ? ] bind[guillaume@sample.com, secret] 
txn[1002], 13:14:46.512, select t0.email as c0, t0.name as c1, t0.password as c2  from account t0 where t0.email = ?   
txn[1002], 13:14:46.516, FindBean type[User] origin[CICHA0.BGH_c0.4ieRn] exeMicros[3841] rows[1] bind[guillaume@sample.com] 
txn[1003], 13:14:46.526, select distinct t0.id as c0, t0.name as c1, t0.folder as c2  from project t0 join project_account u1z_ on u1z_.project_id = t0.id  join account u1 on u1.email = u1z_.account_email   where u1.email = ?  
txn[1003], 13:14:46.535, FindMany type[Project] origin[DM8B9Y.BWY1YJ.Cf_LXT] exeMicros[9199] rows[7] name[] predicates[u1.email = ? ] bind[guillaume@sample.com] 
txn[1004], 13:14:46.555, select distinct t0.id as c0, t0.title as c1, t0.done as c2, t0.due_date as c3, t0.folder as c4, t0.assigned_to_email as c5, t0.project_id as c6  from task t0 join project u1 on u1.id = t0.project_id  join project_account u2z_ on u2z_.project_id = u1.id  join account u2 on u2.email = u2z_.account_email   where t0.done = ?  and u2.email = ?  
txn[1004], 13:14:46.565, FindMany type[Task] origin[CPibuZ.BGCeS7.CFo9PK] exeMicros[10214] rows[5] name[] predicates[t0.done = ?  and u2.email = ? ] bind[false, guillaume@sample.com] 
txn[1005], 13:14:46.593, select t0.id as c0, t0.name as c1, t0.folder as c2  from project t0  where t0.id = ?   
txn[1005], 13:14:46.595, FindMany mode[+lazy] type[Project] origin[CPibuZ.BGCeS7.CFo9PK] lazyLoadProp[name] load[path:project batch:1 actual:1] exeMicros[1444] rows[1] name[] predicates[t0.id = ?  ] bind[1] 
txn[1006], 13:14:46.639, select t0.id as c0, t0.name as c1, t0.folder as c2  from project t0  where t0.id = ?   
txn[1006], 13:14:46.642, FindMany mode[+lazy] type[Project] origin[CPibuZ.BGCeS7.CFo9PK] lazyLoadProp[name] load[path:project batch:1 actual:1] exeMicros[2750] rows[1] name[] predicates[t0.id = ?  ] bind[2] 
txn[1007], 13:14:46.684, select t0.id as c0, t0.name as c1, t0.folder as c2  from project t0  where t0.id = ?   
txn[1007], 13:14:46.686, FindMany mode[+lazy] type[Project] origin[CPibuZ.BGCeS7.CFo9PK] lazyLoadProp[name] load[path:project batch:1 actual:1] exeMicros[2094] rows[1] name[] predicates[t0.id = ?  ] bind[4] 
txn[1008], 13:14:51.340, select t0.id as c0, t0.title as c1, t0.done as c2, t0.due_date as c3, t0.folder as c4, t0.assigned_to_email as c5, t0.project_id as c6  from task t0  where t0.project_id = ?  
txn[1008], 13:14:51.342, FindMany type[Task] origin[Bm7UHd.BGCeS7.B7OS85] exeMicros[2060] rows[3] name[] predicates[t0.project_id = ? ] bind[2] 
txn[1009], 13:16:23.869, select t0.id as c0, t0.title as c1, t0.done as c2, t0.due_date as c3, t0.folder as c4, t0.assigned_to_email as c5, t0.project_id as c6  from task t0  where t0.project_id = ?  
txn[1009], 13:16:23.870, FindMany type[Task] origin[Bm7UHd.BGCeS7.B7OS85] exeMicros[1314] rows[0] name[] predicates[t0.project_id = ? ] bind[3] 
txn[1010], 13:16:25.021, select t0.id as c0, t0.title as c1, t0.done as c2, t0.due_date as c3, t0.folder as c4, t0.assigned_to_email as c5, t0.project_id as c6  from task t0  where t0.project_id = ?  
txn[1010], 13:16:25.023, FindMany type[Task] origin[Bm7UHd.BGCeS7.B7OS85] exeMicros[2083] rows[3] name[] predicates[t0.project_id = ? ] bind[2] 
txn[1011], 13:16:26.140, select t0.id as c0, t0.title as c1, t0.done as c2, t0.due_date as c3, t0.folder as c4, t0.assigned_to_email as c5, t0.project_id as c6  from task t0  where t0.project_id = ?  
txn[1011], 13:16:26.142, FindMany type[Task] origin[Bm7UHd.BGCeS7.B7OS85] exeMicros[1957] rows[3] name[] predicates[t0.project_id = ? ] bind[1] 
txn[1012], 13:16:27.413, select t0.id as c0, t0.title as c1, t0.done as c2, t0.due_date as c3, t0.folder as c4, t0.assigned_to_email as c5, t0.project_id as c6  from task t0  where t0.project_id = ?  
txn[1012], 13:16:27.415, FindMany type[Task] origin[Bm7UHd.BGCeS7.B7OS85] exeMicros[1688] rows[3] name[] predicates[t0.project_id = ? ] bind[1] 
txn[1013], 13:16:28.813, select t0.id as c0, t0.title as c1, t0.done as c2, t0.due_date as c3, t0.folder as c4, t0.assigned_to_email as c5, t0.project_id as c6  from task t0  where t0.project_id = ?  
txn[1013], 13:16:28.814, FindMany type[Task] origin[Bm7UHd.BGCeS7.B7OS85] exeMicros[1304] rows[3] name[] predicates[t0.project_id = ? ] bind[2] 
txn[1014], 13:16:41.524, select t0.id as c0, t0.title as c1, t0.done as c2, t0.due_date as c3, t0.folder as c4, t0.assigned_to_email as c5, t0.project_id as c6  from task t0  where t0.project_id = ?  
txn[1014], 13:16:41.524, FindMany type[Task] origin[Bm7UHd.BGCeS7.B7OS85] exeMicros[641] rows[0] name[] predicates[t0.project_id = ? ] bind[3] 
txn[1015], 13:16:42.829, select t0.id as c0, t0.title as c1, t0.done as c2, t0.due_date as c3, t0.folder as c4, t0.assigned_to_email as c5, t0.project_id as c6  from task t0  where t0.project_id = ?  
txn[1015], 13:16:42.830, FindMany type[Task] origin[Bm7UHd.BGCeS7.B7OS85] exeMicros[1350] rows[3] name[] predicates[t0.project_id = ? ] bind[2] 
txn[1016], 13:17:18.002, select t0.id as c0, t0.title as c1, t0.done as c2, t0.due_date as c3, t0.folder as c4, t0.assigned_to_email as c5, t0.project_id as c6  from task t0  where t0.project_id = ?  
txn[1016], 13:17:18.003, FindMany type[Task] origin[Bm7UHd.BGCeS7.B7OS85] exeMicros[1409] rows[3] name[] predicates[t0.project_id = ? ] bind[1] 
txn[1017], 13:17:20.517, select t0.id as c0, t0.title as c1, t0.done as c2, t0.due_date as c3, t0.folder as c4, t0.assigned_to_email as c5, t0.project_id as c6  from task t0  where t0.project_id = ?  
txn[1017], 13:17:20.517, FindMany type[Task] origin[Bm7UHd.BGCeS7.B7OS85] exeMicros[449] rows[0] name[] predicates[t0.project_id = ? ] bind[6] 
txn[1018], 13:17:21.639, select t0.id as c0, t0.title as c1, t0.done as c2, t0.due_date as c3, t0.folder as c4, t0.assigned_to_email as c5, t0.project_id as c6  from task t0  where t0.project_id = ?  
txn[1018], 13:17:21.641, FindMany type[Task] origin[Bm7UHd.BGCeS7.B7OS85] exeMicros[1229] rows[3] name[] predicates[t0.project_id = ? ] bind[1] 
txn[1019], 13:17:22.869, select t0.id as c0, t0.title as c1, t0.done as c2, t0.due_date as c3, t0.folder as c4, t0.assigned_to_email as c5, t0.project_id as c6  from task t0  where t0.project_id = ?  
txn[1019], 13:17:22.870, FindMany type[Task] origin[Bm7UHd.BGCeS7.B7OS85] exeMicros[595] rows[0] name[] predicates[t0.project_id = ? ] bind[3] 
txn[1020], 13:17:23.925, select t0.id as c0, t0.title as c1, t0.done as c2, t0.due_date as c3, t0.folder as c4, t0.assigned_to_email as c5, t0.project_id as c6  from task t0  where t0.project_id = ?  
txn[1020], 13:17:23.926, FindMany type[Task] origin[Bm7UHd.BGCeS7.B7OS85] exeMicros[1082] rows[3] name[] predicates[t0.project_id = ? ] bind[2] 
txn[1021], 13:17:34.209, select t0.id as c0, t0.title as c1, t0.done as c2, t0.due_date as c3, t0.folder as c4, t0.assigned_to_email as c5, t0.project_id as c6  from task t0  where t0.project_id = ?  
txn[1021], 13:17:34.210, FindMany type[Task] origin[Bm7UHd.BGCeS7.B7OS85] exeMicros[1242] rows[3] name[] predicates[t0.project_id = ? ] bind[2] 
txn[1022], 13:17:35.540, select t0.id as c0, t0.title as c1, t0.done as c2, t0.due_date as c3, t0.folder as c4, t0.assigned_to_email as c5, t0.project_id as c6  from task t0  where t0.project_id = ?  
txn[1022], 13:17:35.541, FindMany type[Task] origin[Bm7UHd.BGCeS7.B7OS85] exeMicros[490] rows[0] name[] predicates[t0.project_id = ? ] bind[3] 
txn[1023], 13:17:36.627, select t0.id as c0, t0.title as c1, t0.done as c2, t0.due_date as c3, t0.folder as c4, t0.assigned_to_email as c5, t0.project_id as c6  from task t0  where t0.project_id = ?  
txn[1023], 13:17:36.629, FindMany type[Task] origin[Bm7UHd.BGCeS7.B7OS85] exeMicros[1300] rows[3] name[] predicates[t0.project_id = ? ] bind[1] 
txn[1024], 13:17:37.861, select t0.id as c0, t0.title as c1, t0.done as c2, t0.due_date as c3, t0.folder as c4, t0.assigned_to_email as c5, t0.project_id as c6  from task t0  where t0.project_id = ?  
txn[1024], 13:17:37.862, FindMany type[Task] origin[Bm7UHd.BGCeS7.B7OS85] exeMicros[527] rows[0] name[] predicates[t0.project_id = ? ] bind[3] 
txn[1025], 13:17:39.122, select t0.id as c0, t0.title as c1, t0.done as c2, t0.due_date as c3, t0.folder as c4, t0.assigned_to_email as c5, t0.project_id as c6  from task t0  where t0.project_id = ?  
txn[1025], 13:17:39.123, FindMany type[Task] origin[Bm7UHd.BGCeS7.B7OS85] exeMicros[1027] rows[3] name[] predicates[t0.project_id = ? ] bind[2] 
txn[1026], 13:17:54.047, select t0.id as c0, t0.title as c1, t0.done as c2, t0.due_date as c3, t0.folder as c4, t0.assigned_to_email as c5, t0.project_id as c6  from task t0  where t0.project_id = ?  
txn[1026], 13:17:54.048, FindMany type[Task] origin[Bm7UHd.BGCeS7.B7OS85] exeMicros[696] rows[0] name[] predicates[t0.project_id = ? ] bind[1080] 
txn[1027], 13:17:56.021, select t0.id as c0, t0.title as c1, t0.done as c2, t0.due_date as c3, t0.folder as c4, t0.assigned_to_email as c5, t0.project_id as c6  from task t0  where t0.project_id = ?  
txn[1027], 13:17:56.022, FindMany type[Task] origin[Bm7UHd.BGCeS7.B7OS85] exeMicros[776] rows[1] name[] predicates[t0.project_id = ? ] bind[4] 
txn[1028], 13:17:57.414, select t0.id as c0, t0.title as c1, t0.done as c2, t0.due_date as c3, t0.folder as c4, t0.assigned_to_email as c5, t0.project_id as c6  from task t0  where t0.project_id = ?  
txn[1028], 13:17:57.416, FindMany type[Task] origin[Bm7UHd.BGCeS7.B7OS85] exeMicros[1166] rows[3] name[] predicates[t0.project_id = ? ] bind[2] 
