txn[1001], 19:20:24.062, select t0.email as c0, t0.name as c1, t0.password as c2  from account t0  where t0.email = ?  and t0.password = ?  
txn[1001], 19:20:24.121, FindMany type[User] origin[DtpspF.BGH_c1.DBqyz-] exeMicros[58892] rows[1] name[] predicates[t0.email = ?  and t0.password = ? ] bind[guillaume@sample.com, secret] 
txn[1002], 19:20:24.291, select t0.email as c0, t0.name as c1, t0.password as c2  from account t0 where t0.email = ?   
txn[1002], 19:20:24.295, FindBean type[User] origin[CICHAw.BGH_c0.4ieRn] exeMicros[3899] rows[1] bind[guillaume@sample.com] 
txn[1003], 19:20:24.306, select distinct t0.id as c0, t0.name as c1, t0.folder as c2  from project t0 join project_account u1z_ on u1z_.project_id = t0.id  join account u1 on u1.email = u1z_.account_email   where u1.email = ?  
txn[1003], 19:20:24.313, FindMany type[Project] origin[DM8B9Y.BWY1YJ.Cf_LXT] exeMicros[7034] rows[8] name[] predicates[u1.email = ? ] bind[guillaume@sample.com] 
txn[1004], 19:20:24.336, select distinct t0.id as c0, t0.title as c1, t0.done as c2, t0.due_date as c3, t0.folder as c4, t0.assigned_to_email as c5, t0.project_id as c6  from task t0 join project u1 on u1.id = t0.project_id  join project_account u2z_ on u2z_.project_id = u1.id  join account u2 on u2.email = u2z_.account_email   where t0.done = ?  and u2.email = ?  
txn[1004], 19:20:24.346, FindMany type[Task] origin[CPibuZ.BGCeS7.CFo9PK] exeMicros[9791] rows[4] name[] predicates[t0.done = ?  and u2.email = ? ] bind[false, guillaume@sample.com] 
txn[1005], 19:20:24.374, select t0.id as c0, t0.name as c1, t0.folder as c2  from project t0  where t0.id = ?   
txn[1005], 19:20:24.376, FindMany mode[+lazy] type[Project] origin[CPibuZ.BGCeS7.CFo9PK] lazyLoadProp[name] load[path:project batch:1 actual:1] exeMicros[1632] rows[1] name[] predicates[t0.id = ?  ] bind[1100] 
txn[1006], 19:20:24.426, select t0.id as c0, t0.name as c1, t0.folder as c2  from project t0  where t0.id = ?   
txn[1006], 19:20:24.430, FindMany mode[+lazy] type[Project] origin[CPibuZ.BGCeS7.CFo9PK] lazyLoadProp[name] load[path:project batch:1 actual:1] exeMicros[3374] rows[1] name[] predicates[t0.id = ?  ] bind[2] 
txn[1007], 19:20:24.464, select t0.id as c0, t0.name as c1, t0.folder as c2  from project t0  where t0.id = ?   
txn[1007], 19:20:24.465, FindMany mode[+lazy] type[Project] origin[CPibuZ.BGCeS7.CFo9PK] lazyLoadProp[name] load[path:project batch:1 actual:1] exeMicros[1464] rows[1] name[] predicates[t0.id = ?  ] bind[4] 
txn[1008], 19:20:27.987, select t0.id as c0, t0.title as c1, t0.done as c2, t0.due_date as c3, t0.folder as c4, t0.assigned_to_email as c5, t0.project_id as c6  from task t0  where t0.project_id = ?  
txn[1008], 19:20:27.989, FindMany type[Task] origin[Bm7UHd.BGCeS7.BPb1yo] exeMicros[2050] rows[4] name[] predicates[t0.project_id = ? ] bind[2] 
txn[1009], 19:20:28.190, select t0.id as c0         , t1.email as c1, t1.name as c2, t1.password as c3  from project t0 left outer join project_account t1z_ on t1z_.project_id = t0.id  left outer join account t1 on t1.email = t1z_.account_email   where t0.id = ?    order by t0.id 
txn[1009], 19:20:28.193, FindMany mode[+lazy] type[Project] origin[DM8B9Y.BWY1YJ.Cf_LXT] load[path:members batch:1 actual:1] exeMicros[3476] rows[1:5] name[] predicates[t0.id = ?  ] bind[2] 
txn[1010], 19:20:28.199, select t0.email as c0, t0.name as c1, t0.password as c2  from account t0  where not (t0.email in (?, ?, ?, ?, ? ) )  
txn[1010], 19:20:28.204, FindMany type[User] origin[DAMlag.BGH_c1.BiQ-_t] exeMicros[5704] rows[0] name[] predicates[not (t0.email in (?, ?, ?, ?, ? ) ) ] bind[erwan@sample.com, guillaume@sample.com, maxime@sample.com, pengimu@dudada.com, sadek@sample.com] 
txn[1011], 19:20:30.604, select t0.id as c0, t0.title as c1, t0.done as c2, t0.due_date as c3, t0.folder as c4, t0.assigned_to_email as c5, t0.project_id as c6  from task t0  where t0.project_id = ?  
txn[1011], 19:20:30.605, FindMany type[Task] origin[Bm7UHd.BGCeS7.BPb1yo] exeMicros[1150] rows[0] name[] predicates[t0.project_id = ? ] bind[3] 
txn[1012], 19:20:30.606, select t0.id as c0         , t1.email as c1, t1.name as c2, t1.password as c3  from project t0 left outer join project_account t1z_ on t1z_.project_id = t0.id  left outer join account t1 on t1.email = t1z_.account_email   where t0.id = ?    order by t0.id 
txn[1012], 19:20:30.608, FindMany mode[+lazy] type[Project] origin[DM8B9Y.BWY1YJ.Cf_LXT] load[path:members batch:1 actual:1] exeMicros[1616] rows[1:2] name[] predicates[t0.id = ?  ] bind[3] 
txn[1013], 19:20:30.609, select t0.email as c0, t0.name as c1, t0.password as c2  from account t0  where not (t0.email in (?, ? ) )  
txn[1013], 19:20:30.610, FindMany type[User] origin[DAMlag.BGH_c1.BiQ-_t] exeMicros[1566] rows[3] name[] predicates[not (t0.email in (?, ? ) ) ] bind[guillaume@sample.com, maxime@sample.com] 
txn[1014], 19:20:33.387, select t0.id as c0, t0.title as c1, t0.done as c2, t0.due_date as c3, t0.folder as c4, t0.assigned_to_email as c5, t0.project_id as c6  from task t0  where t0.project_id = ?  
txn[1014], 19:20:33.389, FindMany type[Task] origin[Bm7UHd.BGCeS7.BPb1yo] exeMicros[2187] rows[4] name[] predicates[t0.project_id = ? ] bind[2] 
txn[1015], 19:20:33.567, select t0.email as c0, t0.name as c1, t0.password as c2  from account t0  where not (t0.email in (?, ?, ?, ?, ? ) )  
txn[1015], 19:20:33.569, FindMany type[User] origin[DAMlag.BGH_c1.BiQ-_t] exeMicros[1763] rows[0] name[] predicates[not (t0.email in (?, ?, ?, ?, ? ) ) ] bind[erwan@sample.com, guillaume@sample.com, maxime@sample.com, pengimu@dudada.com, sadek@sample.com] 
txn[1016], 19:20:40.117, select t0.id as c0, t0.title as c1, t0.done as c2, t0.due_date as c3, t0.folder as c4, t0.assigned_to_email as c5, t0.project_id as c6  from task t0  where t0.project_id = ?  
txn[1016], 19:20:40.118, FindMany type[Task] origin[Bm7UHd.BGCeS7.BPb1yo] exeMicros[1043] rows[0] name[] predicates[t0.project_id = ? ] bind[3] 
txn[1017], 19:20:40.119, select t0.email as c0, t0.name as c1, t0.password as c2  from account t0  where not (t0.email in (?, ? ) )  
txn[1017], 19:20:40.120, FindMany type[User] origin[DAMlag.BGH_c1.BiQ-_t] exeMicros[1263] rows[3] name[] predicates[not (t0.email in (?, ? ) ) ] bind[guillaume@sample.com, maxime@sample.com] 
txn[1018], 19:20:47.106, insert into task (id, title, done, due_date, folder, assigned_to_email, project_id) values (?,?,?,?,?,?,?) 
txn[1018], 19:20:47.107, Binding Insert [task]  set[id=1220, title=Testing, done=false, dueDate=null, folder=New Folder, assigned_to_email=null, project_id=3, ] 
txn[1018], 19:20:47.109, Inserted [Task] [1220] 
txn[1019], 19:21:21.833, select distinct t0.id as c0, t0.title as c1, t0.done as c2, t0.due_date as c3, t0.folder as c4, t0.assigned_to_email as c5, t0.project_id as c6  from task t0 join project u1 on u1.id = t0.project_id  join project_account u2z_ on u2z_.project_id = u1.id  join account u2 on u2.email = u2z_.account_email   where t0.done = ?  and u2.email = ?  
txn[1019], 19:21:21.837, FindMany type[Task] origin[CPibuZ.BGCeS7.CJedaz] exeMicros[3348] rows[5] name[] predicates[t0.done = ?  and u2.email = ? ] bind[false, guillaume@sample.com] 
txn[1020], 19:21:21.845, select t0.id as c0, t0.name as c1, t0.folder as c2  from project t0  where t0.id = ?   
txn[1020], 19:21:21.846, FindMany mode[+lazy] type[Project] origin[CPibuZ.BGCeS7.CJedaz] lazyLoadProp[name] load[path:project batch:1 actual:1] exeMicros[1255] rows[1] name[] predicates[t0.id = ?  ] bind[1100] 
txn[1021], 19:21:21.867, select t0.id as c0, t0.name as c1, t0.folder as c2  from project t0  where t0.id = ?   
txn[1021], 19:21:21.868, FindMany mode[+lazy] type[Project] origin[CPibuZ.BGCeS7.CJedaz] lazyLoadProp[name] load[path:project batch:1 actual:1] exeMicros[1102] rows[1] name[] predicates[t0.id = ?  ] bind[2] 
txn[1022], 19:21:21.882, select t0.id as c0, t0.name as c1, t0.folder as c2  from project t0  where t0.id = ?   
txn[1022], 19:21:21.882, FindMany mode[+lazy] type[Project] origin[CPibuZ.BGCeS7.CJedaz] lazyLoadProp[name] load[path:project batch:1 actual:1] exeMicros[594] rows[1] name[] predicates[t0.id = ?  ] bind[3] 
txn[1023], 19:21:21.900, select t0.id as c0, t0.name as c1, t0.folder as c2  from project t0  where t0.id = ?   
txn[1023], 19:21:21.901, FindMany mode[+lazy] type[Project] origin[CPibuZ.BGCeS7.CJedaz] lazyLoadProp[name] load[path:project batch:1 actual:1] exeMicros[805] rows[1] name[] predicates[t0.id = ?  ] bind[4] 
