txn[1001], 18:36:10.095, select t0.email as c0, t0.name as c1, t0.password as c2  from account t0  where t0.email = ?  and t0.password = ?  
txn[1001], 18:36:10.122, FindMany type[User] origin[DtpspF.BGH_c1.DBqc_h] exeMicros[25813] rows[0] name[] predicates[t0.email = ?  and t0.password = ? ] bind[, ] 
txn[1002], 18:36:24.309, select t0.email as c0, t0.name as c1, t0.password as c2  from account t0  where t0.email = ?  and t0.password = ?  
txn[1002], 18:36:24.311, FindMany type[User] origin[DtpspF.BGH_c1.DBqc_h] exeMicros[1331] rows[0] name[] predicates[t0.email = ?  and t0.password = ? ] bind[aaa, bbbb] 
txn[1003], 18:36:33.882, select t0.email as c0, t0.name as c1, t0.password as c2  from account t0  where t0.email = ?  and t0.password = ?  
txn[1003], 18:36:33.883, FindMany type[User] origin[DtpspF.BGH_c1.DBqc_h] exeMicros[1034] rows[0] name[] predicates[t0.email = ?  and t0.password = ? ] bind[aaawaewfew, bbbbfewfew] 
txn[1001], 18:40:18.659, select t0.email as c0, t0.name as c1, t0.password as c2  from account t0  where t0.email = ?  and t0.password = ?  
txn[1001], 18:40:18.710, FindMany type[User] origin[DtpspF.BGH_c1.DBqrif] exeMicros[50214] rows[0] name[] predicates[t0.email = ?  and t0.password = ? ] bind[aaa, fewfew] 
txn[1002], 18:40:24.178, select t0.email as c0, t0.name as c1, t0.password as c2  from account t0  where t0.email = ?  and t0.password = ?  
txn[1002], 18:40:24.179, FindMany type[User] origin[DtpspF.BGH_c1.DBqrif] exeMicros[1287] rows[0] name[] predicates[t0.email = ?  and t0.password = ? ] bind[aaa, fewfewdwqdwq] 
txn[1003], 18:40:34.448, select t0.email as c0, t0.name as c1, t0.password as c2  from account t0  where t0.email = ?  and t0.password = ?  
txn[1003], 18:40:34.449, FindMany type[User] origin[DtpspF.BGH_c1.DBqrif] exeMicros[1195] rows[0] name[] predicates[t0.email = ?  and t0.password = ? ] bind[adewfewfew, fewfew] 
txn[1001], 18:43:08.498, select t0.email as c0, t0.name as c1, t0.password as c2  from account t0  where t0.email = ?  and t0.password = ?  
txn[1001], 18:43:08.552, FindMany type[User] origin[DtpspF.BGH_c1.DBqrif] exeMicros[53525] rows[0] name[] predicates[t0.email = ?  and t0.password = ? ] bind[aa, ] 
txn[1001], 18:44:24.215, select t0.email as c0, t0.name as c1, t0.password as c2  from account t0  where t0.email = ?  and t0.password = ?  
txn[1001], 18:44:24.367, FindMany type[User] origin[DtpspF.BGH_c1.DBqyz-] exeMicros[152090] rows[0] name[] predicates[t0.email = ?  and t0.password = ? ] bind[dwqdwq, fewfew] 
txn[1002], 18:44:31.754, select t0.email as c0, t0.name as c1, t0.password as c2  from account t0  where t0.email = ?  and t0.password = ?  
txn[1002], 18:44:31.756, FindMany type[User] origin[DtpspF.BGH_c1.DBqyz-] exeMicros[1225] rows[0] name[] predicates[t0.email = ?  and t0.password = ? ] bind[dwdwe, fewfew] 
txn[1003], 18:44:56.444, select t0.email as c0, t0.name as c1, t0.password as c2  from account t0  where t0.email = ?  and t0.password = ?  
txn[1003], 18:44:56.451, FindMany type[User] origin[DtpspF.BGH_c1.DBqyz-] exeMicros[6152] rows[1] name[] predicates[t0.email = ?  and t0.password = ? ] bind[guillaume@sample.com, secret] 
txn[1004], 18:44:56.563, select t0.id as c0, t0.name as c1, t0.folder as c2  from project t0 
txn[1004], 18:44:56.568, FindMany type[Project] origin[GZ9o4.BWY1YJ.Cf6CVl] exeMicros[4675] rows[11] name[] predicates[] bind[] 
txn[1005], 18:44:56.587, select t0.id as c0, t0.title as c1, t0.done as c2, t0.due_date as c3, t0.folder as c4, t0.project_id as c5  from task t0 
txn[1005], 18:44:56.592, FindMany type[Task] origin[B0B5of.BGCeS7.BNRLV8] exeMicros[5276] rows[8] name[] predicates[] bind[] 
txn[1006], 18:44:56.631, select t0.id as c0, t0.name as c1, t0.folder as c2  from project t0  where t0.id = ?   
txn[1006], 18:44:56.632, FindMany mode[+lazy] type[Project] origin[B0B5of.BGCeS7.BNRLV8] lazyLoadProp[name] load[path:project batch:1 actual:1] exeMicros[1769] rows[1] name[] predicates[t0.id = ?  ] bind[1] 
txn[1007], 18:44:56.690, select t0.id as c0, t0.name as c1, t0.folder as c2  from project t0  where t0.id = ?   
txn[1007], 18:44:56.692, FindMany mode[+lazy] type[Project] origin[B0B5of.BGCeS7.BNRLV8] lazyLoadProp[name] load[path:project batch:1 actual:1] exeMicros[1678] rows[1] name[] predicates[t0.id = ?  ] bind[2] 
txn[1008], 18:44:56.742, select t0.id as c0, t0.name as c1, t0.folder as c2  from project t0  where t0.id = ?   
txn[1008], 18:44:56.743, FindMany mode[+lazy] type[Project] origin[B0B5of.BGCeS7.BNRLV8] lazyLoadProp[name] load[path:project batch:1 actual:1] exeMicros[1378] rows[1] name[] predicates[t0.id = ?  ] bind[4] 
txn[1009], 18:44:56.775, select t0.id as c0, t0.name as c1, t0.folder as c2  from project t0  where t0.id = ?   
txn[1009], 18:44:56.776, FindMany mode[+lazy] type[Project] origin[B0B5of.BGCeS7.BNRLV8] lazyLoadProp[name] load[path:project batch:1 actual:1] exeMicros[1054] rows[1] name[] predicates[t0.id = ?  ] bind[7] 
txn[1010], 18:44:56.798, select t0.id as c0, t0.name as c1, t0.folder as c2  from project t0  where t0.id = ?   
txn[1010], 18:44:56.800, FindMany mode[+lazy] type[Project] origin[B0B5of.BGCeS7.BNRLV8] lazyLoadProp[name] load[path:project batch:1 actual:1] exeMicros[1818] rows[1] name[] predicates[t0.id = ?  ] bind[9] 
txn[1011], 18:45:02.665, select t0.email as c0, t0.name as c1, t0.password as c2  from account t0  where t0.email = ?  and t0.password = ?  
txn[1011], 18:45:02.667, FindMany type[User] origin[DtpspF.BGH_c1.DBqyz-] exeMicros[1420] rows[1] name[] predicates[t0.email = ?  and t0.password = ? ] bind[guillaume@sample.com, secret] 
txn[1012], 18:45:02.725, select t0.id as c0, t0.name as c1, t0.folder as c2  from project t0 
txn[1012], 18:45:02.727, FindMany type[Project] origin[GZ9o4.BWY1YJ.Cf6CVl] exeMicros[1952] rows[11] name[] predicates[] bind[] 
txn[1013], 18:45:02.735, select t0.id as c0, t0.title as c1, t0.done as c2, t0.due_date as c3, t0.folder as c4, t0.project_id as c5  from task t0 
txn[1013], 18:45:02.737, FindMany type[Task] origin[B0B5of.BGCeS7.BNRLV8] exeMicros[2404] rows[8] name[] predicates[] bind[] 
txn[1014], 18:45:02.750, select t0.id as c0, t0.name as c1, t0.folder as c2  from project t0  where t0.id = ?   
txn[1014], 18:45:02.750, FindMany mode[+lazy] type[Project] origin[B0B5of.BGCeS7.BNRLV8] lazyLoadProp[name] load[path:project batch:1 actual:1] exeMicros[693] rows[1] name[] predicates[t0.id = ?  ] bind[1] 
txn[1015], 18:45:02.781, select t0.id as c0, t0.name as c1, t0.folder as c2  from project t0  where t0.id = ?   
txn[1015], 18:45:02.782, FindMany mode[+lazy] type[Project] origin[B0B5of.BGCeS7.BNRLV8] lazyLoadProp[name] load[path:project batch:1 actual:1] exeMicros[690] rows[1] name[] predicates[t0.id = ?  ] bind[2] 
txn[1016], 18:45:02.846, select t0.id as c0, t0.name as c1, t0.folder as c2  from project t0  where t0.id = ?   
txn[1016], 18:45:02.847, FindMany mode[+lazy] type[Project] origin[B0B5of.BGCeS7.BNRLV8] lazyLoadProp[name] load[path:project batch:1 actual:1] exeMicros[704] rows[1] name[] predicates[t0.id = ?  ] bind[4] 
txn[1017], 18:45:02.861, select t0.id as c0, t0.name as c1, t0.folder as c2  from project t0  where t0.id = ?   
txn[1017], 18:45:02.861, FindMany mode[+lazy] type[Project] origin[B0B5of.BGCeS7.BNRLV8] lazyLoadProp[name] load[path:project batch:1 actual:1] exeMicros[633] rows[1] name[] predicates[t0.id = ?  ] bind[7] 
txn[1018], 18:45:02.879, select t0.id as c0, t0.name as c1, t0.folder as c2  from project t0  where t0.id = ?   
txn[1018], 18:45:02.880, FindMany mode[+lazy] type[Project] origin[B0B5of.BGCeS7.BNRLV8] lazyLoadProp[name] load[path:project batch:1 actual:1] exeMicros[745] rows[1] name[] predicates[t0.id = ?  ] bind[9] 
txn[1001], 19:07:38.542, select t0.email as c0, t0.name as c1, t0.password as c2  from account t0  where t0.email = ?  and t0.password = ?  
txn[1001], 19:07:38.588, FindMany type[User] origin[DtpspF.BGH_c1.DBqyz-] exeMicros[46657] rows[0] name[] predicates[t0.email = ?  and t0.password = ? ] bind[aaafewf, fewfewfew] 
txn[1001], 19:08:39.917, select t0.email as c0, t0.name as c1, t0.password as c2  from account t0  where t0.email = ?  and t0.password = ?  
txn[1001], 19:08:39.976, FindMany type[User] origin[DtpspF.BGH_c1.DBqyz-] exeMicros[59342] rows[0] name[] predicates[t0.email = ?  and t0.password = ? ] bind[guillaume@sample.com, ] 
txn[1002], 19:08:45.047, select t0.email as c0, t0.name as c1, t0.password as c2  from account t0  where t0.email = ?  and t0.password = ?  
txn[1002], 19:08:45.052, FindMany type[User] origin[DtpspF.BGH_c1.DBqyz-] exeMicros[4942] rows[1] name[] predicates[t0.email = ?  and t0.password = ? ] bind[guillaume@sample.com, secret] 
txn[1001], 19:25:57.849, select t0.email as c0, t0.name as c1, t0.password as c2  from account t0  where t0.email = ?  and t0.password = ?  
txn[1001], 19:25:57.899, FindMany type[User] origin[DtpspF.BGH_c1.DBqyz-] exeMicros[49775] rows[0] name[] predicates[t0.email = ?  and t0.password = ? ] bind[guillaume@sample.com, ] 
txn[1002], 19:26:01.772, select t0.email as c0, t0.name as c1, t0.password as c2  from account t0  where t0.email = ?  and t0.password = ?  
txn[1002], 19:26:01.778, FindMany type[User] origin[DtpspF.BGH_c1.DBqyz-] exeMicros[5756] rows[1] name[] predicates[t0.email = ?  and t0.password = ? ] bind[guillaume@sample.com, secret] 
txn[1003], 19:26:01.913, select t0.id as c0, t0.name as c1, t0.folder as c2  from project t0 
txn[1003], 19:26:01.917, FindMany type[Project] origin[GZ9o4.BWY1YJ.Cf6CVl] exeMicros[4029] rows[11] name[] predicates[] bind[] 
txn[1004], 19:26:01.935, select t0.id as c0, t0.title as c1, t0.done as c2, t0.due_date as c3, t0.folder as c4, t0.project_id as c5  from task t0 
txn[1004], 19:26:01.942, FindMany type[Task] origin[B0B5of.BGCeS7.BNRLV8] exeMicros[5939] rows[8] name[] predicates[] bind[] 
txn[1005], 19:26:01.964, select t0.id as c0, t0.name as c1, t0.folder as c2  from project t0  where t0.id = ?   
txn[1005], 19:26:01.966, FindMany mode[+lazy] type[Project] origin[B0B5of.BGCeS7.BNRLV8] lazyLoadProp[name] load[path:project batch:1 actual:1] exeMicros[1681] rows[1] name[] predicates[t0.id = ?  ] bind[1] 
txn[1006], 19:26:02.007, select t0.id as c0, t0.name as c1, t0.folder as c2  from project t0  where t0.id = ?   
txn[1006], 19:26:02.008, FindMany mode[+lazy] type[Project] origin[B0B5of.BGCeS7.BNRLV8] lazyLoadProp[name] load[path:project batch:1 actual:1] exeMicros[1174] rows[1] name[] predicates[t0.id = ?  ] bind[2] 
txn[1007], 19:26:02.057, select t0.id as c0, t0.name as c1, t0.folder as c2  from project t0  where t0.id = ?   
txn[1007], 19:26:02.059, FindMany mode[+lazy] type[Project] origin[B0B5of.BGCeS7.BNRLV8] lazyLoadProp[name] load[path:project batch:1 actual:1] exeMicros[1431] rows[1] name[] predicates[t0.id = ?  ] bind[4] 
txn[1008], 19:26:02.085, select t0.id as c0, t0.name as c1, t0.folder as c2  from project t0  where t0.id = ?   
txn[1008], 19:26:02.086, FindMany mode[+lazy] type[Project] origin[B0B5of.BGCeS7.BNRLV8] lazyLoadProp[name] load[path:project batch:1 actual:1] exeMicros[1237] rows[1] name[] predicates[t0.id = ?  ] bind[7] 
txn[1009], 19:26:02.112, select t0.id as c0, t0.name as c1, t0.folder as c2  from project t0  where t0.id = ?   
txn[1009], 19:26:02.114, FindMany mode[+lazy] type[Project] origin[B0B5of.BGCeS7.BNRLV8] lazyLoadProp[name] load[path:project batch:1 actual:1] exeMicros[1738] rows[1] name[] predicates[t0.id = ?  ] bind[9] 
txn[1010], 19:26:06.952, select t0.id as c0, t0.name as c1, t0.folder as c2  from project t0 
txn[1010], 19:26:06.954, FindMany type[Project] origin[GZ9o4.BWY1YJ.thR4G] exeMicros[2150] rows[11] name[] predicates[] bind[] 
txn[1011], 19:26:07.034, select t0.id as c0, t0.title as c1, t0.done as c2, t0.due_date as c3, t0.folder as c4, t0.project_id as c5  from task t0 
txn[1011], 19:26:07.037, FindMany type[Task] origin[B0B5of.BGCeS7.BNRLV8] exeMicros[3034] rows[8] name[] predicates[] bind[] 
txn[1012], 19:26:07.052, select t0.id as c0, t0.name as c1, t0.folder as c2  from project t0  where t0.id = ?   
txn[1012], 19:26:07.053, FindMany mode[+lazy] type[Project] origin[B0B5of.BGCeS7.BNRLV8] lazyLoadProp[name] load[path:project batch:1 actual:1] exeMicros[705] rows[1] name[] predicates[t0.id = ?  ] bind[1] 
txn[1013], 19:26:07.079, select t0.id as c0, t0.name as c1, t0.folder as c2  from project t0  where t0.id = ?   
txn[1013], 19:26:07.080, FindMany mode[+lazy] type[Project] origin[B0B5of.BGCeS7.BNRLV8] lazyLoadProp[name] load[path:project batch:1 actual:1] exeMicros[594] rows[1] name[] predicates[t0.id = ?  ] bind[2] 
txn[1014], 19:26:07.139, select t0.id as c0, t0.name as c1, t0.folder as c2  from project t0  where t0.id = ?   
txn[1014], 19:26:07.140, FindMany mode[+lazy] type[Project] origin[B0B5of.BGCeS7.BNRLV8] lazyLoadProp[name] load[path:project batch:1 actual:1] exeMicros[1478] rows[1] name[] predicates[t0.id = ?  ] bind[4] 
txn[1015], 19:26:07.163, select t0.id as c0, t0.name as c1, t0.folder as c2  from project t0  where t0.id = ?   
txn[1015], 19:26:07.164, FindMany mode[+lazy] type[Project] origin[B0B5of.BGCeS7.BNRLV8] lazyLoadProp[name] load[path:project batch:1 actual:1] exeMicros[731] rows[1] name[] predicates[t0.id = ?  ] bind[7] 
txn[1016], 19:26:07.180, select t0.id as c0, t0.name as c1, t0.folder as c2  from project t0  where t0.id = ?   
txn[1016], 19:26:07.180, FindMany mode[+lazy] type[Project] origin[B0B5of.BGCeS7.BNRLV8] lazyLoadProp[name] load[path:project batch:1 actual:1] exeMicros[566] rows[1] name[] predicates[t0.id = ?  ] bind[9] 
txn[1017], 19:26:07.963, select t0.id as c0, t0.name as c1, t0.folder as c2  from project t0 
txn[1017], 19:26:07.964, FindMany type[Project] origin[GZ9o4.BWY1YJ.thR4G] exeMicros[1495] rows[11] name[] predicates[] bind[] 
txn[1018], 19:26:08.025, select t0.id as c0, t0.title as c1, t0.done as c2, t0.due_date as c3, t0.folder as c4, t0.project_id as c5  from task t0 
txn[1018], 19:26:08.027, FindMany type[Task] origin[B0B5of.BGCeS7.BNRLV8] exeMicros[2251] rows[8] name[] predicates[] bind[] 
txn[1019], 19:26:08.037, select t0.id as c0, t0.name as c1, t0.folder as c2  from project t0  where t0.id = ?   
txn[1019], 19:26:08.038, FindMany mode[+lazy] type[Project] origin[B0B5of.BGCeS7.BNRLV8] lazyLoadProp[name] load[path:project batch:1 actual:1] exeMicros[675] rows[1] name[] predicates[t0.id = ?  ] bind[1] 
txn[1020], 19:26:08.057, select t0.id as c0, t0.name as c1, t0.folder as c2  from project t0  where t0.id = ?   
txn[1020], 19:26:08.057, FindMany mode[+lazy] type[Project] origin[B0B5of.BGCeS7.BNRLV8] lazyLoadProp[name] load[path:project batch:1 actual:1] exeMicros[585] rows[1] name[] predicates[t0.id = ?  ] bind[2] 
txn[1021], 19:26:08.083, select t0.id as c0, t0.name as c1, t0.folder as c2  from project t0  where t0.id = ?   
txn[1021], 19:26:08.084, FindMany mode[+lazy] type[Project] origin[B0B5of.BGCeS7.BNRLV8] lazyLoadProp[name] load[path:project batch:1 actual:1] exeMicros[564] rows[1] name[] predicates[t0.id = ?  ] bind[4] 
txn[1022], 19:26:08.100, select t0.id as c0, t0.name as c1, t0.folder as c2  from project t0  where t0.id = ?   
txn[1022], 19:26:08.100, FindMany mode[+lazy] type[Project] origin[B0B5of.BGCeS7.BNRLV8] lazyLoadProp[name] load[path:project batch:1 actual:1] exeMicros[572] rows[1] name[] predicates[t0.id = ?  ] bind[7] 
txn[1023], 19:26:08.117, select t0.id as c0, t0.name as c1, t0.folder as c2  from project t0  where t0.id = ?   
txn[1023], 19:26:08.118, FindMany mode[+lazy] type[Project] origin[B0B5of.BGCeS7.BNRLV8] lazyLoadProp[name] load[path:project batch:1 actual:1] exeMicros[649] rows[1] name[] predicates[t0.id = ?  ] bind[9] 
txn[1024], 19:26:08.813, select t0.id as c0, t0.name as c1, t0.folder as c2  from project t0 
txn[1024], 19:26:08.814, FindMany type[Project] origin[GZ9o4.BWY1YJ.thR4G] exeMicros[1751] rows[11] name[] predicates[] bind[] 
txn[1025], 19:26:08.866, select t0.id as c0, t0.title as c1, t0.done as c2, t0.due_date as c3, t0.folder as c4, t0.project_id as c5  from task t0 
txn[1025], 19:26:08.869, FindMany type[Task] origin[B0B5of.BGCeS7.BNRLV8] exeMicros[2563] rows[8] name[] predicates[] bind[] 
txn[1026], 19:26:08.881, select t0.id as c0, t0.name as c1, t0.folder as c2  from project t0  where t0.id = ?   
txn[1026], 19:26:08.882, FindMany mode[+lazy] type[Project] origin[B0B5of.BGCeS7.BNRLV8] lazyLoadProp[name] load[path:project batch:1 actual:1] exeMicros[689] rows[1] name[] predicates[t0.id = ?  ] bind[1] 
txn[1027], 19:26:08.909, select t0.id as c0, t0.name as c1, t0.folder as c2  from project t0  where t0.id = ?   
txn[1027], 19:26:08.910, FindMany mode[+lazy] type[Project] origin[B0B5of.BGCeS7.BNRLV8] lazyLoadProp[name] load[path:project batch:1 actual:1] exeMicros[726] rows[1] name[] predicates[t0.id = ?  ] bind[2] 
txn[1028], 19:26:08.937, select t0.id as c0, t0.name as c1, t0.folder as c2  from project t0  where t0.id = ?   
txn[1028], 19:26:08.937, FindMany mode[+lazy] type[Project] origin[B0B5of.BGCeS7.BNRLV8] lazyLoadProp[name] load[path:project batch:1 actual:1] exeMicros[561] rows[1] name[] predicates[t0.id = ?  ] bind[4] 
txn[1029], 19:26:08.955, select t0.id as c0, t0.name as c1, t0.folder as c2  from project t0  where t0.id = ?   
txn[1029], 19:26:08.956, FindMany mode[+lazy] type[Project] origin[B0B5of.BGCeS7.BNRLV8] lazyLoadProp[name] load[path:project batch:1 actual:1] exeMicros[876] rows[1] name[] predicates[t0.id = ?  ] bind[7] 
txn[1030], 19:26:08.996, select t0.id as c0, t0.name as c1, t0.folder as c2  from project t0  where t0.id = ?   
txn[1030], 19:26:08.997, FindMany mode[+lazy] type[Project] origin[B0B5of.BGCeS7.BNRLV8] lazyLoadProp[name] load[path:project batch:1 actual:1] exeMicros[679] rows[1] name[] predicates[t0.id = ?  ] bind[9] 
txn[1031], 19:26:10.745, select t0.id as c0, t0.title as c1, t0.done as c2, t0.due_date as c3, t0.folder as c4, t0.project_id as c5  from task t0 
txn[1031], 19:26:10.748, FindMany type[Task] origin[B0B5of.BGCeS7.BRGrhl] exeMicros[2636] rows[8] name[] predicates[] bind[] 
txn[1032], 19:26:10.756, select t0.id as c0, t0.name as c1, t0.folder as c2  from project t0  where t0.id = ?   
txn[1032], 19:26:10.757, FindMany mode[+lazy] type[Project] origin[B0B5of.BGCeS7.BRGrhl] lazyLoadProp[name] load[path:project batch:1 actual:1] exeMicros[740] rows[1] name[] predicates[t0.id = ?  ] bind[1] 
txn[1033], 19:26:10.780, select t0.id as c0, t0.name as c1, t0.folder as c2  from project t0  where t0.id = ?   
txn[1033], 19:26:10.781, FindMany mode[+lazy] type[Project] origin[B0B5of.BGCeS7.BRGrhl] lazyLoadProp[name] load[path:project batch:1 actual:1] exeMicros[820] rows[1] name[] predicates[t0.id = ?  ] bind[2] 
txn[1034], 19:26:10.813, select t0.id as c0, t0.name as c1, t0.folder as c2  from project t0  where t0.id = ?   
txn[1034], 19:26:10.814, FindMany mode[+lazy] type[Project] origin[B0B5of.BGCeS7.BRGrhl] lazyLoadProp[name] load[path:project batch:1 actual:1] exeMicros[932] rows[1] name[] predicates[t0.id = ?  ] bind[4] 
txn[1035], 19:26:10.836, select t0.id as c0, t0.name as c1, t0.folder as c2  from project t0  where t0.id = ?   
txn[1035], 19:26:10.837, FindMany mode[+lazy] type[Project] origin[B0B5of.BGCeS7.BRGrhl] lazyLoadProp[name] load[path:project batch:1 actual:1] exeMicros[803] rows[1] name[] predicates[t0.id = ?  ] bind[7] 
txn[1036], 19:26:10.852, select t0.id as c0, t0.name as c1, t0.folder as c2  from project t0  where t0.id = ?   
txn[1036], 19:26:10.853, FindMany mode[+lazy] type[Project] origin[B0B5of.BGCeS7.BRGrhl] lazyLoadProp[name] load[path:project batch:1 actual:1] exeMicros[745] rows[1] name[] predicates[t0.id = ?  ] bind[9] 
txn[1037], 19:26:14.429, select t0.id as c0, t0.title as c1, t0.done as c2, t0.due_date as c3, t0.folder as c4, t0.project_id as c5  from task t0  where t0.project_id = ?  
txn[1037], 19:26:14.431, FindMany type[Task] origin[Bm7UHS.BGCeS7.B7JJe6] exeMicros[1620] rows[2] name[] predicates[t0.project_id = ? ] bind[1] 
txn[1038], 19:26:16.291, select t0.id as c0, t0.name as c1, t0.folder as c2  from project t0 
txn[1038], 19:26:16.293, FindMany type[Project] origin[GZ9o4.BWY1YJ.thR4G] exeMicros[1578] rows[11] name[] predicates[] bind[] 
txn[1039], 19:26:16.364, select t0.id as c0, t0.title as c1, t0.done as c2, t0.due_date as c3, t0.folder as c4, t0.project_id as c5  from task t0 
txn[1039], 19:26:16.367, FindMany type[Task] origin[B0B5of.BGCeS7.BNRLV8] exeMicros[2211] rows[8] name[] predicates[] bind[] 
txn[1040], 19:26:16.380, select t0.id as c0, t0.name as c1, t0.folder as c2  from project t0  where t0.id = ?   
txn[1040], 19:26:16.381, FindMany mode[+lazy] type[Project] origin[B0B5of.BGCeS7.BNRLV8] lazyLoadProp[name] load[path:project batch:1 actual:1] exeMicros[711] rows[1] name[] predicates[t0.id = ?  ] bind[1] 
txn[1041], 19:26:16.404, select t0.id as c0, t0.name as c1, t0.folder as c2  from project t0  where t0.id = ?   
txn[1041], 19:26:16.405, FindMany mode[+lazy] type[Project] origin[B0B5of.BGCeS7.BNRLV8] lazyLoadProp[name] load[path:project batch:1 actual:1] exeMicros[698] rows[1] name[] predicates[t0.id = ?  ] bind[2] 
txn[1042], 19:26:16.429, select t0.id as c0, t0.name as c1, t0.folder as c2  from project t0  where t0.id = ?   
txn[1042], 19:26:16.430, FindMany mode[+lazy] type[Project] origin[B0B5of.BGCeS7.BNRLV8] lazyLoadProp[name] load[path:project batch:1 actual:1] exeMicros[711] rows[1] name[] predicates[t0.id = ?  ] bind[4] 
txn[1043], 19:26:16.447, select t0.id as c0, t0.name as c1, t0.folder as c2  from project t0  where t0.id = ?   
txn[1043], 19:26:16.447, FindMany mode[+lazy] type[Project] origin[B0B5of.BGCeS7.BNRLV8] lazyLoadProp[name] load[path:project batch:1 actual:1] exeMicros[692] rows[1] name[] predicates[t0.id = ?  ] bind[7] 
txn[1044], 19:26:16.465, select t0.id as c0, t0.name as c1, t0.folder as c2  from project t0  where t0.id = ?   
txn[1044], 19:26:16.469, FindMany mode[+lazy] type[Project] origin[B0B5of.BGCeS7.BNRLV8] lazyLoadProp[name] load[path:project batch:1 actual:1] exeMicros[3512] rows[1] name[] predicates[t0.id = ?  ] bind[9] 
txn[1045], 19:26:24.604, select t0.id as c0, t0.title as c1, t0.done as c2, t0.due_date as c3, t0.folder as c4, t0.project_id as c5  from task t0  where t0.project_id = ?  
txn[1045], 19:26:24.606, FindMany type[Task] origin[Bm7UHS.BGCeS7.B7JJe6] exeMicros[1540] rows[1] name[] predicates[t0.project_id = ? ] bind[4] 
txn[1046], 19:26:28.699, select t0.id as c0, t0.name as c1, t0.folder as c2  from project t0 
txn[1046], 19:26:28.700, FindMany type[Project] origin[GZ9o4.BWY1YJ.thR4G] exeMicros[1204] rows[11] name[] predicates[] bind[] 
txn[1047], 19:26:28.751, select t0.id as c0, t0.title as c1, t0.done as c2, t0.due_date as c3, t0.folder as c4, t0.project_id as c5  from task t0 
txn[1047], 19:26:28.753, FindMany type[Task] origin[B0B5of.BGCeS7.BNRLV8] exeMicros[1963] rows[8] name[] predicates[] bind[] 
txn[1048], 19:26:28.763, select t0.id as c0, t0.name as c1, t0.folder as c2  from project t0  where t0.id = ?   
txn[1048], 19:26:28.764, FindMany mode[+lazy] type[Project] origin[B0B5of.BGCeS7.BNRLV8] lazyLoadProp[name] load[path:project batch:1 actual:1] exeMicros[612] rows[1] name[] predicates[t0.id = ?  ] bind[1] 
txn[1049], 19:26:28.781, select t0.id as c0, t0.name as c1, t0.folder as c2  from project t0  where t0.id = ?   
txn[1049], 19:26:28.782, FindMany mode[+lazy] type[Project] origin[B0B5of.BGCeS7.BNRLV8] lazyLoadProp[name] load[path:project batch:1 actual:1] exeMicros[616] rows[1] name[] predicates[t0.id = ?  ] bind[2] 
txn[1050], 19:26:28.807, select t0.id as c0, t0.name as c1, t0.folder as c2  from project t0  where t0.id = ?   
txn[1050], 19:26:28.808, FindMany mode[+lazy] type[Project] origin[B0B5of.BGCeS7.BNRLV8] lazyLoadProp[name] load[path:project batch:1 actual:1] exeMicros[730] rows[1] name[] predicates[t0.id = ?  ] bind[4] 
txn[1051], 19:26:28.825, select t0.id as c0, t0.name as c1, t0.folder as c2  from project t0  where t0.id = ?   
txn[1051], 19:26:28.826, FindMany mode[+lazy] type[Project] origin[B0B5of.BGCeS7.BNRLV8] lazyLoadProp[name] load[path:project batch:1 actual:1] exeMicros[687] rows[1] name[] predicates[t0.id = ?  ] bind[7] 
txn[1052], 19:26:28.839, select t0.id as c0, t0.name as c1, t0.folder as c2  from project t0  where t0.id = ?   
txn[1052], 19:26:28.840, FindMany mode[+lazy] type[Project] origin[B0B5of.BGCeS7.BNRLV8] lazyLoadProp[name] load[path:project batch:1 actual:1] exeMicros[867] rows[1] name[] predicates[t0.id = ?  ] bind[9] 
txn[1053], 19:26:32.415, select t0.id as c0, t0.title as c1, t0.done as c2, t0.due_date as c3, t0.folder as c4, t0.project_id as c5  from task t0 
txn[1053], 19:26:32.417, FindMany type[Task] origin[B0B5of.BGCeS7.BRGrhl] exeMicros[1857] rows[8] name[] predicates[] bind[] 
txn[1054], 19:26:32.425, select t0.id as c0, t0.name as c1, t0.folder as c2  from project t0  where t0.id = ?   
txn[1054], 19:26:32.426, FindMany mode[+lazy] type[Project] origin[B0B5of.BGCeS7.BRGrhl] lazyLoadProp[name] load[path:project batch:1 actual:1] exeMicros[574] rows[1] name[] predicates[t0.id = ?  ] bind[1] 
txn[1055], 19:26:32.445, select t0.id as c0, t0.name as c1, t0.folder as c2  from project t0  where t0.id = ?   
txn[1055], 19:26:32.446, FindMany mode[+lazy] type[Project] origin[B0B5of.BGCeS7.BRGrhl] lazyLoadProp[name] load[path:project batch:1 actual:1] exeMicros[583] rows[1] name[] predicates[t0.id = ?  ] bind[2] 
txn[1056], 19:26:32.472, select t0.id as c0, t0.name as c1, t0.folder as c2  from project t0  where t0.id = ?   
txn[1056], 19:26:32.473, FindMany mode[+lazy] type[Project] origin[B0B5of.BGCeS7.BRGrhl] lazyLoadProp[name] load[path:project batch:1 actual:1] exeMicros[659] rows[1] name[] predicates[t0.id = ?  ] bind[4] 
txn[1057], 19:26:32.488, select t0.id as c0, t0.name as c1, t0.folder as c2  from project t0  where t0.id = ?   
txn[1057], 19:26:32.489, FindMany mode[+lazy] type[Project] origin[B0B5of.BGCeS7.BRGrhl] lazyLoadProp[name] load[path:project batch:1 actual:1] exeMicros[791] rows[1] name[] predicates[t0.id = ?  ] bind[7] 
txn[1058], 19:26:32.504, select t0.id as c0, t0.name as c1, t0.folder as c2  from project t0  where t0.id = ?   
txn[1058], 19:26:32.505, FindMany mode[+lazy] type[Project] origin[B0B5of.BGCeS7.BRGrhl] lazyLoadProp[name] load[path:project batch:1 actual:1] exeMicros[605] rows[1] name[] predicates[t0.id = ?  ] bind[9] 
txn[1001], 20:21:25.485, select t0.email as c0, t0.name as c1, t0.password as c2  from account t0  where t0.email = ?  and t0.password = ?  
txn[1001], 20:21:25.544, FindMany type[User] origin[DtpspF.BGH_c1.DBqyz-] exeMicros[59266] rows[1] name[] predicates[t0.email = ?  and t0.password = ? ] bind[guillaume@sample.com, secret] 
txn[1002], 20:21:25.702, select t0.email as c0, t0.name as c1, t0.password as c2  from account t0 where t0.email = ?   
txn[1002], 20:21:25.711, FindBean type[User] origin[CICHAw.BGH_c0.4iAPp] exeMicros[9284] rows[1] bind[guillaume@sample.com] 
txn[1001], 20:22:22.194, select t0.email as c0, t0.name as c1, t0.password as c2  from account t0  where t0.email = ?  and t0.password = ?  
txn[1001], 20:22:22.267, FindMany type[User] origin[DtpspF.BGH_c1.DBqyz-] exeMicros[72406] rows[1] name[] predicates[t0.email = ?  and t0.password = ? ] bind[guillaume@sample.com, secret] 
txn[1002], 20:22:22.449, select t0.email as c0, t0.name as c1, t0.password as c2  from account t0 where t0.email = ?   
txn[1002], 20:22:22.457, FindBean type[User] origin[CICHAw.BGH_c0.4iAPp] exeMicros[7746] rows[1] bind[guillaume@sample.com] 
txn[1003], 20:22:22.459, select t0.id as c0, t0.name as c1, t0.folder as c2  from project t0 
txn[1003], 20:22:22.463, FindMany type[Project] origin[GZ9o4.BWY1YJ.Cf7zA9] exeMicros[4123] rows[11] name[] predicates[] bind[] 
txn[1004], 20:22:22.492, select t0.id as c0, t0.title as c1, t0.done as c2, t0.due_date as c3, t0.folder as c4, t0.project_id as c5  from task t0 
txn[1004], 20:22:22.498, FindMany type[Task] origin[B0B5of.BGCeS7.BNRO-r] exeMicros[5862] rows[8] name[] predicates[] bind[] 
txn[1005], 20:22:22.524, select t0.id as c0, t0.name as c1, t0.folder as c2  from project t0  where t0.id = ?   
txn[1005], 20:22:22.529, FindMany mode[+lazy] type[Project] origin[B0B5of.BGCeS7.BNRO-r] lazyLoadProp[name] load[path:project batch:1 actual:1] exeMicros[5408] rows[1] name[] predicates[t0.id = ?  ] bind[1] 
txn[1006], 20:22:22.578, select t0.id as c0, t0.name as c1, t0.folder as c2  from project t0  where t0.id = ?   
txn[1006], 20:22:22.580, FindMany mode[+lazy] type[Project] origin[B0B5of.BGCeS7.BNRO-r] lazyLoadProp[name] load[path:project batch:1 actual:1] exeMicros[1390] rows[1] name[] predicates[t0.id = ?  ] bind[2] 
txn[1007], 20:22:22.637, select t0.id as c0, t0.name as c1, t0.folder as c2  from project t0  where t0.id = ?   
txn[1007], 20:22:22.640, FindMany mode[+lazy] type[Project] origin[B0B5of.BGCeS7.BNRO-r] lazyLoadProp[name] load[path:project batch:1 actual:1] exeMicros[2236] rows[1] name[] predicates[t0.id = ?  ] bind[4] 
txn[1008], 20:22:22.672, select t0.id as c0, t0.name as c1, t0.folder as c2  from project t0  where t0.id = ?   
txn[1008], 20:22:22.673, FindMany mode[+lazy] type[Project] origin[B0B5of.BGCeS7.BNRO-r] lazyLoadProp[name] load[path:project batch:1 actual:1] exeMicros[1330] rows[1] name[] predicates[t0.id = ?  ] bind[7] 
txn[1009], 20:22:22.701, select t0.id as c0, t0.name as c1, t0.folder as c2  from project t0  where t0.id = ?   
txn[1009], 20:22:22.703, FindMany mode[+lazy] type[Project] origin[B0B5of.BGCeS7.BNRO-r] lazyLoadProp[name] load[path:project batch:1 actual:1] exeMicros[1596] rows[1] name[] predicates[t0.id = ?  ] bind[9] 
txn[1001], 20:23:50.586, select t0.email as c0, t0.name as c1, t0.password as c2  from account t0  where t0.email = ?  and t0.password = ?  
txn[1001], 20:23:50.637, FindMany type[User] origin[DtpspF.BGH_c1.DBqyz-] exeMicros[50714] rows[1] name[] predicates[t0.email = ?  and t0.password = ? ] bind[guillaume@sample.com, secret] 
txn[1002], 20:23:50.789, select t0.email as c0, t0.name as c1, t0.password as c2  from account t0 where t0.email = ?   
txn[1002], 20:23:50.795, FindBean type[User] origin[CICHAw.BGH_c0.4iAPp] exeMicros[5504] rows[1] bind[guillaume@sample.com] 
txn[1003], 20:23:50.797, select t0.id as c0, t0.name as c1, t0.folder as c2  from project t0 
txn[1003], 20:23:50.800, FindMany type[Project] origin[GZ9o4.BWY1YJ.Cf7zA9] exeMicros[3067] rows[11] name[] predicates[] bind[] 
txn[1004], 20:23:50.819, select t0.id as c0, t0.title as c1, t0.done as c2, t0.due_date as c3, t0.folder as c4, t0.project_id as c5  from task t0 
txn[1004], 20:23:50.825, FindMany type[Task] origin[B0B5of.BGCeS7.BNRO-r] exeMicros[5970] rows[8] name[] predicates[] bind[] 
txn[1005], 20:23:50.846, select t0.id as c0, t0.name as c1, t0.folder as c2  from project t0  where t0.id = ?   
txn[1005], 20:23:50.848, FindMany mode[+lazy] type[Project] origin[B0B5of.BGCeS7.BNRO-r] lazyLoadProp[name] load[path:project batch:1 actual:1] exeMicros[1780] rows[1] name[] predicates[t0.id = ?  ] bind[1] 
txn[1006], 20:23:50.892, select t0.id as c0, t0.name as c1, t0.folder as c2  from project t0  where t0.id = ?   
txn[1006], 20:23:50.893, FindMany mode[+lazy] type[Project] origin[B0B5of.BGCeS7.BNRO-r] lazyLoadProp[name] load[path:project batch:1 actual:1] exeMicros[1793] rows[1] name[] predicates[t0.id = ?  ] bind[2] 
txn[1007], 20:23:50.941, select t0.id as c0, t0.name as c1, t0.folder as c2  from project t0  where t0.id = ?   
txn[1007], 20:23:50.943, FindMany mode[+lazy] type[Project] origin[B0B5of.BGCeS7.BNRO-r] lazyLoadProp[name] load[path:project batch:1 actual:1] exeMicros[2617] rows[1] name[] predicates[t0.id = ?  ] bind[4] 
txn[1008], 20:23:50.966, select t0.id as c0, t0.name as c1, t0.folder as c2  from project t0  where t0.id = ?   
txn[1008], 20:23:50.968, FindMany mode[+lazy] type[Project] origin[B0B5of.BGCeS7.BNRO-r] lazyLoadProp[name] load[path:project batch:1 actual:1] exeMicros[1258] rows[1] name[] predicates[t0.id = ?  ] bind[7] 
txn[1009], 20:23:50.988, select t0.id as c0, t0.name as c1, t0.folder as c2  from project t0  where t0.id = ?   
txn[1009], 20:23:50.990, FindMany mode[+lazy] type[Project] origin[B0B5of.BGCeS7.BNRO-r] lazyLoadProp[name] load[path:project batch:1 actual:1] exeMicros[2283] rows[1] name[] predicates[t0.id = ?  ] bind[9] 
txn[1010], 20:23:56.207, select t0.id as c0, t0.title as c1, t0.done as c2, t0.due_date as c3, t0.folder as c4, t0.project_id as c5  from task t0  where t0.project_id = ?  
txn[1010], 20:23:56.209, FindMany type[Task] origin[Bm7UHS.BGCeS7.B7K6HI] exeMicros[1909] rows[2] name[] predicates[t0.project_id = ? ] bind[1] 
txn[1011], 20:23:57.745, select t0.id as c0, t0.title as c1, t0.done as c2, t0.due_date as c3, t0.folder as c4, t0.project_id as c5  from task t0  where t0.project_id = ?  
txn[1011], 20:23:57.747, FindMany type[Task] origin[Bm7UHS.BGCeS7.B7K6HI] exeMicros[1846] rows[3] name[] predicates[t0.project_id = ? ] bind[2] 
txn[1012], 20:24:00.211, select t0.id as c0, t0.title as c1, t0.done as c2, t0.due_date as c3, t0.folder as c4, t0.project_id as c5  from task t0  where t0.project_id = ?  
txn[1012], 20:24:00.213, FindMany type[Task] origin[Bm7UHS.BGCeS7.B7K6HI] exeMicros[1092] rows[0] name[] predicates[t0.project_id = ? ] bind[3] 
txn[1001], 20:34:08.455, select t0.email as c0, t0.name as c1, t0.password as c2  from account t0  where t0.email = ?  and t0.password = ?  
txn[1001], 20:34:08.500, FindMany type[User] origin[DtpspF.BGH_c1.DBqyz-] exeMicros[44698] rows[1] name[] predicates[t0.email = ?  and t0.password = ? ] bind[guillaume@sample.com, secret] 
txn[1002], 20:34:08.688, select t0.email as c0, t0.name as c1, t0.password as c2  from account t0 where t0.email = ?   
txn[1002], 20:34:08.692, FindBean type[User] origin[CICHAw.BGH_c0.4iAPp] exeMicros[3856] rows[1] bind[guillaume@sample.com] 
txn[1003], 20:34:08.695, select t0.id as c0, t0.name as c1, t0.folder as c2  from project t0 
txn[1003], 20:34:08.700, FindMany type[Project] origin[GZ9o4.BWY1YJ.Cf9ypd] exeMicros[4468] rows[11] name[] predicates[] bind[] 
txn[1004], 20:34:08.725, select t0.id as c0, t0.title as c1, t0.done as c2, t0.due_date as c3, t0.folder as c4, t0.project_id as c5  from task t0 
txn[1004], 20:34:08.737, FindMany type[Task] origin[B0B5of.BGCeS7.BNRTGc] exeMicros[11358] rows[8] name[] predicates[] bind[] 
txn[1005], 20:34:08.757, select t0.id as c0, t0.name as c1, t0.folder as c2  from project t0  where t0.id = ?   
txn[1005], 20:34:08.759, FindMany mode[+lazy] type[Project] origin[B0B5of.BGCeS7.BNRTGc] lazyLoadProp[name] load[path:project batch:1 actual:1] exeMicros[1962] rows[1] name[] predicates[t0.id = ?  ] bind[1] 
txn[1006], 20:34:08.799, select t0.id as c0, t0.name as c1, t0.folder as c2  from project t0  where t0.id = ?   
txn[1006], 20:34:08.800, FindMany mode[+lazy] type[Project] origin[B0B5of.BGCeS7.BNRTGc] lazyLoadProp[name] load[path:project batch:1 actual:1] exeMicros[1268] rows[1] name[] predicates[t0.id = ?  ] bind[2] 
txn[1007], 20:34:08.849, select t0.id as c0, t0.name as c1, t0.folder as c2  from project t0  where t0.id = ?   
txn[1007], 20:34:08.851, FindMany mode[+lazy] type[Project] origin[B0B5of.BGCeS7.BNRTGc] lazyLoadProp[name] load[path:project batch:1 actual:1] exeMicros[1180] rows[1] name[] predicates[t0.id = ?  ] bind[4] 
txn[1008], 20:34:08.872, select t0.id as c0, t0.name as c1, t0.folder as c2  from project t0  where t0.id = ?   
txn[1008], 20:34:08.873, FindMany mode[+lazy] type[Project] origin[B0B5of.BGCeS7.BNRTGc] lazyLoadProp[name] load[path:project batch:1 actual:1] exeMicros[1141] rows[1] name[] predicates[t0.id = ?  ] bind[7] 
txn[1009], 20:34:08.891, select t0.id as c0, t0.name as c1, t0.folder as c2  from project t0  where t0.id = ?   
txn[1009], 20:34:08.893, FindMany mode[+lazy] type[Project] origin[B0B5of.BGCeS7.BNRTGc] lazyLoadProp[name] load[path:project batch:1 actual:1] exeMicros[1547] rows[1] name[] predicates[t0.id = ?  ] bind[9] 
txn[1010], 20:34:09.094, select t0.email as c0, t0.name as c1, t0.password as c2  from account t0  where t0.email = ?  and t0.password = ?  
txn[1010], 20:34:09.095, FindMany type[User] origin[DtpspF.BGH_c1.DBqyz-] exeMicros[1566] rows[1] name[] predicates[t0.email = ?  and t0.password = ? ] bind[guillaume@sample.com, secret] 
txn[1011], 20:34:09.168, select t0.email as c0, t0.name as c1, t0.password as c2  from account t0 where t0.email = ?   
txn[1011], 20:34:09.170, FindBean type[User] origin[CICHAw.BGH_c0.4iAPp] exeMicros[1132] rows[1] bind[guillaume@sample.com] 
txn[1012], 20:34:09.171, select t0.id as c0, t0.name as c1, t0.folder as c2  from project t0 
txn[1012], 20:34:09.172, FindMany type[Project] origin[GZ9o4.BWY1YJ.Cf9ypd] exeMicros[1855] rows[11] name[] predicates[] bind[] 
txn[1013], 20:34:09.180, select t0.id as c0, t0.title as c1, t0.done as c2, t0.due_date as c3, t0.folder as c4, t0.project_id as c5  from task t0 
txn[1013], 20:34:09.182, FindMany type[Task] origin[B0B5of.BGCeS7.BNRTGc] exeMicros[2300] rows[8] name[] predicates[] bind[] 
txn[1014], 20:34:09.198, select t0.id as c0, t0.name as c1, t0.folder as c2  from project t0  where t0.id = ?   
txn[1014], 20:34:09.199, FindMany mode[+lazy] type[Project] origin[B0B5of.BGCeS7.BNRTGc] lazyLoadProp[name] load[path:project batch:1 actual:1] exeMicros[766] rows[1] name[] predicates[t0.id = ?  ] bind[1] 
txn[1015], 20:34:09.258, select t0.id as c0, t0.name as c1, t0.folder as c2  from project t0  where t0.id = ?   
txn[1015], 20:34:09.258, FindMany mode[+lazy] type[Project] origin[B0B5of.BGCeS7.BNRTGc] lazyLoadProp[name] load[path:project batch:1 actual:1] exeMicros[704] rows[1] name[] predicates[t0.id = ?  ] bind[2] 
txn[1016], 20:34:09.301, select t0.id as c0, t0.name as c1, t0.folder as c2  from project t0  where t0.id = ?   
txn[1016], 20:34:09.301, FindMany mode[+lazy] type[Project] origin[B0B5of.BGCeS7.BNRTGc] lazyLoadProp[name] load[path:project batch:1 actual:1] exeMicros[691] rows[1] name[] predicates[t0.id = ?  ] bind[4] 
txn[1017], 20:34:09.321, select t0.id as c0, t0.name as c1, t0.folder as c2  from project t0  where t0.id = ?   
txn[1017], 20:34:09.322, FindMany mode[+lazy] type[Project] origin[B0B5of.BGCeS7.BNRTGc] lazyLoadProp[name] load[path:project batch:1 actual:1] exeMicros[995] rows[1] name[] predicates[t0.id = ?  ] bind[7] 
txn[1018], 20:34:09.345, select t0.id as c0, t0.name as c1, t0.folder as c2  from project t0  where t0.id = ?   
txn[1018], 20:34:09.346, FindMany mode[+lazy] type[Project] origin[B0B5of.BGCeS7.BNRTGc] lazyLoadProp[name] load[path:project batch:1 actual:1] exeMicros[861] rows[1] name[] predicates[t0.id = ?  ] bind[9] 
txn[1019], 20:34:12.974, select t0.email as c0, t0.name as c1, t0.password as c2  from account t0  where t0.email = ?  and t0.password = ?  
txn[1019], 20:34:12.975, FindMany type[User] origin[DtpspF.BGH_c1.DBqyz-] exeMicros[1197] rows[1] name[] predicates[t0.email = ?  and t0.password = ? ] bind[guillaume@sample.com, secret] 
txn[1020], 20:34:13.035, select t0.email as c0, t0.name as c1, t0.password as c2  from account t0 where t0.email = ?   
txn[1020], 20:34:13.036, FindBean type[User] origin[CICHAw.BGH_c0.4iAPp] exeMicros[1179] rows[1] bind[guillaume@sample.com] 
txn[1021], 20:34:13.036, select t0.id as c0, t0.name as c1, t0.folder as c2  from project t0 
txn[1021], 20:34:13.038, FindMany type[Project] origin[GZ9o4.BWY1YJ.Cf9ypd] exeMicros[1552] rows[11] name[] predicates[] bind[] 
txn[1022], 20:34:13.045, select t0.id as c0, t0.title as c1, t0.done as c2, t0.due_date as c3, t0.folder as c4, t0.project_id as c5  from task t0 
txn[1022], 20:34:13.047, FindMany type[Task] origin[B0B5of.BGCeS7.BNRTGc] exeMicros[2671] rows[8] name[] predicates[] bind[] 
txn[1023], 20:34:13.058, select t0.id as c0, t0.name as c1, t0.folder as c2  from project t0  where t0.id = ?   
txn[1023], 20:34:13.058, FindMany mode[+lazy] type[Project] origin[B0B5of.BGCeS7.BNRTGc] lazyLoadProp[name] load[path:project batch:1 actual:1] exeMicros[682] rows[1] name[] predicates[t0.id = ?  ] bind[1] 
txn[1024], 20:34:13.079, select t0.id as c0, t0.name as c1, t0.folder as c2  from project t0  where t0.id = ?   
txn[1024], 20:34:13.080, FindMany mode[+lazy] type[Project] origin[B0B5of.BGCeS7.BNRTGc] lazyLoadProp[name] load[path:project batch:1 actual:1] exeMicros[622] rows[1] name[] predicates[t0.id = ?  ] bind[2] 
txn[1025], 20:34:13.121, select t0.id as c0, t0.name as c1, t0.folder as c2  from project t0  where t0.id = ?   
txn[1025], 20:34:13.122, FindMany mode[+lazy] type[Project] origin[B0B5of.BGCeS7.BNRTGc] lazyLoadProp[name] load[path:project batch:1 actual:1] exeMicros[736] rows[1] name[] predicates[t0.id = ?  ] bind[4] 
txn[1026], 20:34:13.141, select t0.id as c0, t0.name as c1, t0.folder as c2  from project t0  where t0.id = ?   
txn[1026], 20:34:13.141, FindMany mode[+lazy] type[Project] origin[B0B5of.BGCeS7.BNRTGc] lazyLoadProp[name] load[path:project batch:1 actual:1] exeMicros[755] rows[1] name[] predicates[t0.id = ?  ] bind[7] 
txn[1027], 20:34:13.162, select t0.id as c0, t0.name as c1, t0.folder as c2  from project t0  where t0.id = ?   
txn[1027], 20:34:13.162, FindMany mode[+lazy] type[Project] origin[B0B5of.BGCeS7.BNRTGc] lazyLoadProp[name] load[path:project batch:1 actual:1] exeMicros[828] rows[1] name[] predicates[t0.id = ?  ] bind[9] 
txn[1001], 20:35:15.225, select t0.email as c0, t0.name as c1, t0.password as c2  from account t0  where t0.email = ?  and t0.password = ?  
txn[1001], 20:35:15.278, FindMany type[User] origin[DtpspF.BGH_c1.DBqyz-] exeMicros[52965] rows[1] name[] predicates[t0.email = ?  and t0.password = ? ] bind[guillaume@sample.com, secret] 
txn[1002], 20:35:15.428, select t0.email as c0, t0.name as c1, t0.password as c2  from account t0 where t0.email = ?   
txn[1002], 20:35:15.431, FindBean type[User] origin[CICHAw.BGH_c0.4iAPp] exeMicros[3647] rows[1] bind[guillaume@sample.com] 
txn[1003], 20:35:15.434, select t0.id as c0, t0.name as c1, t0.folder as c2  from project t0 
txn[1003], 20:35:15.439, FindMany type[Project] origin[GZ9o4.BWY1YJ.Cf9ypd] exeMicros[4761] rows[11] name[] predicates[] bind[] 
txn[1004], 20:35:15.459, select t0.id as c0, t0.title as c1, t0.done as c2, t0.due_date as c3, t0.folder as c4, t0.project_id as c5  from task t0 
txn[1004], 20:35:15.465, FindMany type[Task] origin[B0B5of.BGCeS7.BNRTGc] exeMicros[5952] rows[8] name[] predicates[] bind[] 
txn[1005], 20:35:15.486, select t0.id as c0, t0.name as c1, t0.folder as c2  from project t0  where t0.id = ?   
txn[1005], 20:35:15.488, FindMany mode[+lazy] type[Project] origin[B0B5of.BGCeS7.BNRTGc] lazyLoadProp[name] load[path:project batch:1 actual:1] exeMicros[2069] rows[1] name[] predicates[t0.id = ?  ] bind[1] 
txn[1006], 20:35:15.530, select t0.id as c0, t0.name as c1, t0.folder as c2  from project t0  where t0.id = ?   
txn[1006], 20:35:15.531, FindMany mode[+lazy] type[Project] origin[B0B5of.BGCeS7.BNRTGc] lazyLoadProp[name] load[path:project batch:1 actual:1] exeMicros[1278] rows[1] name[] predicates[t0.id = ?  ] bind[2] 
txn[1007], 20:35:15.579, select t0.id as c0, t0.name as c1, t0.folder as c2  from project t0  where t0.id = ?   
txn[1007], 20:35:15.580, FindMany mode[+lazy] type[Project] origin[B0B5of.BGCeS7.BNRTGc] lazyLoadProp[name] load[path:project batch:1 actual:1] exeMicros[1169] rows[1] name[] predicates[t0.id = ?  ] bind[4] 
txn[1008], 20:35:15.606, select t0.id as c0, t0.name as c1, t0.folder as c2  from project t0  where t0.id = ?   
txn[1008], 20:35:15.607, FindMany mode[+lazy] type[Project] origin[B0B5of.BGCeS7.BNRTGc] lazyLoadProp[name] load[path:project batch:1 actual:1] exeMicros[1335] rows[1] name[] predicates[t0.id = ?  ] bind[7] 
txn[1009], 20:35:15.627, select t0.id as c0, t0.name as c1, t0.folder as c2  from project t0  where t0.id = ?   
txn[1009], 20:35:15.629, FindMany mode[+lazy] type[Project] origin[B0B5of.BGCeS7.BNRTGc] lazyLoadProp[name] load[path:project batch:1 actual:1] exeMicros[1426] rows[1] name[] predicates[t0.id = ?  ] bind[9] 
txn[1001], 20:36:22.145, select t0.email as c0, t0.name as c1, t0.password as c2  from account t0  where t0.email = ?  and t0.password = ?  
txn[1001], 20:36:22.197, FindMany type[User] origin[DtpspF.BGH_c1.DBqyz-] exeMicros[51700] rows[1] name[] predicates[t0.email = ?  and t0.password = ? ] bind[guillaume@sample.com, secret] 
txn[1002], 20:36:22.336, select t0.email as c0, t0.name as c1, t0.password as c2  from account t0 where t0.email = ?   
txn[1002], 20:36:22.340, FindBean type[User] origin[CICHAw.BGH_c0.4iAPp] exeMicros[4186] rows[1] bind[guillaume@sample.com] 
txn[1003], 20:36:22.343, select t0.id as c0, t0.name as c1, t0.folder as c2  from project t0 
txn[1003], 20:36:22.346, FindMany type[Project] origin[GZ9o4.BWY1YJ.Cf9ypd] exeMicros[3168] rows[11] name[] predicates[] bind[] 
txn[1004], 20:36:22.365, select t0.id as c0, t0.title as c1, t0.done as c2, t0.due_date as c3, t0.folder as c4, t0.project_id as c5  from task t0 
txn[1004], 20:36:22.370, FindMany type[Task] origin[B0B5of.BGCeS7.BNRTGc] exeMicros[5040] rows[8] name[] predicates[] bind[] 
txn[1005], 20:36:22.389, select t0.id as c0, t0.name as c1, t0.folder as c2  from project t0  where t0.id = ?   
txn[1005], 20:36:22.391, FindMany mode[+lazy] type[Project] origin[B0B5of.BGCeS7.BNRTGc] lazyLoadProp[name] load[path:project batch:1 actual:1] exeMicros[2416] rows[1] name[] predicates[t0.id = ?  ] bind[1] 
txn[1006], 20:36:22.433, select t0.id as c0, t0.name as c1, t0.folder as c2  from project t0  where t0.id = ?   
txn[1006], 20:36:22.434, FindMany mode[+lazy] type[Project] origin[B0B5of.BGCeS7.BNRTGc] lazyLoadProp[name] load[path:project batch:1 actual:1] exeMicros[1275] rows[1] name[] predicates[t0.id = ?  ] bind[2] 
txn[1007], 20:36:22.483, select t0.id as c0, t0.name as c1, t0.folder as c2  from project t0  where t0.id = ?   
txn[1007], 20:36:22.485, FindMany mode[+lazy] type[Project] origin[B0B5of.BGCeS7.BNRTGc] lazyLoadProp[name] load[path:project batch:1 actual:1] exeMicros[1341] rows[1] name[] predicates[t0.id = ?  ] bind[4] 
txn[1008], 20:36:22.509, select t0.id as c0, t0.name as c1, t0.folder as c2  from project t0  where t0.id = ?   
txn[1008], 20:36:22.510, FindMany mode[+lazy] type[Project] origin[B0B5of.BGCeS7.BNRTGc] lazyLoadProp[name] load[path:project batch:1 actual:1] exeMicros[977] rows[1] name[] predicates[t0.id = ?  ] bind[7] 
txn[1009], 20:36:22.529, select t0.id as c0, t0.name as c1, t0.folder as c2  from project t0  where t0.id = ?   
txn[1009], 20:36:22.531, FindMany mode[+lazy] type[Project] origin[B0B5of.BGCeS7.BNRTGc] lazyLoadProp[name] load[path:project batch:1 actual:1] exeMicros[1474] rows[1] name[] predicates[t0.id = ?  ] bind[9] 
txn[1010], 20:36:26.122, select t0.id as c0, t0.title as c1, t0.done as c2, t0.due_date as c3, t0.folder as c4, t0.project_id as c5  from task t0  where t0.project_id = ?  
txn[1010], 20:36:26.124, FindMany type[Task] origin[Bm7UHS.BGCeS7.B7M5v5] exeMicros[1859] rows[2] name[] predicates[t0.project_id = ? ] bind[1] 
txn[1011], 20:36:40.290, select t0.id as c0, t0.title as c1, t0.done as c2, t0.due_date as c3, t0.folder as c4, t0.project_id as c5  from task t0  where t0.project_id = ?  
txn[1011], 20:36:40.292, FindMany type[Task] origin[Bm7UHS.BGCeS7.B7M5v5] exeMicros[1649] rows[3] name[] predicates[t0.project_id = ? ] bind[2] 
txn[1012], 20:36:41.603, select t0.id as c0, t0.title as c1, t0.done as c2, t0.due_date as c3, t0.folder as c4, t0.project_id as c5  from task t0  where t0.project_id = ?  
txn[1012], 20:36:41.604, FindMany type[Task] origin[Bm7UHS.BGCeS7.B7M5v5] exeMicros[1050] rows[0] name[] predicates[t0.project_id = ? ] bind[3] 
txn[1013], 20:36:42.625, select t0.id as c0, t0.title as c1, t0.done as c2, t0.due_date as c3, t0.folder as c4, t0.project_id as c5  from task t0  where t0.project_id = ?  
txn[1013], 20:36:42.627, FindMany type[Task] origin[Bm7UHS.BGCeS7.B7M5v5] exeMicros[1853] rows[3] name[] predicates[t0.project_id = ? ] bind[2] 
txn[1014], 20:36:43.827, select t0.id as c0, t0.title as c1, t0.done as c2, t0.due_date as c3, t0.folder as c4, t0.project_id as c5  from task t0  where t0.project_id = ?  
txn[1014], 20:36:43.829, FindMany type[Task] origin[Bm7UHS.BGCeS7.B7M5v5] exeMicros[1695] rows[2] name[] predicates[t0.project_id = ? ] bind[1] 
txn[1015], 20:36:45.151, select t0.id as c0, t0.title as c1, t0.done as c2, t0.due_date as c3, t0.folder as c4, t0.project_id as c5  from task t0  where t0.project_id = ?  
txn[1015], 20:36:45.152, FindMany type[Task] origin[Bm7UHS.BGCeS7.B7M5v5] exeMicros[1012] rows[3] name[] predicates[t0.project_id = ? ] bind[2] 
txn[1016], 20:36:46.514, select t0.id as c0, t0.title as c1, t0.done as c2, t0.due_date as c3, t0.folder as c4, t0.project_id as c5  from task t0  where t0.project_id = ?  
txn[1016], 20:36:46.516, FindMany type[Task] origin[Bm7UHS.BGCeS7.B7M5v5] exeMicros[1118] rows[2] name[] predicates[t0.project_id = ? ] bind[1] 
txn[1017], 20:36:47.926, select t0.id as c0, t0.title as c1, t0.done as c2, t0.due_date as c3, t0.folder as c4, t0.project_id as c5  from task t0  where t0.project_id = ?  
txn[1017], 20:36:47.927, FindMany type[Task] origin[Bm7UHS.BGCeS7.B7M5v5] exeMicros[959] rows[3] name[] predicates[t0.project_id = ? ] bind[2] 
txn[1018], 20:36:49.240, select t0.id as c0, t0.title as c1, t0.done as c2, t0.due_date as c3, t0.folder as c4, t0.project_id as c5  from task t0  where t0.project_id = ?  
txn[1018], 20:36:49.241, FindMany type[Task] origin[Bm7UHS.BGCeS7.B7M5v5] exeMicros[547] rows[0] name[] predicates[t0.project_id = ? ] bind[3] 
txn[1019], 20:36:50.393, select t0.id as c0, t0.title as c1, t0.done as c2, t0.due_date as c3, t0.folder as c4, t0.project_id as c5  from task t0  where t0.project_id = ?  
txn[1019], 20:36:50.394, FindMany type[Task] origin[Bm7UHS.BGCeS7.B7M5v5] exeMicros[911] rows[2] name[] predicates[t0.project_id = ? ] bind[1] 
txn[1020], 20:36:59.139, select t0.id as c0, t0.title as c1, t0.done as c2, t0.due_date as c3, t0.folder as c4, t0.project_id as c5  from task t0  where t0.project_id = ?  
txn[1020], 20:36:59.142, FindMany type[Task] origin[Bm7UHS.BGCeS7.B7M5v5] exeMicros[2477] rows[1] name[] predicates[t0.project_id = ? ] bind[4] 
txn[1021], 20:37:00.232, select t0.id as c0, t0.title as c1, t0.done as c2, t0.due_date as c3, t0.folder as c4, t0.project_id as c5  from task t0  where t0.project_id = ?  
txn[1021], 20:37:00.232, FindMany type[Task] origin[Bm7UHS.BGCeS7.B7M5v5] exeMicros[518] rows[0] name[] predicates[t0.project_id = ? ] bind[5] 
txn[1022], 20:37:01.225, select t0.id as c0, t0.title as c1, t0.done as c2, t0.due_date as c3, t0.folder as c4, t0.project_id as c5  from task t0  where t0.project_id = ?  
txn[1022], 20:37:01.226, FindMany type[Task] origin[Bm7UHS.BGCeS7.B7M5v5] exeMicros[886] rows[1] name[] predicates[t0.project_id = ? ] bind[7] 
txn[1023], 20:37:11.516, select t0.id as c0, t0.title as c1, t0.done as c2, t0.due_date as c3, t0.folder as c4, t0.project_id as c5  from task t0  where t0.project_id = ?  
txn[1023], 20:37:11.518, FindMany type[Task] origin[Bm7UHS.BGCeS7.B7M5v5] exeMicros[1279] rows[2] name[] predicates[t0.project_id = ? ] bind[1] 
txn[1024], 20:37:12.565, select t0.id as c0, t0.title as c1, t0.done as c2, t0.due_date as c3, t0.folder as c4, t0.project_id as c5  from task t0  where t0.project_id = ?  
txn[1024], 20:37:12.566, FindMany type[Task] origin[Bm7UHS.BGCeS7.B7M5v5] exeMicros[1001] rows[3] name[] predicates[t0.project_id = ? ] bind[2] 
txn[1025], 20:37:14.135, select t0.id as c0, t0.title as c1, t0.done as c2, t0.due_date as c3, t0.folder as c4, t0.project_id as c5  from task t0  where t0.project_id = ?  
txn[1025], 20:37:14.137, FindMany type[Task] origin[Bm7UHS.BGCeS7.B7M5v5] exeMicros[1310] rows[0] name[] predicates[t0.project_id = ? ] bind[3] 
txn[1026], 20:37:15.146, select t0.id as c0, t0.title as c1, t0.done as c2, t0.due_date as c3, t0.folder as c4, t0.project_id as c5  from task t0  where t0.project_id = ?  
txn[1026], 20:37:15.148, FindMany type[Task] origin[Bm7UHS.BGCeS7.B7M5v5] exeMicros[1825] rows[3] name[] predicates[t0.project_id = ? ] bind[2] 
txn[1001], 20:37:52.958, select t0.email as c0, t0.name as c1, t0.password as c2  from account t0  where t0.email = ?  and t0.password = ?  
txn[1001], 20:37:53.005, FindMany type[User] origin[DtpspF.BGH_c1.DBqyz-] exeMicros[47024] rows[1] name[] predicates[t0.email = ?  and t0.password = ? ] bind[guillaume@sample.com, secret] 
txn[1002], 20:37:53.150, select t0.email as c0, t0.name as c1, t0.password as c2  from account t0 where t0.email = ?   
txn[1002], 20:37:53.155, FindBean type[User] origin[CICHAw.BGH_c0.4iAPp] exeMicros[4562] rows[1] bind[guillaume@sample.com] 
txn[1003], 20:37:53.157, select t0.id as c0, t0.name as c1, t0.folder as c2  from project t0 
txn[1003], 20:37:53.161, FindMany type[Project] origin[GZ9o4.BWY1YJ.Cf9ypd] exeMicros[4177] rows[11] name[] predicates[] bind[] 
txn[1004], 20:37:53.179, select t0.id as c0, t0.title as c1, t0.done as c2, t0.due_date as c3, t0.folder as c4, t0.project_id as c5  from task t0 
txn[1004], 20:37:53.184, FindMany type[Task] origin[B0B5of.BGCeS7.BNRTGc] exeMicros[5090] rows[8] name[] predicates[] bind[] 
txn[1005], 20:37:53.208, select t0.id as c0, t0.name as c1, t0.folder as c2  from project t0  where t0.id = ?   
txn[1005], 20:37:53.209, FindMany mode[+lazy] type[Project] origin[B0B5of.BGCeS7.BNRTGc] lazyLoadProp[name] load[path:project batch:1 actual:1] exeMicros[1514] rows[1] name[] predicates[t0.id = ?  ] bind[1] 
txn[1006], 20:37:53.249, select t0.id as c0, t0.name as c1, t0.folder as c2  from project t0  where t0.id = ?   
txn[1006], 20:37:53.251, FindMany mode[+lazy] type[Project] origin[B0B5of.BGCeS7.BNRTGc] lazyLoadProp[name] load[path:project batch:1 actual:1] exeMicros[1439] rows[1] name[] predicates[t0.id = ?  ] bind[2] 
txn[1007], 20:37:53.300, select t0.id as c0, t0.name as c1, t0.folder as c2  from project t0  where t0.id = ?   
txn[1007], 20:37:53.301, FindMany mode[+lazy] type[Project] origin[B0B5of.BGCeS7.BNRTGc] lazyLoadProp[name] load[path:project batch:1 actual:1] exeMicros[1204] rows[1] name[] predicates[t0.id = ?  ] bind[4] 
txn[1008], 20:37:53.321, select t0.id as c0, t0.name as c1, t0.folder as c2  from project t0  where t0.id = ?   
txn[1008], 20:37:53.322, FindMany mode[+lazy] type[Project] origin[B0B5of.BGCeS7.BNRTGc] lazyLoadProp[name] load[path:project batch:1 actual:1] exeMicros[994] rows[1] name[] predicates[t0.id = ?  ] bind[7] 
txn[1009], 20:37:53.341, select t0.id as c0, t0.name as c1, t0.folder as c2  from project t0  where t0.id = ?   
txn[1009], 20:37:53.343, FindMany mode[+lazy] type[Project] origin[B0B5of.BGCeS7.BNRTGc] lazyLoadProp[name] load[path:project batch:1 actual:1] exeMicros[1591] rows[1] name[] predicates[t0.id = ?  ] bind[9] 
txn[1001], 20:40:42.717, select t0.email as c0, t0.name as c1, t0.password as c2  from account t0  where t0.email = ?  and t0.password = ?  
txn[1001], 20:40:42.790, FindMany type[User] origin[DtpspF.BGH_c1.DBqyz-] exeMicros[72465] rows[1] name[] predicates[t0.email = ?  and t0.password = ? ] bind[guillaume@sample.com, secret] 
txn[1002], 20:40:42.944, select t0.email as c0, t0.name as c1, t0.password as c2  from account t0 where t0.email = ?   
txn[1002], 20:40:42.948, FindBean type[User] origin[CICHAw.BGH_c0.4iAPp] exeMicros[3941] rows[1] bind[guillaume@sample.com] 
txn[1003], 20:40:42.951, select t0.id as c0, t0.name as c1, t0.folder as c2  from project t0 
txn[1003], 20:40:42.955, FindMany type[Project] origin[GZ9o4.BWY1YJ.Cf-Bqd] exeMicros[4147] rows[11] name[] predicates[] bind[] 
txn[1004], 20:40:42.973, select t0.id as c0, t0.title as c1, t0.done as c2, t0.due_date as c3, t0.folder as c4, t0.project_id as c5  from task t0 
txn[1004], 20:40:42.979, FindMany type[Task] origin[B0B5of.BGCeS7.BNRTle] exeMicros[6348] rows[8] name[] predicates[] bind[] 
txn[1005], 20:40:43.004, select t0.id as c0, t0.name as c1, t0.folder as c2  from project t0  where t0.id = ?   
txn[1005], 20:40:43.006, FindMany mode[+lazy] type[Project] origin[B0B5of.BGCeS7.BNRTle] lazyLoadProp[name] load[path:project batch:1 actual:1] exeMicros[1635] rows[1] name[] predicates[t0.id = ?  ] bind[1] 
txn[1006], 20:40:43.048, select t0.id as c0, t0.name as c1, t0.folder as c2  from project t0  where t0.id = ?   
txn[1006], 20:40:43.050, FindMany mode[+lazy] type[Project] origin[B0B5of.BGCeS7.BNRTle] lazyLoadProp[name] load[path:project batch:1 actual:1] exeMicros[1255] rows[1] name[] predicates[t0.id = ?  ] bind[2] 
txn[1007], 20:40:43.096, select t0.id as c0, t0.name as c1, t0.folder as c2  from project t0  where t0.id = ?   
txn[1007], 20:40:43.098, FindMany mode[+lazy] type[Project] origin[B0B5of.BGCeS7.BNRTle] lazyLoadProp[name] load[path:project batch:1 actual:1] exeMicros[1153] rows[1] name[] predicates[t0.id = ?  ] bind[4] 
txn[1008], 20:40:43.119, select t0.id as c0, t0.name as c1, t0.folder as c2  from project t0  where t0.id = ?   
txn[1008], 20:40:43.120, FindMany mode[+lazy] type[Project] origin[B0B5of.BGCeS7.BNRTle] lazyLoadProp[name] load[path:project batch:1 actual:1] exeMicros[1295] rows[1] name[] predicates[t0.id = ?  ] bind[7] 
txn[1009], 20:40:43.144, select t0.id as c0, t0.name as c1, t0.folder as c2  from project t0  where t0.id = ?   
txn[1009], 20:40:43.145, FindMany mode[+lazy] type[Project] origin[B0B5of.BGCeS7.BNRTle] lazyLoadProp[name] load[path:project batch:1 actual:1] exeMicros[1328] rows[1] name[] predicates[t0.id = ?  ] bind[9] 
txn[1010], 20:40:46.386, select t0.id as c0, t0.title as c1, t0.done as c2, t0.due_date as c3, t0.folder as c4, t0.project_id as c5  from task t0  where t0.project_id = ?  
txn[1010], 20:40:46.388, FindMany type[Task] origin[Bm7UHS.BGCeS7.B7NIw7] exeMicros[1747] rows[2] name[] predicates[t0.project_id = ? ] bind[1] 
txn[1011], 20:40:59.734, select t0.id as c0, t0.title as c1, t0.done as c2, t0.due_date as c3, t0.folder as c4, t0.project_id as c5  from task t0  where t0.project_id = ?  
txn[1011], 20:40:59.737, FindMany type[Task] origin[Bm7UHS.BGCeS7.B7NIw7] exeMicros[3671] rows[3] name[] predicates[t0.project_id = ? ] bind[2] 
txn[1012], 20:41:00.815, select t0.id as c0, t0.title as c1, t0.done as c2, t0.due_date as c3, t0.folder as c4, t0.project_id as c5  from task t0 
txn[1012], 20:41:00.817, FindMany type[Task] origin[B0B5of.BGCeS7.BRGzxH] exeMicros[2391] rows[8] name[] predicates[] bind[] 
txn[1013], 20:41:00.830, select t0.id as c0, t0.name as c1, t0.folder as c2  from project t0  where t0.id = ?   
txn[1013], 20:41:00.831, FindMany mode[+lazy] type[Project] origin[B0B5of.BGCeS7.BRGzxH] lazyLoadProp[name] load[path:project batch:1 actual:1] exeMicros[690] rows[1] name[] predicates[t0.id = ?  ] bind[1] 
txn[1014], 20:41:00.851, select t0.id as c0, t0.name as c1, t0.folder as c2  from project t0  where t0.id = ?   
txn[1014], 20:41:00.852, FindMany mode[+lazy] type[Project] origin[B0B5of.BGCeS7.BRGzxH] lazyLoadProp[name] load[path:project batch:1 actual:1] exeMicros[747] rows[1] name[] predicates[t0.id = ?  ] bind[2] 
txn[1015], 20:41:00.888, select t0.id as c0, t0.name as c1, t0.folder as c2  from project t0  where t0.id = ?   
txn[1015], 20:41:00.889, FindMany mode[+lazy] type[Project] origin[B0B5of.BGCeS7.BRGzxH] lazyLoadProp[name] load[path:project batch:1 actual:1] exeMicros[684] rows[1] name[] predicates[t0.id = ?  ] bind[4] 
txn[1016], 20:41:00.913, select t0.id as c0, t0.name as c1, t0.folder as c2  from project t0  where t0.id = ?   
txn[1016], 20:41:00.914, FindMany mode[+lazy] type[Project] origin[B0B5of.BGCeS7.BRGzxH] lazyLoadProp[name] load[path:project batch:1 actual:1] exeMicros[856] rows[1] name[] predicates[t0.id = ?  ] bind[7] 
txn[1017], 20:41:00.938, select t0.id as c0, t0.name as c1, t0.folder as c2  from project t0  where t0.id = ?   
txn[1017], 20:41:00.939, FindMany mode[+lazy] type[Project] origin[B0B5of.BGCeS7.BRGzxH] lazyLoadProp[name] load[path:project batch:1 actual:1] exeMicros[710] rows[1] name[] predicates[t0.id = ?  ] bind[9] 
txn[1001], 20:45:54.136, select t0.email as c0, t0.name as c1, t0.password as c2  from account t0  where t0.email = ?  and t0.password = ?  
txn[1001], 20:45:54.216, FindMany type[User] origin[DtpspF.BGH_c1.DBqyz-] exeMicros[80087] rows[1] name[] predicates[t0.email = ?  and t0.password = ? ] bind[guillaume@sample.com, secret] 
txn[1002], 20:45:54.374, select t0.email as c0, t0.name as c1, t0.password as c2  from account t0 where t0.email = ?   
txn[1002], 20:45:54.379, FindBean type[User] origin[CICHAw.BGH_c0.4iAPp] exeMicros[5343] rows[1] bind[guillaume@sample.com] 
txn[1003], 20:45:54.382, select t0.id as c0, t0.name as c1, t0.folder as c2  from project t0 
txn[1003], 20:45:54.385, FindMany type[Project] origin[GZ9o4.BWY1YJ.Cf-Bqd] exeMicros[3358] rows[11] name[] predicates[] bind[] 
txn[1004], 20:45:54.418, select t0.id as c0, t0.title as c1, t0.done as c2, t0.due_date as c3, t0.folder as c4, t0.project_id as c5  from task t0 
txn[1004], 20:45:54.428, FindMany type[Task] origin[B0B5of.BGCeS7.BNRTle] exeMicros[9393] rows[8] name[] predicates[] bind[] 
txn[1005], 20:45:54.450, select t0.id as c0, t0.name as c1, t0.folder as c2  from project t0  where t0.id = ?   
txn[1005], 20:45:54.451, FindMany mode[+lazy] type[Project] origin[B0B5of.BGCeS7.BNRTle] lazyLoadProp[name] load[path:project batch:1 actual:1] exeMicros[1608] rows[1] name[] predicates[t0.id = ?  ] bind[1] 
txn[1006], 20:45:54.485, select t0.id as c0, t0.name as c1, t0.folder as c2  from project t0  where t0.id = ?   
txn[1006], 20:45:54.486, FindMany mode[+lazy] type[Project] origin[B0B5of.BGCeS7.BNRTle] lazyLoadProp[name] load[path:project batch:1 actual:1] exeMicros[1426] rows[1] name[] predicates[t0.id = ?  ] bind[2] 
txn[1007], 20:45:54.534, select t0.id as c0, t0.name as c1, t0.folder as c2  from project t0  where t0.id = ?   
txn[1007], 20:45:54.535, FindMany mode[+lazy] type[Project] origin[B0B5of.BGCeS7.BNRTle] lazyLoadProp[name] load[path:project batch:1 actual:1] exeMicros[1198] rows[1] name[] predicates[t0.id = ?  ] bind[4] 
txn[1008], 20:45:54.556, select t0.id as c0, t0.name as c1, t0.folder as c2  from project t0  where t0.id = ?   
txn[1008], 20:45:54.557, FindMany mode[+lazy] type[Project] origin[B0B5of.BGCeS7.BNRTle] lazyLoadProp[name] load[path:project batch:1 actual:1] exeMicros[1288] rows[1] name[] predicates[t0.id = ?  ] bind[7] 
txn[1009], 20:45:54.578, select t0.id as c0, t0.name as c1, t0.folder as c2  from project t0  where t0.id = ?   
txn[1009], 20:45:54.580, FindMany mode[+lazy] type[Project] origin[B0B5of.BGCeS7.BNRTle] lazyLoadProp[name] load[path:project batch:1 actual:1] exeMicros[1476] rows[1] name[] predicates[t0.id = ?  ] bind[9] 
txn[1010], 20:45:57.910, select t0.id as c0, t0.title as c1, t0.done as c2, t0.due_date as c3, t0.folder as c4, t0.project_id as c5  from task t0  where t0.project_id = ?  
txn[1010], 20:45:57.912, FindMany type[Task] origin[Bm7UHS.BGCeS7.B7NIw7] exeMicros[1914] rows[2] name[] predicates[t0.project_id = ? ] bind[1] 
txn[1001], 20:51:36.409, select t0.email as c0, t0.name as c1, t0.password as c2  from account t0  where t0.email = ?  and t0.password = ?  
txn[1001], 20:51:36.464, FindMany type[User] origin[DtpspF.BGH_c1.DBqyz-] exeMicros[53920] rows[1] name[] predicates[t0.email = ?  and t0.password = ? ] bind[guillaume@sample.com, secret] 
txn[1002], 20:51:36.609, select t0.email as c0, t0.name as c1, t0.password as c2  from account t0 where t0.email = ?   
txn[1002], 20:51:36.614, FindBean type[User] origin[CICHAw.BGH_c0.4iAPp] exeMicros[4713] rows[1] bind[guillaume@sample.com] 
txn[1003], 20:51:36.616, select t0.id as c0, t0.name as c1, t0.folder as c2  from project t0 
txn[1003], 20:51:36.621, FindMany type[Project] origin[GZ9o4.BWY1YJ.Cf-Bqd] exeMicros[4067] rows[11] name[] predicates[] bind[] 
txn[1004], 20:51:36.642, select t0.id as c0, t0.title as c1, t0.done as c2, t0.due_date as c3, t0.folder as c4, t0.project_id as c5  from task t0 
txn[1004], 20:51:36.647, FindMany type[Task] origin[B0B5of.BGCeS7.BNRTle] exeMicros[4805] rows[8] name[] predicates[] bind[] 
txn[1005], 20:51:36.668, select t0.id as c0, t0.name as c1, t0.folder as c2  from project t0  where t0.id = ?   
txn[1005], 20:51:36.671, FindMany mode[+lazy] type[Project] origin[B0B5of.BGCeS7.BNRTle] lazyLoadProp[name] load[path:project batch:1 actual:1] exeMicros[2884] rows[1] name[] predicates[t0.id = ?  ] bind[1] 
txn[1006], 20:51:36.712, select t0.id as c0, t0.name as c1, t0.folder as c2  from project t0  where t0.id = ?   
txn[1006], 20:51:36.714, FindMany mode[+lazy] type[Project] origin[B0B5of.BGCeS7.BNRTle] lazyLoadProp[name] load[path:project batch:1 actual:1] exeMicros[1251] rows[1] name[] predicates[t0.id = ?  ] bind[2] 
txn[1007], 20:51:36.765, select t0.id as c0, t0.name as c1, t0.folder as c2  from project t0  where t0.id = ?   
txn[1007], 20:51:36.766, FindMany mode[+lazy] type[Project] origin[B0B5of.BGCeS7.BNRTle] lazyLoadProp[name] load[path:project batch:1 actual:1] exeMicros[1253] rows[1] name[] predicates[t0.id = ?  ] bind[4] 
txn[1008], 20:51:36.790, select t0.id as c0, t0.name as c1, t0.folder as c2  from project t0  where t0.id = ?   
txn[1008], 20:51:36.791, FindMany mode[+lazy] type[Project] origin[B0B5of.BGCeS7.BNRTle] lazyLoadProp[name] load[path:project batch:1 actual:1] exeMicros[1328] rows[1] name[] predicates[t0.id = ?  ] bind[7] 
txn[1009], 20:51:36.810, select t0.id as c0, t0.name as c1, t0.folder as c2  from project t0  where t0.id = ?   
txn[1009], 20:51:36.812, FindMany mode[+lazy] type[Project] origin[B0B5of.BGCeS7.BNRTle] lazyLoadProp[name] load[path:project batch:1 actual:1] exeMicros[1696] rows[1] name[] predicates[t0.id = ?  ] bind[9] 
txn[1010], 20:51:40.470, select t0.id as c0, t0.title as c1, t0.done as c2, t0.due_date as c3, t0.folder as c4, t0.project_id as c5  from task t0  where t0.project_id = ?  
txn[1010], 20:51:40.472, FindMany type[Task] origin[Bm7UHS.BGCeS7.B7NIw7] exeMicros[1836] rows[2] name[] predicates[t0.project_id = ? ] bind[1] 
txn[1011], 20:51:42.437, select t0.id as c0, t0.title as c1, t0.done as c2, t0.due_date as c3, t0.folder as c4, t0.project_id as c5  from task t0  where t0.project_id = ?  
txn[1011], 20:51:42.438, FindMany type[Task] origin[Bm7UHS.BGCeS7.B7NIw7] exeMicros[1782] rows[3] name[] predicates[t0.project_id = ? ] bind[2] 
txn[1012], 20:51:44.464, select t0.id as c0, t0.title as c1, t0.done as c2, t0.due_date as c3, t0.folder as c4, t0.project_id as c5  from task t0  where t0.project_id = ?  
txn[1012], 20:51:44.466, FindMany type[Task] origin[Bm7UHS.BGCeS7.B7NIw7] exeMicros[1317] rows[0] name[] predicates[t0.project_id = ? ] bind[3] 
txn[1013], 20:51:45.799, select t0.id as c0, t0.title as c1, t0.done as c2, t0.due_date as c3, t0.folder as c4, t0.project_id as c5  from task t0  where t0.project_id = ?  
txn[1013], 20:51:45.801, FindMany type[Task] origin[Bm7UHS.BGCeS7.B7NIw7] exeMicros[1455] rows[2] name[] predicates[t0.project_id = ? ] bind[1] 
txn[1014], 20:51:49.780, select t0.id as c0, t0.title as c1, t0.done as c2, t0.due_date as c3, t0.folder as c4, t0.project_id as c5  from task t0  where t0.project_id = ?  
txn[1014], 20:51:49.781, FindMany type[Task] origin[Bm7UHS.BGCeS7.B7NIw7] exeMicros[1278] rows[1] name[] predicates[t0.project_id = ? ] bind[4] 
txn[1015], 20:52:00.341, select t0.email as c0, t0.name as c1, t0.password as c2  from account t0  where t0.email = ?  and t0.password = ?  
txn[1015], 20:52:00.343, FindMany type[User] origin[DtpspF.BGH_c1.DBqyz-] exeMicros[2016] rows[1] name[] predicates[t0.email = ?  and t0.password = ? ] bind[guillaume@sample.com, secret] 
txn[1016], 20:52:00.406, select t0.email as c0, t0.name as c1, t0.password as c2  from account t0 where t0.email = ?   
txn[1016], 20:52:00.407, FindBean type[User] origin[CICHAw.BGH_c0.4iAPp] exeMicros[1136] rows[1] bind[guillaume@sample.com] 
txn[1017], 20:52:00.408, select t0.id as c0, t0.name as c1, t0.folder as c2  from project t0 
txn[1017], 20:52:00.409, FindMany type[Project] origin[GZ9o4.BWY1YJ.Cf-Bqd] exeMicros[1608] rows[11] name[] predicates[] bind[] 
txn[1018], 20:52:00.416, select t0.id as c0, t0.title as c1, t0.done as c2, t0.due_date as c3, t0.folder as c4, t0.project_id as c5  from task t0 
txn[1018], 20:52:00.418, FindMany type[Task] origin[B0B5of.BGCeS7.BNRTle] exeMicros[2284] rows[8] name[] predicates[] bind[] 
txn[1019], 20:52:00.428, select t0.id as c0, t0.name as c1, t0.folder as c2  from project t0  where t0.id = ?   
txn[1019], 20:52:00.429, FindMany mode[+lazy] type[Project] origin[B0B5of.BGCeS7.BNRTle] lazyLoadProp[name] load[path:project batch:1 actual:1] exeMicros[640] rows[1] name[] predicates[t0.id = ?  ] bind[1] 
txn[1020], 20:52:00.446, select t0.id as c0, t0.name as c1, t0.folder as c2  from project t0  where t0.id = ?   
txn[1020], 20:52:00.447, FindMany mode[+lazy] type[Project] origin[B0B5of.BGCeS7.BNRTle] lazyLoadProp[name] load[path:project batch:1 actual:1] exeMicros[570] rows[1] name[] predicates[t0.id = ?  ] bind[2] 
txn[1021], 20:52:00.467, select t0.id as c0, t0.name as c1, t0.folder as c2  from project t0  where t0.id = ?   
txn[1021], 20:52:00.468, FindMany mode[+lazy] type[Project] origin[B0B5of.BGCeS7.BNRTle] lazyLoadProp[name] load[path:project batch:1 actual:1] exeMicros[548] rows[1] name[] predicates[t0.id = ?  ] bind[4] 
txn[1022], 20:52:00.481, select t0.id as c0, t0.name as c1, t0.folder as c2  from project t0  where t0.id = ?   
txn[1022], 20:52:00.481, FindMany mode[+lazy] type[Project] origin[B0B5of.BGCeS7.BNRTle] lazyLoadProp[name] load[path:project batch:1 actual:1] exeMicros[576] rows[1] name[] predicates[t0.id = ?  ] bind[7] 
txn[1023], 20:52:00.493, select t0.id as c0, t0.name as c1, t0.folder as c2  from project t0  where t0.id = ?   
txn[1023], 20:52:00.494, FindMany mode[+lazy] type[Project] origin[B0B5of.BGCeS7.BNRTle] lazyLoadProp[name] load[path:project batch:1 actual:1] exeMicros[660] rows[1] name[] predicates[t0.id = ?  ] bind[9] 
txn[1024], 20:52:04.017, select t0.id as c0, t0.title as c1, t0.done as c2, t0.due_date as c3, t0.folder as c4, t0.project_id as c5  from task t0  where t0.project_id = ?  
txn[1024], 20:52:04.018, FindMany type[Task] origin[Bm7UHS.BGCeS7.B7NIw7] exeMicros[959] rows[2] name[] predicates[t0.project_id = ? ] bind[1] 
txn[1025], 20:52:05.164, select t0.id as c0, t0.title as c1, t0.done as c2, t0.due_date as c3, t0.folder as c4, t0.project_id as c5  from task t0  where t0.project_id = ?  
txn[1025], 20:52:05.165, FindMany type[Task] origin[Bm7UHS.BGCeS7.B7NIw7] exeMicros[1171] rows[3] name[] predicates[t0.project_id = ? ] bind[2] 
txn[1026], 20:52:06.421, select t0.id as c0, t0.title as c1, t0.done as c2, t0.due_date as c3, t0.folder as c4, t0.project_id as c5  from task t0  where t0.project_id = ?  
txn[1026], 20:52:06.422, FindMany type[Task] origin[Bm7UHS.BGCeS7.B7NIw7] exeMicros[594] rows[0] name[] predicates[t0.project_id = ? ] bind[3] 
txn[1027], 20:52:09.372, select t0.id as c0, t0.title as c1, t0.done as c2, t0.due_date as c3, t0.folder as c4, t0.project_id as c5  from task t0  where t0.project_id = ?  
txn[1027], 20:52:09.376, FindMany type[Task] origin[Bm7UHS.BGCeS7.B7NIw7] exeMicros[3944] rows[1] name[] predicates[t0.project_id = ? ] bind[4] 
txn[1028], 20:52:10.793, select t0.id as c0, t0.title as c1, t0.done as c2, t0.due_date as c3, t0.folder as c4, t0.project_id as c5  from task t0  where t0.project_id = ?  
txn[1028], 20:52:10.794, FindMany type[Task] origin[Bm7UHS.BGCeS7.B7NIw7] exeMicros[1005] rows[2] name[] predicates[t0.project_id = ? ] bind[1] 
