txn[1001], 18:39:17.268, select t0.id as c0, t0.name as c1, t0.folder as c2  from project t0 
txn[1001], 18:39:17.301, FindMany type[Project] origin[GZ9o4.BWY1YJ.Cf3TUa] exeMicros[32605] rows[9] name[] predicates[] bind[] 
txn[1002], 18:39:17.336, select t0.id as c0, t0.title as c1, t0.done as c2, t0.due_date as c3, t0.folder as c4, t0.project_id as c5  from task t0 
txn[1002], 18:39:17.340, FindMany type[Task] origin[B0B5of.BGCeS7.BNRK26] exeMicros[4350] rows[12] name[] predicates[] bind[] 
txn[1003], 18:39:17.349, select t0.id as c0, t0.name as c1, t0.folder as c2  from project t0  where t0.id = ?   
txn[1003], 18:39:17.352, FindMany mode[+lazy] type[Project] origin[B0B5of.BGCeS7.BNRK26] lazyLoadProp[name] load[path:project batch:1 actual:1] exeMicros[2903] rows[1] name[] predicates[t0.id = ?  ] bind[1] 
txn[1004], 18:39:17.375, select t0.id as c0, t0.name as c1, t0.folder as c2  from project t0  where t0.id = ?   
txn[1004], 18:39:17.377, FindMany mode[+lazy] type[Project] origin[B0B5of.BGCeS7.BNRK26] lazyLoadProp[name] load[path:project batch:1 actual:1] exeMicros[1864] rows[1] name[] predicates[t0.id = ?  ] bind[2] 
txn[1005], 18:39:17.399, select t0.id as c0, t0.name as c1, t0.folder as c2  from project t0  where t0.id = ?   
txn[1005], 18:39:17.400, FindMany mode[+lazy] type[Project] origin[B0B5of.BGCeS7.BNRK26] lazyLoadProp[name] load[path:project batch:1 actual:1] exeMicros[1410] rows[1] name[] predicates[t0.id = ?  ] bind[4] 
txn[1006], 18:39:17.427, select t0.id as c0, t0.name as c1, t0.folder as c2  from project t0  where t0.id = ?   
txn[1006], 18:39:17.428, FindMany mode[+lazy] type[Project] origin[B0B5of.BGCeS7.BNRK26] lazyLoadProp[name] load[path:project batch:1 actual:1] exeMicros[1459] rows[1] name[] predicates[t0.id = ?  ] bind[7] 
txn[1007], 18:39:17.457, select t0.id as c0, t0.name as c1, t0.folder as c2  from project t0  where t0.id = ?   
txn[1007], 18:39:17.460, FindMany mode[+lazy] type[Project] origin[B0B5of.BGCeS7.BNRK26] lazyLoadProp[name] load[path:project batch:1 actual:1] exeMicros[2859] rows[1] name[] predicates[t0.id = ?  ] bind[9] 
txn[1008], 18:39:22.654, select t0.id as c0, t0.title as c1, t0.done as c2, t0.due_date as c3, t0.folder as c4, t0.project_id as c5  from task t0  where t0.project_id = ?  
txn[1008], 18:39:22.656, FindMany type[Task] origin[Bm7UHS.BGCeS7.B7IdYF] exeMicros[1769] rows[8] name[] predicates[t0.project_id = ? ] bind[1] 
txn[1009], 18:39:27.174, select t0.id as c0, t0.title as c1, t0.done as c2, t0.due_date as c3, t0.folder as c4, t0.project_id as c5  from task t0  where t0.project_id = ?  
txn[1009], 18:39:27.176, FindMany type[Task] origin[Bm7UHS.BGCeS7.B7IdYF] exeMicros[1493] rows[1] name[] predicates[t0.project_id = ? ] bind[2] 
txn[1010], 18:39:28.396, select t0.id as c0, t0.title as c1, t0.done as c2, t0.due_date as c3, t0.folder as c4, t0.project_id as c5  from task t0  where t0.project_id = ?  
txn[1010], 18:39:28.397, FindMany type[Task] origin[Bm7UHS.BGCeS7.B7IdYF] exeMicros[1239] rows[0] name[] predicates[t0.project_id = ? ] bind[3] 
txn[1011], 18:39:31.776, select t0.id as c0, t0.title as c1, t0.done as c2, t0.due_date as c3, t0.folder as c4, t0.project_id as c5  from task t0  where t0.project_id = ?  
txn[1011], 18:39:31.777, FindMany type[Task] origin[Bm7UHS.BGCeS7.B7IdYF] exeMicros[1687] rows[1] name[] predicates[t0.project_id = ? ] bind[2] 
txn[1012], 18:39:34.548, select t0.id as c0, t0.title as c1, t0.done as c2, t0.due_date as c3, t0.folder as c4, t0.project_id as c5  from task t0  where t0.project_id = ?  
txn[1012], 18:39:34.550, FindMany type[Task] origin[Bm7UHS.BGCeS7.B7IdYF] exeMicros[1648] rows[1] name[] predicates[t0.project_id = ? ] bind[2] 
txn[1013], 18:40:12.063, select t0.id as c0, t0.title as c1, t0.done as c2, t0.due_date as c3, t0.folder as c4, t0.project_id as c5  from task t0  where t0.project_id = ?  
txn[1013], 18:40:12.064, FindMany type[Task] origin[Bm7UHS.BGCeS7.B7IdYF] exeMicros[787] rows[1] name[] predicates[t0.project_id = ? ] bind[4] 
txn[1014], 18:41:43.388, select t0.id as c0, t0.title as c1, t0.done as c2, t0.due_date as c3, t0.folder as c4, t0.project_id as c5  from task t0  where t0.project_id = ?  
txn[1014], 18:41:43.389, FindMany type[Task] origin[Bm7UHS.BGCeS7.B7IdYF] exeMicros[489] rows[0] name[] predicates[t0.project_id = ? ] bind[5] 
txn[1015], 18:41:44.843, select t0.id as c0, t0.title as c1, t0.done as c2, t0.due_date as c3, t0.folder as c4, t0.project_id as c5  from task t0  where t0.project_id = ?  
txn[1015], 18:41:44.843, FindMany type[Task] origin[Bm7UHS.BGCeS7.B7IdYF] exeMicros[860] rows[1] name[] predicates[t0.project_id = ? ] bind[4] 
txn[1016], 18:41:46.441, select t0.id as c0, t0.title as c1, t0.done as c2, t0.due_date as c3, t0.folder as c4, t0.project_id as c5  from task t0  where t0.project_id = ?  
txn[1016], 18:41:46.442, FindMany type[Task] origin[Bm7UHS.BGCeS7.B7IdYF] exeMicros[1436] rows[8] name[] predicates[t0.project_id = ? ] bind[1] 
txn[1001], 18:53:40.350, select t0.id as c0, t0.name as c1, t0.folder as c2  from project t0 
txn[1001], 18:53:40.373, FindMany type[Project] origin[GZ9o4.BWY1YJ.Cf3TUa] exeMicros[23071] rows[9] name[] predicates[] bind[] 
txn[1002], 18:53:40.406, select t0.id as c0, t0.title as c1, t0.done as c2, t0.due_date as c3, t0.folder as c4, t0.project_id as c5  from task t0 
txn[1002], 18:53:40.410, FindMany type[Task] origin[B0B5of.BGCeS7.BNRK26] exeMicros[4624] rows[12] name[] predicates[] bind[] 
txn[1003], 18:53:40.419, select t0.id as c0, t0.name as c1, t0.folder as c2  from project t0  where t0.id = ?   
txn[1003], 18:53:40.422, FindMany mode[+lazy] type[Project] origin[B0B5of.BGCeS7.BNRK26] lazyLoadProp[name] load[path:project batch:1 actual:1] exeMicros[3445] rows[1] name[] predicates[t0.id = ?  ] bind[1] 
txn[1004], 18:53:40.449, select t0.id as c0, t0.name as c1, t0.folder as c2  from project t0  where t0.id = ?   
txn[1004], 18:53:40.450, FindMany mode[+lazy] type[Project] origin[B0B5of.BGCeS7.BNRK26] lazyLoadProp[name] load[path:project batch:1 actual:1] exeMicros[1354] rows[1] name[] predicates[t0.id = ?  ] bind[2] 
txn[1005], 18:53:40.474, select t0.id as c0, t0.name as c1, t0.folder as c2  from project t0  where t0.id = ?   
txn[1005], 18:53:40.475, FindMany mode[+lazy] type[Project] origin[B0B5of.BGCeS7.BNRK26] lazyLoadProp[name] load[path:project batch:1 actual:1] exeMicros[1415] rows[1] name[] predicates[t0.id = ?  ] bind[4] 
txn[1006], 18:53:40.502, select t0.id as c0, t0.name as c1, t0.folder as c2  from project t0  where t0.id = ?   
txn[1006], 18:53:40.503, FindMany mode[+lazy] type[Project] origin[B0B5of.BGCeS7.BNRK26] lazyLoadProp[name] load[path:project batch:1 actual:1] exeMicros[1726] rows[1] name[] predicates[t0.id = ?  ] bind[7] 
txn[1007], 18:53:40.527, select t0.id as c0, t0.name as c1, t0.folder as c2  from project t0  where t0.id = ?   
txn[1007], 18:53:40.529, FindMany mode[+lazy] type[Project] origin[B0B5of.BGCeS7.BNRK26] lazyLoadProp[name] load[path:project batch:1 actual:1] exeMicros[1487] rows[1] name[] predicates[t0.id = ?  ] bind[9] 
txn[1008], 18:53:47.271, select t0.id as c0, t0.title as c1, t0.done as c2, t0.due_date as c3, t0.folder as c4, t0.project_id as c5  from task t0  where t0.project_id = ?  
txn[1008], 18:53:47.273, FindMany type[Task] origin[Bm7UHS.BGCeS7.B7IdYF] exeMicros[1474] rows[1] name[] predicates[t0.project_id = ? ] bind[4] 
txn[1009], 18:57:08.099, select t0.id as c0, t0.title as c1, t0.done as c2, t0.due_date as c3, t0.folder as c4, t0.project_id as c5  from task t0  where t0.project_id = ?  
txn[1009], 18:57:08.100, FindMany type[Task] origin[Bm7UHS.BGCeS7.B7IdYF] exeMicros[1585] rows[1] name[] predicates[t0.project_id = ? ] bind[4] 
txn[1010], 18:57:09.348, select t0.id as c0, t0.title as c1, t0.done as c2, t0.due_date as c3, t0.folder as c4, t0.project_id as c5  from task t0  where t0.project_id = ?  
txn[1010], 18:57:09.349, FindMany type[Task] origin[Bm7UHS.BGCeS7.B7IdYF] exeMicros[1094] rows[0] name[] predicates[t0.project_id = ? ] bind[5] 
txn[1011], 18:57:13.415, select t0.id as c0, t0.title as c1, t0.done as c2, t0.due_date as c3, t0.folder as c4, t0.project_id as c5  from task t0  where t0.project_id = ?  
txn[1011], 18:57:13.417, FindMany type[Task] origin[Bm7UHS.BGCeS7.B7IdYF] exeMicros[1510] rows[1] name[] predicates[t0.project_id = ? ] bind[2] 
txn[1012], 18:57:15.695, select t0.id as c0, t0.title as c1, t0.done as c2, t0.due_date as c3, t0.folder as c4, t0.project_id as c5  from task t0  where t0.project_id = ?  
txn[1012], 18:57:15.698, FindMany type[Task] origin[Bm7UHS.BGCeS7.B7IdYF] exeMicros[2353] rows[8] name[] predicates[t0.project_id = ? ] bind[1] 
